Analysis & Synthesis report for ramBus
Mon Nov 17 16:14:08 2014
Quartus II 64-Bit Version 13.1.0 Build 162 10/23/2013 SJ Web Edition


---------------------
; Table of Contents ;
---------------------
  1. Legal Notice
  2. Analysis & Synthesis Summary
  3. Analysis & Synthesis Settings
  4. Parallel Compilation
  5. Analysis & Synthesis Source Files Read
  6. Analysis & Synthesis Resource Usage Summary
  7. Analysis & Synthesis Resource Utilization by Entity
  8. Analysis & Synthesis RAM Summary
  9. Analysis & Synthesis IP Cores Summary
 10. State Machine - |ramBus|controller:ct|present_state
 11. Registers Removed During Synthesis
 12. General Register Statistics
 13. Inverted Register Statistics
 14. Multiplexer Restructuring Statistics (Restructuring Performed)
 15. Source assignments for lab7ram:rm|altsyncram:altsyncram_component|altsyncram_lmv3:auto_generated|altsyncram_m1t2:altsyncram1
 16. Parameter Settings for User Entity Instance: lab7ram:rm|altsyncram:altsyncram_component
 17. altsyncram Parameter Settings by Entity Instance
 18. In-System Memory Content Editor Settings
 19. Elapsed Time Per Partition
 20. Analysis & Synthesis Messages



----------------
; Legal Notice ;
----------------
Copyright (C) 1991-2013 Altera Corporation
Your use of Altera Corporation's design tools, logic functions 
and other software and tools, and its AMPP partner logic 
functions, and any output files from any of the foregoing 
(including device programming or simulation files), and any 
associated documentation or information are expressly subject 
to the terms and conditions of the Altera Program License 
Subscription Agreement, Altera MegaCore Function License 
Agreement, or other applicable license agreement, including, 
without limitation, that your use is for the sole purpose of 
programming logic devices manufactured by Altera and sold by 
Altera or its authorized distributors.  Please refer to the 
applicable agreement for further details.



+---------------------------------------------------------------------------------+
; Analysis & Synthesis Summary                                                    ;
+------------------------------------+--------------------------------------------+
; Analysis & Synthesis Status        ; Successful - Mon Nov 17 16:14:08 2014      ;
; Quartus II 64-Bit Version          ; 13.1.0 Build 162 10/23/2013 SJ Web Edition ;
; Revision Name                      ; ramBus                                     ;
; Top-level Entity Name              ; ramBus                                     ;
; Family                             ; Cyclone III                                ;
; Total logic elements               ; 244                                        ;
;     Total combinational functions  ; 209                                        ;
;     Dedicated logic registers      ; 144                                        ;
; Total registers                    ; 144                                        ;
; Total pins                         ; 27                                         ;
; Total virtual pins                 ; 0                                          ;
; Total memory bits                  ; 2,048                                      ;
; Embedded Multiplier 9-bit elements ; 0                                          ;
; Total PLLs                         ; 0                                          ;
+------------------------------------+--------------------------------------------+


+----------------------------------------------------------------------------------------------------------------------+
; Analysis & Synthesis Settings                                                                                        ;
+----------------------------------------------------------------------------+--------------------+--------------------+
; Option                                                                     ; Setting            ; Default Value      ;
+----------------------------------------------------------------------------+--------------------+--------------------+
; Device                                                                     ; EP3C16F484C6       ;                    ;
; Top-level entity name                                                      ; ramBus             ; ramBus             ;
; Family name                                                                ; Cyclone III        ; Cyclone IV GX      ;
; Use smart compilation                                                      ; Off                ; Off                ;
; Enable parallel Assembler and TimeQuest Timing Analyzer during compilation ; On                 ; On                 ;
; Enable compact report table                                                ; Off                ; Off                ;
; Restructure Multiplexers                                                   ; Auto               ; Auto               ;
; Create Debugging Nodes for IP Cores                                        ; Off                ; Off                ;
; Preserve fewer node names                                                  ; On                 ; On                 ;
; Disable OpenCore Plus hardware evaluation                                  ; Off                ; Off                ;
; Verilog Version                                                            ; Verilog_2001       ; Verilog_2001       ;
; VHDL Version                                                               ; VHDL_1993          ; VHDL_1993          ;
; State Machine Processing                                                   ; Auto               ; Auto               ;
; Safe State Machine                                                         ; Off                ; Off                ;
; Extract Verilog State Machines                                             ; On                 ; On                 ;
; Extract VHDL State Machines                                                ; On                 ; On                 ;
; Ignore Verilog initial constructs                                          ; Off                ; Off                ;
; Iteration limit for constant Verilog loops                                 ; 5000               ; 5000               ;
; Iteration limit for non-constant Verilog loops                             ; 250                ; 250                ;
; Add Pass-Through Logic to Inferred RAMs                                    ; On                 ; On                 ;
; Infer RAMs from Raw Logic                                                  ; On                 ; On                 ;
; Parallel Synthesis                                                         ; On                 ; On                 ;
; DSP Block Balancing                                                        ; Auto               ; Auto               ;
; NOT Gate Push-Back                                                         ; On                 ; On                 ;
; Power-Up Don't Care                                                        ; On                 ; On                 ;
; Remove Redundant Logic Cells                                               ; Off                ; Off                ;
; Remove Duplicate Registers                                                 ; On                 ; On                 ;
; Ignore CARRY Buffers                                                       ; Off                ; Off                ;
; Ignore CASCADE Buffers                                                     ; Off                ; Off                ;
; Ignore GLOBAL Buffers                                                      ; Off                ; Off                ;
; Ignore ROW GLOBAL Buffers                                                  ; Off                ; Off                ;
; Ignore LCELL Buffers                                                       ; Off                ; Off                ;
; Ignore SOFT Buffers                                                        ; On                 ; On                 ;
; Limit AHDL Integers to 32 Bits                                             ; Off                ; Off                ;
; Optimization Technique                                                     ; Balanced           ; Balanced           ;
; Carry Chain Length                                                         ; 70                 ; 70                 ;
; Auto Carry Chains                                                          ; On                 ; On                 ;
; Auto Open-Drain Pins                                                       ; On                 ; On                 ;
; Perform WYSIWYG Primitive Resynthesis                                      ; Off                ; Off                ;
; Auto ROM Replacement                                                       ; On                 ; On                 ;
; Auto RAM Replacement                                                       ; On                 ; On                 ;
; Auto DSP Block Replacement                                                 ; On                 ; On                 ;
; Auto Shift Register Replacement                                            ; Auto               ; Auto               ;
; Allow Shift Register Merging across Hierarchies                            ; Auto               ; Auto               ;
; Auto Clock Enable Replacement                                              ; On                 ; On                 ;
; Strict RAM Replacement                                                     ; Off                ; Off                ;
; Allow Synchronous Control Signals                                          ; On                 ; On                 ;
; Force Use of Synchronous Clear Signals                                     ; Off                ; Off                ;
; Auto RAM Block Balancing                                                   ; On                 ; On                 ;
; Auto RAM to Logic Cell Conversion                                          ; Off                ; Off                ;
; Auto Resource Sharing                                                      ; Off                ; Off                ;
; Allow Any RAM Size For Recognition                                         ; Off                ; Off                ;
; Allow Any ROM Size For Recognition                                         ; Off                ; Off                ;
; Allow Any Shift Register Size For Recognition                              ; Off                ; Off                ;
; Use LogicLock Constraints during Resource Balancing                        ; On                 ; On                 ;
; Ignore translate_off and synthesis_off directives                          ; Off                ; Off                ;
; Timing-Driven Synthesis                                                    ; On                 ; On                 ;
; Report Parameter Settings                                                  ; On                 ; On                 ;
; Report Source Assignments                                                  ; On                 ; On                 ;
; Report Connectivity Checks                                                 ; On                 ; On                 ;
; Ignore Maximum Fan-Out Assignments                                         ; Off                ; Off                ;
; Synchronization Register Chain Length                                      ; 2                  ; 2                  ;
; PowerPlay Power Optimization                                               ; Normal compilation ; Normal compilation ;
; HDL message level                                                          ; Level2             ; Level2             ;
; Suppress Register Optimization Related Messages                            ; Off                ; Off                ;
; Number of Removed Registers Reported in Synthesis Report                   ; 5000               ; 5000               ;
; Number of Swept Nodes Reported in Synthesis Report                         ; 5000               ; 5000               ;
; Number of Inverted Registers Reported in Synthesis Report                  ; 100                ; 100                ;
; Clock MUX Protection                                                       ; On                 ; On                 ;
; Auto Gated Clock Conversion                                                ; Off                ; Off                ;
; Block Design Naming                                                        ; Auto               ; Auto               ;
; SDC constraint protection                                                  ; Off                ; Off                ;
; Synthesis Effort                                                           ; Auto               ; Auto               ;
; Shift Register Replacement - Allow Asynchronous Clear Signal               ; On                 ; On                 ;
; Pre-Mapping Resynthesis Optimization                                       ; Off                ; Off                ;
; Analysis & Synthesis Message Level                                         ; Medium             ; Medium             ;
; Disable Register Merging Across Hierarchies                                ; Auto               ; Auto               ;
; Resource Aware Inference For Block RAM                                     ; On                 ; On                 ;
; Synthesis Seed                                                             ; 1                  ; 1                  ;
+----------------------------------------------------------------------------+--------------------+--------------------+


Parallel compilation was disabled, but you have multiple processors available. Enable parallel compilation to reduce compilation time.
+-------------------------------------+
; Parallel Compilation                ;
+----------------------------+--------+
; Processors                 ; Number ;
+----------------------------+--------+
; Number detected on machine ; 4      ;
; Maximum allowed            ; 1      ;
+----------------------------+--------+


+---------------------------------------------------------------------------------------------------------------------------------------------------------------------------------------------+
; Analysis & Synthesis Source Files Read                                                                                                                                                      ;
+-------------------------------------------------+-----------------+----------------------------------------+----------------------------------------------------------------------+---------+
; File Name with User-Entered Path                ; Used in Netlist ; File Type                              ; File Name with Absolute Path                                         ; Library ;
+-------------------------------------------------+-----------------+----------------------------------------+----------------------------------------------------------------------+---------+
; tri8.vhd                                        ; yes             ; User VHDL File                         ; D:/Dropbox/EEL4712/Lab7/Part3/Quartus/tri8.vhd                       ;         ;
; regTri8.vhd                                     ; yes             ; User VHDL File                         ; D:/Dropbox/EEL4712/Lab7/Part3/Quartus/regTri8.vhd                    ;         ;
; reg8.vhd                                        ; yes             ; User VHDL File                         ; D:/Dropbox/EEL4712/Lab7/Part3/Quartus/reg8.vhd                       ;         ;
; ramBus.vhd                                      ; yes             ; User VHDL File                         ; D:/Dropbox/EEL4712/Lab7/Part3/Quartus/ramBus.vhd                     ;         ;
; decoder7seg.vhd                                 ; yes             ; User VHDL File                         ; D:/Dropbox/EEL4712/Lab7/Part3/Quartus/decoder7seg.vhd                ;         ;
; debounce.vhd                                    ; yes             ; User VHDL File                         ; D:/Dropbox/EEL4712/Lab7/Part3/Quartus/debounce.vhd                   ;         ;
; ramGEN.vhd                                      ; yes             ; User VHDL File                         ; D:/Dropbox/EEL4712/Lab7/Part3/Quartus/ramGEN.vhd                     ;         ;
; lab7ram.vhd                                     ; yes             ; User Wizard-Generated File             ; D:/Dropbox/EEL4712/Lab7/Part3/Quartus/lab7ram.vhd                    ;         ;
; controller.vhd                                  ; yes             ; User VHDL File                         ; D:/Dropbox/EEL4712/Lab7/Part3/Quartus/controller.vhd                 ;         ;
; altsyncram.tdf                                  ; yes             ; Megafunction                           ; d:/altera/13.1/quartus/libraries/megafunctions/altsyncram.tdf        ;         ;
; stratix_ram_block.inc                           ; yes             ; Megafunction                           ; d:/altera/13.1/quartus/libraries/megafunctions/stratix_ram_block.inc ;         ;
; lpm_mux.inc                                     ; yes             ; Megafunction                           ; d:/altera/13.1/quartus/libraries/megafunctions/lpm_mux.inc           ;         ;
; lpm_decode.inc                                  ; yes             ; Megafunction                           ; d:/altera/13.1/quartus/libraries/megafunctions/lpm_decode.inc        ;         ;
; aglobal131.inc                                  ; yes             ; Megafunction                           ; d:/altera/13.1/quartus/libraries/megafunctions/aglobal131.inc        ;         ;
; a_rdenreg.inc                                   ; yes             ; Megafunction                           ; d:/altera/13.1/quartus/libraries/megafunctions/a_rdenreg.inc         ;         ;
; altrom.inc                                      ; yes             ; Megafunction                           ; d:/altera/13.1/quartus/libraries/megafunctions/altrom.inc            ;         ;
; altram.inc                                      ; yes             ; Megafunction                           ; d:/altera/13.1/quartus/libraries/megafunctions/altram.inc            ;         ;
; altdpram.inc                                    ; yes             ; Megafunction                           ; d:/altera/13.1/quartus/libraries/megafunctions/altdpram.inc          ;         ;
; db/altsyncram_lmv3.tdf                          ; yes             ; Auto-Generated Megafunction            ; D:/Dropbox/EEL4712/Lab7/Part3/Quartus/db/altsyncram_lmv3.tdf         ;         ;
; db/altsyncram_m1t2.tdf                          ; yes             ; Auto-Generated Megafunction            ; D:/Dropbox/EEL4712/Lab7/Part3/Quartus/db/altsyncram_m1t2.tdf         ;         ;
; /dropbox/eel4712/lab7/lab7vhdlfiles/ramdata.mif ; yes             ; Auto-Found Memory Initialization File  ; /dropbox/eel4712/lab7/lab7vhdlfiles/ramdata.mif                      ;         ;
; sld_mod_ram_rom.vhd                             ; yes             ; Encrypted Megafunction                 ; d:/altera/13.1/quartus/libraries/megafunctions/sld_mod_ram_rom.vhd   ;         ;
; sld_rom_sr.vhd                                  ; yes             ; Encrypted Megafunction                 ; d:/altera/13.1/quartus/libraries/megafunctions/sld_rom_sr.vhd        ;         ;
; sld_hub.vhd                                     ; yes             ; Encrypted Megafunction                 ; d:/altera/13.1/quartus/libraries/megafunctions/sld_hub.vhd           ;         ;
; sld_jtag_hub.vhd                                ; yes             ; Encrypted Megafunction                 ; d:/altera/13.1/quartus/libraries/megafunctions/sld_jtag_hub.vhd      ;         ;
+-------------------------------------------------+-----------------+----------------------------------------+----------------------------------------------------------------------+---------+


+------------------------------------------------------------------------+
; Analysis & Synthesis Resource Usage Summary                            ;
+---------------------------------------------+--------------------------+
; Resource                                    ; Usage                    ;
+---------------------------------------------+--------------------------+
; Estimated Total logic elements              ; 244                      ;
;                                             ;                          ;
; Total combinational functions               ; 209                      ;
; Logic element usage by number of LUT inputs ;                          ;
;     -- 4 input functions                    ; 97                       ;
;     -- 3 input functions                    ; 42                       ;
;     -- <=2 input functions                  ; 70                       ;
;                                             ;                          ;
; Logic elements by mode                      ;                          ;
;     -- normal mode                          ; 188                      ;
;     -- arithmetic mode                      ; 21                       ;
;                                             ;                          ;
; Total registers                             ; 144                      ;
;     -- Dedicated logic registers            ; 144                      ;
;     -- I/O registers                        ; 0                        ;
;                                             ;                          ;
; I/O pins                                    ; 27                       ;
; Total memory bits                           ; 2048                     ;
; Embedded Multiplier 9-bit elements          ; 0                        ;
; Maximum fan-out node                        ; altera_internal_jtag~TDO ;
; Maximum fan-out                             ; 145                      ;
; Total fan-out                               ; 1346                     ;
; Average fan-out                             ; 3.17                     ;
+---------------------------------------------+--------------------------+


+-----------------------------------------------------------------------------------------------------------------------------------------------------------------------------------------------------------------------------------------------------------------------------------------------------------------------------------------------------------------------+
; Analysis & Synthesis Resource Utilization by Entity                                                                                                                                                                                                                                                                                                                   ;
+------------------------------------------------------------------------+-------------------+--------------+-------------+--------------+---------+-----------+------+--------------+-------------------------------------------------------------------------------------------------------------------------------------------------------------------+--------------+
; Compilation Hierarchy Node                                             ; LC Combinationals ; LC Registers ; Memory Bits ; DSP Elements ; DSP 9x9 ; DSP 18x18 ; Pins ; Virtual Pins ; Full Hierarchy Name                                                                                                                                               ; Library Name ;
+------------------------------------------------------------------------+-------------------+--------------+-------------+--------------+---------+-----------+------+--------------+-------------------------------------------------------------------------------------------------------------------------------------------------------------------+--------------+
; |ramBus                                                                ; 209 (9)           ; 144 (0)      ; 2048        ; 0            ; 0       ; 0         ; 27   ; 0            ; |ramBus                                                                                                                                                           ; work         ;
;    |controller:ct|                                                     ; 8 (8)             ; 5 (5)        ; 0           ; 0            ; 0       ; 0         ; 0    ; 0            ; |ramBus|controller:ct                                                                                                                                             ; work         ;
;    |debounce:db|                                                       ; 1 (1)             ; 2 (2)        ; 0           ; 0            ; 0       ; 0         ; 0    ; 0            ; |ramBus|debounce:db                                                                                                                                               ; work         ;
;    |decoder7seg:LH|                                                    ; 7 (7)             ; 0 (0)        ; 0           ; 0            ; 0       ; 0         ; 0    ; 0            ; |ramBus|decoder7seg:LH                                                                                                                                            ; work         ;
;    |decoder7seg:LL|                                                    ; 7 (7)             ; 0 (0)        ; 0           ; 0            ; 0       ; 0         ; 0    ; 0            ; |ramBus|decoder7seg:LL                                                                                                                                            ; work         ;
;    |lab7ram:rm|                                                        ; 56 (0)            ; 33 (0)       ; 2048        ; 0            ; 0       ; 0         ; 0    ; 0            ; |ramBus|lab7ram:rm                                                                                                                                                ; work         ;
;       |altsyncram:altsyncram_component|                                ; 56 (0)            ; 33 (0)       ; 2048        ; 0            ; 0       ; 0         ; 0    ; 0            ; |ramBus|lab7ram:rm|altsyncram:altsyncram_component                                                                                                                ; work         ;
;          |altsyncram_lmv3:auto_generated|                              ; 56 (0)            ; 33 (0)       ; 2048        ; 0            ; 0       ; 0         ; 0    ; 0            ; |ramBus|lab7ram:rm|altsyncram:altsyncram_component|altsyncram_lmv3:auto_generated                                                                                 ; work         ;
;             |altsyncram_m1t2:altsyncram1|                              ; 0 (0)             ; 0 (0)        ; 2048        ; 0            ; 0       ; 0         ; 0    ; 0            ; |ramBus|lab7ram:rm|altsyncram:altsyncram_component|altsyncram_lmv3:auto_generated|altsyncram_m1t2:altsyncram1                                                     ; work         ;
;             |sld_mod_ram_rom:mgl_prim2|                                ; 56 (36)           ; 33 (25)      ; 0           ; 0            ; 0       ; 0         ; 0    ; 0            ; |ramBus|lab7ram:rm|altsyncram:altsyncram_component|altsyncram_lmv3:auto_generated|sld_mod_ram_rom:mgl_prim2                                                       ; work         ;
;                |sld_rom_sr:\ram_rom_logic_gen:no_name_gen:info_rom_sr| ; 20 (20)           ; 8 (8)        ; 0           ; 0            ; 0       ; 0         ; 0    ; 0            ; |ramBus|lab7ram:rm|altsyncram:altsyncram_component|altsyncram_lmv3:auto_generated|sld_mod_ram_rom:mgl_prim2|sld_rom_sr:\ram_rom_logic_gen:no_name_gen:info_rom_sr ; work         ;
;    |ramGEN:rg|                                                         ; 8 (8)             ; 8 (8)        ; 0           ; 0            ; 0       ; 0         ; 0    ; 0            ; |ramBus|ramGEN:rg                                                                                                                                                 ; work         ;
;    |reg8:rb|                                                           ; 0 (0)             ; 8 (8)        ; 0           ; 0            ; 0       ; 0         ; 0    ; 0            ; |ramBus|reg8:rb                                                                                                                                                   ; work         ;
;    |regTri8:ra|                                                        ; 0 (0)             ; 8 (8)        ; 0           ; 0            ; 0       ; 0         ; 0    ; 0            ; |ramBus|regTri8:ra                                                                                                                                                ; work         ;
;    |sld_hub:auto_hub|                                                  ; 113 (1)           ; 80 (0)       ; 0           ; 0            ; 0       ; 0         ; 0    ; 0            ; |ramBus|sld_hub:auto_hub                                                                                                                                          ; work         ;
;       |sld_jtag_hub:\jtag_hub_gen:sld_jtag_hub_inst|                   ; 112 (75)          ; 80 (52)      ; 0           ; 0            ; 0       ; 0         ; 0    ; 0            ; |ramBus|sld_hub:auto_hub|sld_jtag_hub:\jtag_hub_gen:sld_jtag_hub_inst                                                                                             ; work         ;
;          |sld_rom_sr:hub_info_reg|                                     ; 20 (20)           ; 9 (9)        ; 0           ; 0            ; 0       ; 0         ; 0    ; 0            ; |ramBus|sld_hub:auto_hub|sld_jtag_hub:\jtag_hub_gen:sld_jtag_hub_inst|sld_rom_sr:hub_info_reg                                                                     ; work         ;
;          |sld_shadow_jsm:shadow_jsm|                                   ; 17 (17)           ; 19 (19)      ; 0           ; 0            ; 0       ; 0         ; 0    ; 0            ; |ramBus|sld_hub:auto_hub|sld_jtag_hub:\jtag_hub_gen:sld_jtag_hub_inst|sld_shadow_jsm:shadow_jsm                                                                   ; work         ;
+------------------------------------------------------------------------+-------------------+--------------+-------------+--------------+---------+-----------+------+--------------+-------------------------------------------------------------------------------------------------------------------------------------------------------------------+--------------+
Note: For table entries with two numbers listed, the numbers in parentheses indicate the number of resources of the given type used by the specific entity alone. The numbers listed outside of parentheses indicate the total resources of the given type used by the specific entity and all of its sub-entities in the hierarchy.


+-----------------------------------------------------------------------------------------------------------------------------------------------------------------------------------------------------------------------------------------------+
; Analysis & Synthesis RAM Summary                                                                                                                                                                                                              ;
+------------------------------------------------------------------------------------------------------------------+------+----------------+--------------+--------------+--------------+--------------+------+---------------------------------+
; Name                                                                                                             ; Type ; Mode           ; Port A Depth ; Port A Width ; Port B Depth ; Port B Width ; Size ; MIF                             ;
+------------------------------------------------------------------------------------------------------------------+------+----------------+--------------+--------------+--------------+--------------+------+---------------------------------+
; lab7ram:rm|altsyncram:altsyncram_component|altsyncram_lmv3:auto_generated|altsyncram_m1t2:altsyncram1|ALTSYNCRAM ; AUTO ; True Dual Port ; 256          ; 8            ; 256          ; 8            ; 2048 ; ../../Lab7vhdlFiles/ramdata.mif ;
+------------------------------------------------------------------------------------------------------------------+------+----------------+--------------+--------------+--------------+--------------+------+---------------------------------+


+----------------------------------------------------------------------------------------------------------------------------------------+
; Analysis & Synthesis IP Cores Summary                                                                                                  ;
+--------+--------------+---------+--------------+--------------+--------------------+---------------------------------------------------+
; Vendor ; IP Core Name ; Version ; Release Date ; License Type ; Entity Instance    ; IP Include File                                   ;
+--------+--------------+---------+--------------+--------------+--------------------+---------------------------------------------------+
; Altera ; RAM: 1-PORT  ; 13.1    ; N/A          ; N/A          ; |ramBus|lab7ram:rm ; D:/Dropbox/EEL4712/Lab7/Part3/Quartus/lab7ram.vhd ;
+--------+--------------+---------+--------------+--------------+--------------------+---------------------------------------------------+


Encoding Type:  One-Hot
+-------------------------------------------------------------------------------------------------------------------------+
; State Machine - |ramBus|controller:ct|present_state                                                                     ;
+--------------------+--------------------+-------------------+-------------------+-------------------+-------------------+
; Name               ; present_state.addr ; present_state.s11 ; present_state.s10 ; present_state.s01 ; present_state.s00 ;
+--------------------+--------------------+-------------------+-------------------+-------------------+-------------------+
; present_state.s00  ; 0                  ; 0                 ; 0                 ; 0                 ; 0                 ;
; present_state.s01  ; 0                  ; 0                 ; 0                 ; 1                 ; 1                 ;
; present_state.s10  ; 0                  ; 0                 ; 1                 ; 0                 ; 1                 ;
; present_state.s11  ; 0                  ; 1                 ; 0                 ; 0                 ; 1                 ;
; present_state.addr ; 1                  ; 0                 ; 0                 ; 0                 ; 1                 ;
+--------------------+--------------------+-------------------+-------------------+-------------------+-------------------+


+-----------------------------------------------------------------------------------------------------------------------------------------------------------------------------+
; Registers Removed During Synthesis                                                                                                                                          ;
+------------------------------------------------------------------------------------------------------------------------------------+----------------------------------------+
; Register name                                                                                                                      ; Reason for Removal                     ;
+------------------------------------------------------------------------------------------------------------------------------------+----------------------------------------+
; regTri8:ra|Q[0]~en                                                                                                                 ; Lost fanout                            ;
; regTri8:ra|Q[1]~en                                                                                                                 ; Lost fanout                            ;
; regTri8:ra|Q[2]~en                                                                                                                 ; Lost fanout                            ;
; regTri8:ra|Q[3]~en                                                                                                                 ; Lost fanout                            ;
; regTri8:ra|Q[4]~en                                                                                                                 ; Lost fanout                            ;
; regTri8:ra|Q[5]~en                                                                                                                 ; Lost fanout                            ;
; regTri8:ra|Q[6]~en                                                                                                                 ; Lost fanout                            ;
; regTri8:ra|Q[7]~en                                                                                                                 ; Lost fanout                            ;
; lab7ram:rm|altsyncram:altsyncram_component|altsyncram_lmv3:auto_generated|sld_mod_ram_rom:mgl_prim2|ram_rom_data_shift_cntr_reg[3] ; Stuck at GND due to stuck port data_in ;
; Total Number of Removed Registers = 9                                                                                              ;                                        ;
+------------------------------------------------------------------------------------------------------------------------------------+----------------------------------------+


+------------------------------------------------------+
; General Register Statistics                          ;
+----------------------------------------------+-------+
; Statistic                                    ; Value ;
+----------------------------------------------+-------+
; Total registers                              ; 144   ;
; Number of registers using Synchronous Clear  ; 12    ;
; Number of registers using Synchronous Load   ; 19    ;
; Number of registers using Asynchronous Clear ; 53    ;
; Number of registers using Asynchronous Load  ; 0     ;
; Number of registers using Clock Enable       ; 105   ;
; Number of registers using Preset             ; 0     ;
+----------------------------------------------+-------+


+----------------------------------------------------------------------------------------+
; Inverted Register Statistics                                                           ;
+------------------------------------------------------------------------------+---------+
; Inverted Register                                                            ; Fan out ;
+------------------------------------------------------------------------------+---------+
; sld_hub:auto_hub|sld_jtag_hub:\jtag_hub_gen:sld_jtag_hub_inst|tdo            ; 1       ;
; sld_hub:auto_hub|sld_jtag_hub:\jtag_hub_gen:sld_jtag_hub_inst|jtag_ir_reg[2] ; 2       ;
; sld_hub:auto_hub|sld_jtag_hub:\jtag_hub_gen:sld_jtag_hub_inst|jtag_ir_reg[1] ; 3       ;
; Total number of inverted registers = 3                                       ;         ;
+------------------------------------------------------------------------------+---------+


+-------------------------------------------------------------------------------------------------------------------------------------------------------------------------------------------------------------------------------------------------------------------------------------------------+
; Multiplexer Restructuring Statistics (Restructuring Performed)                                                                                                                                                                                                                                  ;
+--------------------+-----------+---------------+----------------------+------------------------+------------+-----------------------------------------------------------------------------------------------------------------------------------------------------------------------------------+
; Multiplexer Inputs ; Bus Width ; Baseline Area ; Area if Restructured ; Saving if Restructured ; Registered ; Example Multiplexer Output                                                                                                                                                        ;
+--------------------+-----------+---------------+----------------------+------------------------+------------+-----------------------------------------------------------------------------------------------------------------------------------------------------------------------------------+
; 3:1                ; 4 bits    ; 8 LEs         ; 4 LEs                ; 4 LEs                  ; Yes        ; |ramBus|lab7ram:rm|altsyncram:altsyncram_component|altsyncram_lmv3:auto_generated|sld_mod_ram_rom:mgl_prim2|ram_rom_data_shift_cntr_reg[3]                                        ;
; 3:1                ; 8 bits    ; 16 LEs        ; 8 LEs                ; 8 LEs                  ; Yes        ; |ramBus|lab7ram:rm|altsyncram:altsyncram_component|altsyncram_lmv3:auto_generated|sld_mod_ram_rom:mgl_prim2|ram_rom_data_reg[7]                                                   ;
; 3:1                ; 8 bits    ; 16 LEs        ; 8 LEs                ; 8 LEs                  ; Yes        ; |ramBus|lab7ram:rm|altsyncram:altsyncram_component|altsyncram_lmv3:auto_generated|sld_mod_ram_rom:mgl_prim2|ram_rom_addr_reg[6]                                                   ;
; 5:1                ; 4 bits    ; 12 LEs        ; 4 LEs                ; 8 LEs                  ; Yes        ; |ramBus|lab7ram:rm|altsyncram:altsyncram_component|altsyncram_lmv3:auto_generated|sld_mod_ram_rom:mgl_prim2|sld_rom_sr:\ram_rom_logic_gen:no_name_gen:info_rom_sr|word_counter[3] ;
; 16:1               ; 4 bits    ; 40 LEs        ; 24 LEs               ; 16 LEs                 ; Yes        ; |ramBus|lab7ram:rm|altsyncram:altsyncram_component|altsyncram_lmv3:auto_generated|sld_mod_ram_rom:mgl_prim2|sld_rom_sr:\ram_rom_logic_gen:no_name_gen:info_rom_sr|WORD_SR[0]      ;
; 3:1                ; 4 bits    ; 8 LEs         ; 4 LEs                ; 4 LEs                  ; Yes        ; |ramBus|sld_hub:auto_hub|sld_jtag_hub:\jtag_hub_gen:sld_jtag_hub_inst|hub_minor_ver_reg[0]                                                                                        ;
; 4:1                ; 5 bits    ; 10 LEs        ; 5 LEs                ; 5 LEs                  ; Yes        ; |ramBus|sld_hub:auto_hub|sld_jtag_hub:\jtag_hub_gen:sld_jtag_hub_inst|mixer_addr_reg[4]                                                                                           ;
; 5:1                ; 5 bits    ; 15 LEs        ; 5 LEs                ; 10 LEs                 ; Yes        ; |ramBus|sld_hub:auto_hub|sld_jtag_hub:\jtag_hub_gen:sld_jtag_hub_inst|sld_rom_sr:hub_info_reg|word_counter[1]                                                                     ;
; 6:1                ; 4 bits    ; 16 LEs        ; 4 LEs                ; 12 LEs                 ; Yes        ; |ramBus|sld_hub:auto_hub|sld_jtag_hub:\jtag_hub_gen:sld_jtag_hub_inst|irsr_reg[2]                                                                                                 ;
; 34:1               ; 4 bits    ; 88 LEs        ; 48 LEs               ; 40 LEs                 ; Yes        ; |ramBus|sld_hub:auto_hub|sld_jtag_hub:\jtag_hub_gen:sld_jtag_hub_inst|design_hash_reg[3]                                                                                          ;
; 20:1               ; 4 bits    ; 52 LEs        ; 32 LEs               ; 20 LEs                 ; Yes        ; |ramBus|sld_hub:auto_hub|sld_jtag_hub:\jtag_hub_gen:sld_jtag_hub_inst|sld_rom_sr:hub_info_reg|WORD_SR[1]                                                                          ;
+--------------------+-----------+---------------+----------------------+------------------------+------------+-----------------------------------------------------------------------------------------------------------------------------------------------------------------------------------+


+------------------------------------------------------------------------------------------------------------------------------+
; Source assignments for lab7ram:rm|altsyncram:altsyncram_component|altsyncram_lmv3:auto_generated|altsyncram_m1t2:altsyncram1 ;
+---------------------------------+--------------------+------+----------------------------------------------------------------+
; Assignment                      ; Value              ; From ; To                                                             ;
+---------------------------------+--------------------+------+----------------------------------------------------------------+
; OPTIMIZE_POWER_DURING_SYNTHESIS ; NORMAL_COMPILATION ; -    ; -                                                              ;
+---------------------------------+--------------------+------+----------------------------------------------------------------+


+-----------------------------------------------------------------------------------------+
; Parameter Settings for User Entity Instance: lab7ram:rm|altsyncram:altsyncram_component ;
+------------------------------------+---------------------------------+------------------+
; Parameter Name                     ; Value                           ; Type             ;
+------------------------------------+---------------------------------+------------------+
; BYTE_SIZE_BLOCK                    ; 8                               ; Untyped          ;
; AUTO_CARRY_CHAINS                  ; ON                              ; AUTO_CARRY       ;
; IGNORE_CARRY_BUFFERS               ; OFF                             ; IGNORE_CARRY     ;
; AUTO_CASCADE_CHAINS                ; ON                              ; AUTO_CASCADE     ;
; IGNORE_CASCADE_BUFFERS             ; OFF                             ; IGNORE_CASCADE   ;
; WIDTH_BYTEENA                      ; 1                               ; Untyped          ;
; OPERATION_MODE                     ; SINGLE_PORT                     ; Untyped          ;
; WIDTH_A                            ; 8                               ; Signed Integer   ;
; WIDTHAD_A                          ; 8                               ; Signed Integer   ;
; NUMWORDS_A                         ; 256                             ; Signed Integer   ;
; OUTDATA_REG_A                      ; UNREGISTERED                    ; Untyped          ;
; ADDRESS_ACLR_A                     ; NONE                            ; Untyped          ;
; OUTDATA_ACLR_A                     ; NONE                            ; Untyped          ;
; WRCONTROL_ACLR_A                   ; NONE                            ; Untyped          ;
; INDATA_ACLR_A                      ; NONE                            ; Untyped          ;
; BYTEENA_ACLR_A                     ; NONE                            ; Untyped          ;
; WIDTH_B                            ; 1                               ; Signed Integer   ;
; WIDTHAD_B                          ; 1                               ; Signed Integer   ;
; NUMWORDS_B                         ; 0                               ; Signed Integer   ;
; INDATA_REG_B                       ; CLOCK1                          ; Untyped          ;
; WRCONTROL_WRADDRESS_REG_B          ; CLOCK1                          ; Untyped          ;
; RDCONTROL_REG_B                    ; CLOCK1                          ; Untyped          ;
; ADDRESS_REG_B                      ; CLOCK1                          ; Untyped          ;
; OUTDATA_REG_B                      ; UNREGISTERED                    ; Untyped          ;
; BYTEENA_REG_B                      ; CLOCK1                          ; Untyped          ;
; INDATA_ACLR_B                      ; NONE                            ; Untyped          ;
; WRCONTROL_ACLR_B                   ; NONE                            ; Untyped          ;
; ADDRESS_ACLR_B                     ; NONE                            ; Untyped          ;
; OUTDATA_ACLR_B                     ; NONE                            ; Untyped          ;
; RDCONTROL_ACLR_B                   ; NONE                            ; Untyped          ;
; BYTEENA_ACLR_B                     ; NONE                            ; Untyped          ;
; WIDTH_BYTEENA_A                    ; 1                               ; Signed Integer   ;
; WIDTH_BYTEENA_B                    ; 1                               ; Signed Integer   ;
; RAM_BLOCK_TYPE                     ; AUTO                            ; Untyped          ;
; BYTE_SIZE                          ; 8                               ; Signed Integer   ;
; READ_DURING_WRITE_MODE_MIXED_PORTS ; DONT_CARE                       ; Untyped          ;
; READ_DURING_WRITE_MODE_PORT_A      ; NEW_DATA_NO_NBE_READ            ; Untyped          ;
; READ_DURING_WRITE_MODE_PORT_B      ; NEW_DATA_NO_NBE_READ            ; Untyped          ;
; INIT_FILE                          ; ../../Lab7vhdlFiles/ramdata.mif ; Untyped          ;
; INIT_FILE_LAYOUT                   ; PORT_A                          ; Untyped          ;
; MAXIMUM_DEPTH                      ; 0                               ; Signed Integer   ;
; CLOCK_ENABLE_INPUT_A               ; BYPASS                          ; Untyped          ;
; CLOCK_ENABLE_INPUT_B               ; NORMAL                          ; Untyped          ;
; CLOCK_ENABLE_OUTPUT_A              ; BYPASS                          ; Untyped          ;
; CLOCK_ENABLE_OUTPUT_B              ; NORMAL                          ; Untyped          ;
; CLOCK_ENABLE_CORE_A                ; USE_INPUT_CLKEN                 ; Untyped          ;
; CLOCK_ENABLE_CORE_B                ; USE_INPUT_CLKEN                 ; Untyped          ;
; ENABLE_ECC                         ; FALSE                           ; Untyped          ;
; ECC_PIPELINE_STAGE_ENABLED         ; FALSE                           ; Untyped          ;
; WIDTH_ECCSTATUS                    ; 3                               ; Signed Integer   ;
; DEVICE_FAMILY                      ; Cyclone III                     ; Untyped          ;
; CBXI_PARAMETER                     ; altsyncram_lmv3                 ; Untyped          ;
+------------------------------------+---------------------------------+------------------+
Note: In order to hide this table in the UI and the text report file, please set the "Show Parameter Settings in Synthesis Report" option in "Analysis and Synthesis Settings -> More Settings" to "Off".


+----------------------------------------------------------------------------------------+
; altsyncram Parameter Settings by Entity Instance                                       ;
+-------------------------------------------+--------------------------------------------+
; Name                                      ; Value                                      ;
+-------------------------------------------+--------------------------------------------+
; Number of entity instances                ; 1                                          ;
; Entity Instance                           ; lab7ram:rm|altsyncram:altsyncram_component ;
;     -- OPERATION_MODE                     ; SINGLE_PORT                                ;
;     -- WIDTH_A                            ; 8                                          ;
;     -- NUMWORDS_A                         ; 256                                        ;
;     -- OUTDATA_REG_A                      ; UNREGISTERED                               ;
;     -- WIDTH_B                            ; 1                                          ;
;     -- NUMWORDS_B                         ; 0                                          ;
;     -- ADDRESS_REG_B                      ; CLOCK1                                     ;
;     -- OUTDATA_REG_B                      ; UNREGISTERED                               ;
;     -- RAM_BLOCK_TYPE                     ; AUTO                                       ;
;     -- READ_DURING_WRITE_MODE_MIXED_PORTS ; DONT_CARE                                  ;
+-------------------------------------------+--------------------------------------------+


+---------------------------------------------------------------------------------------------------------------------------------------+
; In-System Memory Content Editor Settings                                                                                              ;
+----------------+-------------+-------+-------+------------+---------------------------------------------------------------------------+
; Instance Index ; Instance ID ; Width ; Depth ; Mode       ; Hierarchy Location                                                        ;
+----------------+-------------+-------+-------+------------+---------------------------------------------------------------------------+
; 0              ; NONE        ; 8     ; 256   ; Read/Write ; lab7ram:rm|altsyncram:altsyncram_component|altsyncram_lmv3:auto_generated ;
+----------------+-------------+-------+-------+------------+---------------------------------------------------------------------------+


+---------------------------------+
; Elapsed Time Per Partition      ;
+------------------+--------------+
; Partition Name   ; Elapsed Time ;
+------------------+--------------+
; sld_hub:auto_hub ; 00:00:01     ;
; Top              ; 00:00:02     ;
+------------------+--------------+


+-------------------------------+
; Analysis & Synthesis Messages ;
+-------------------------------+
Info: *******************************************************************
Info: Running Quartus II 64-Bit Analysis & Synthesis
    Info: Version 13.1.0 Build 162 10/23/2013 SJ Web Edition
    Info: Processing started: Mon Nov 17 16:13:57 2014
Info: Command: quartus_map --read_settings_files=on --write_settings_files=off ramBus -c ramBus
Warning (20028): Parallel compilation is not licensed and has been disabled
Info (12021): Found 2 design units, including 1 entities, in source file tri8.vhd
    Info (12022): Found design unit 1: tri8-behavior
    Info (12023): Found entity 1: tri8
Info (12021): Found 2 design units, including 1 entities, in source file regtri8.vhd
    Info (12022): Found design unit 1: regTri8-behavior
    Info (12023): Found entity 1: regTri8
Info (12021): Found 2 design units, including 1 entities, in source file reg8.vhd
    Info (12022): Found design unit 1: reg8-behavior
    Info (12023): Found entity 1: reg8
Info (12021): Found 2 design units, including 1 entities, in source file rambus.vhd
    Info (12022): Found design unit 1: ramBus-behavior
    Info (12023): Found entity 1: ramBus
Info (12021): Found 2 design units, including 1 entities, in source file decoder7seg.vhd
    Info (12022): Found design unit 1: decoder7seg-STR
    Info (12023): Found entity 1: decoder7seg
Info (12021): Found 2 design units, including 1 entities, in source file debounce.vhd
    Info (12022): Found design unit 1: debounce-behavior
    Info (12023): Found entity 1: debounce
Info (12021): Found 2 design units, including 1 entities, in source file ramgen.vhd
    Info (12022): Found design unit 1: ramGEN-behavior
    Info (12023): Found entity 1: ramGEN
Info (12021): Found 2 design units, including 1 entities, in source file lab7ram.vhd
    Info (12022): Found design unit 1: lab7ram-SYN
    Info (12023): Found entity 1: lab7ram
Info (12021): Found 2 design units, including 1 entities, in source file controller.vhd
    Info (12022): Found design unit 1: controller-behavior
    Info (12023): Found entity 1: controller
Info (12127): Elaborating entity "ramBus" for the top level hierarchy
Info (12128): Elaborating entity "debounce" for hierarchy "debounce:db"
Info (12128): Elaborating entity "controller" for hierarchy "controller:ct"
Info (12128): Elaborating entity "regTri8" for hierarchy "regTri8:ra"
Info (12128): Elaborating entity "reg8" for hierarchy "reg8:rb"
Info (12128): Elaborating entity "decoder7seg" for hierarchy "decoder7seg:LH"
Info (12128): Elaborating entity "ramGEN" for hierarchy "ramGEN:rg"
Info (12128): Elaborating entity "lab7ram" for hierarchy "lab7ram:rm"
Info (12128): Elaborating entity "altsyncram" for hierarchy "lab7ram:rm|altsyncram:altsyncram_component"
Info (12130): Elaborated megafunction instantiation "lab7ram:rm|altsyncram:altsyncram_component"
Info (12133): Instantiated megafunction "lab7ram:rm|altsyncram:altsyncram_component" with the following parameter:
    Info (12134): Parameter "address_aclr_a" = "UNUSED"
    Info (12134): Parameter "address_aclr_b" = "NONE"
    Info (12134): Parameter "address_reg_b" = "CLOCK1"
    Info (12134): Parameter "byte_size" = "8"
    Info (12134): Parameter "byteena_aclr_a" = "UNUSED"
    Info (12134): Parameter "byteena_aclr_b" = "NONE"
    Info (12134): Parameter "byteena_reg_b" = "CLOCK1"
    Info (12134): Parameter "clock_enable_core_a" = "USE_INPUT_CLKEN"
    Info (12134): Parameter "clock_enable_core_b" = "USE_INPUT_CLKEN"
    Info (12134): Parameter "clock_enable_input_a" = "BYPASS"
    Info (12134): Parameter "clock_enable_input_b" = "NORMAL"
    Info (12134): Parameter "clock_enable_output_a" = "BYPASS"
    Info (12134): Parameter "clock_enable_output_b" = "NORMAL"
    Info (12134): Parameter "intended_device_family" = "Cyclone III"
    Info (12134): Parameter "ecc_pipeline_stage_enabled" = "FALSE"
    Info (12134): Parameter "enable_ecc" = "FALSE"
    Info (12134): Parameter "implement_in_les" = "OFF"
    Info (12134): Parameter "indata_aclr_a" = "UNUSED"
    Info (12134): Parameter "indata_aclr_b" = "NONE"
    Info (12134): Parameter "indata_reg_b" = "CLOCK1"
    Info (12134): Parameter "init_file" = "../../Lab7vhdlFiles/ramdata.mif"
    Info (12134): Parameter "init_file_layout" = "PORT_A"
    Info (12134): Parameter "maximum_depth" = "0"
    Info (12134): Parameter "numwords_a" = "256"
    Info (12134): Parameter "numwords_b" = "0"
    Info (12134): Parameter "operation_mode" = "SINGLE_PORT"
    Info (12134): Parameter "outdata_aclr_a" = "NONE"
    Info (12134): Parameter "outdata_aclr_b" = "NONE"
    Info (12134): Parameter "outdata_reg_a" = "UNREGISTERED"
    Info (12134): Parameter "outdata_reg_b" = "UNREGISTERED"
    Info (12134): Parameter "power_up_uninitialized" = "FALSE"
    Info (12134): Parameter "ram_block_type" = "AUTO"
    Info (12134): Parameter "rdcontrol_aclr_b" = "NONE"
    Info (12134): Parameter "rdcontrol_reg_b" = "CLOCK1"
    Info (12134): Parameter "read_during_write_mode_mixed_ports" = "DONT_CARE"
    Info (12134): Parameter "read_during_write_mode_port_a" = "NEW_DATA_NO_NBE_READ"
    Info (12134): Parameter "read_during_write_mode_port_b" = "NEW_DATA_NO_NBE_READ"
    Info (12134): Parameter "stratixiv_m144k_allow_dual_clocks" = "ON"
    Info (12134): Parameter "width_a" = "8"
    Info (12134): Parameter "width_b" = "1"
    Info (12134): Parameter "width_byteena_a" = "1"
    Info (12134): Parameter "width_byteena_b" = "1"
    Info (12134): Parameter "width_eccstatus" = "3"
    Info (12134): Parameter "widthad_a" = "8"
    Info (12134): Parameter "widthad_b" = "1"
    Info (12134): Parameter "wrcontrol_aclr_a" = "UNUSED"
    Info (12134): Parameter "wrcontrol_aclr_b" = "NONE"
    Info (12134): Parameter "wrcontrol_wraddress_reg_b" = "CLOCK1"
    Info (12134): Parameter "lpm_hint" = "ENABLE_RUNTIME_MOD=YES,INSTANCE_NAME=NONE"
    Info (12134): Parameter "lpm_type" = "altsyncram"
Info (12021): Found 1 design units, including 1 entities, in source file db/altsyncram_lmv3.tdf
    Info (12023): Found entity 1: altsyncram_lmv3
Info (12128): Elaborating entity "altsyncram_lmv3" for hierarchy "lab7ram:rm|altsyncram:altsyncram_component|altsyncram_lmv3:auto_generated"
Info (12021): Found 1 design units, including 1 entities, in source file db/altsyncram_m1t2.tdf
    Info (12023): Found entity 1: altsyncram_m1t2
Info (12128): Elaborating entity "altsyncram_m1t2" for hierarchy "lab7ram:rm|altsyncram:altsyncram_component|altsyncram_lmv3:auto_generated|altsyncram_m1t2:altsyncram1"
Info (12128): Elaborating entity "sld_mod_ram_rom" for hierarchy "lab7ram:rm|altsyncram:altsyncram_component|altsyncram_lmv3:auto_generated|sld_mod_ram_rom:mgl_prim2"
Info (12130): Elaborated megafunction instantiation "lab7ram:rm|altsyncram:altsyncram_component|altsyncram_lmv3:auto_generated|sld_mod_ram_rom:mgl_prim2"
Info (12133): Instantiated megafunction "lab7ram:rm|altsyncram:altsyncram_component|altsyncram_lmv3:auto_generated|sld_mod_ram_rom:mgl_prim2" with the following parameter:
    Info (12134): Parameter "CVALUE" = "00000000"
    Info (12134): Parameter "IS_DATA_IN_RAM" = "1"
    Info (12134): Parameter "IS_READABLE" = "1"
    Info (12134): Parameter "NODE_NAME" = "0"
    Info (12134): Parameter "NUMWORDS" = "256"
    Info (12134): Parameter "SHIFT_COUNT_BITS" = "4"
    Info (12134): Parameter "WIDTH_WORD" = "8"
    Info (12134): Parameter "WIDTHAD" = "8"
Info (12128): Elaborating entity "sld_rom_sr" for hierarchy "lab7ram:rm|altsyncram:altsyncram_component|altsyncram_lmv3:auto_generated|sld_mod_ram_rom:mgl_prim2|sld_rom_sr:\ram_rom_logic_gen:no_name_gen:info_rom_sr"
Info (12128): Elaborating entity "tri8" for hierarchy "tri8:tb"
Warning (13046): Tri-state node(s) do not directly drive top-level pin(s)
    Warning (13048): Converted tri-state node "D[7]" into a selector
    Warning (13048): Converted tri-state node "D[6]" into a selector
    Warning (13048): Converted tri-state node "D[5]" into a selector
    Warning (13048): Converted tri-state node "D[4]" into a selector
    Warning (13048): Converted tri-state node "D[3]" into a selector
    Warning (13048): Converted tri-state node "D[2]" into a selector
    Warning (13048): Converted tri-state node "D[1]" into a selector
    Warning (13048): Converted tri-state node "D[0]" into a selector
Info (286031): Timing-Driven Synthesis is running on partition "Top"
Info (17049): 8 registers lost all their fanouts during netlist optimizations.
Info (13000): Registers with preset signals will power-up high
Info (13003): DEV_CLRn pin will set, and not reset, register with preset signal due to NOT Gate Push-Back
Warning (13024): Output pins are stuck at VCC or GND
    Warning (13410): Pin "sld_hub:auto_hub|receive[0][0]" is stuck at GND
Info (286031): Timing-Driven Synthesis is running on partition "sld_hub:auto_hub"
Info (16010): Generating hard_block partition "hard_block:auto_generated_inst"
    Info (16011): Adding 0 node(s), including 0 DDIO, 0 PLL, 0 transceiver and 0 LCELL
Info (21057): Implemented 295 device resources after synthesis - the final resource count might be different
    Info (21058): Implemented 16 input pins
    Info (21059): Implemented 15 output pins
    Info (21061): Implemented 255 logic cells
    Info (21064): Implemented 8 RAM segments
Info: Quartus II 64-Bit Analysis & Synthesis was successful. 0 errors, 12 warnings
    Info: Peak virtual memory: 518 megabytes
    Info: Processing ended: Mon Nov 17 16:14:08 2014
    Info: Elapsed time: 00:00:11
    Info: Total CPU time (on all processors): 00:00:10


