Analysis & Synthesis report for top_level
Mon Sep 29 17:02:08 2014
Quartus II 64-Bit Version 13.1.0 Build 162 10/23/2013 SJ Web Edition


---------------------
; Table of Contents ;
---------------------
  1. Legal Notice
  2. Analysis & Synthesis Summary
  3. Analysis & Synthesis Settings
  4. Parallel Compilation
  5. Analysis & Synthesis Source Files Read
  6. Analysis & Synthesis Resource Usage Summary
  7. Analysis & Synthesis Resource Utilization by Entity
  8. Analysis & Synthesis DSP Block Usage Summary
  9. General Register Statistics
 10. Multiplexer Restructuring Statistics (Restructuring Performed)
 11. Parameter Settings for User Entity Instance: alu_ns:U_ALU
 12. Parameter Settings for Inferred Entity Instance: alu_ns:U_ALU|lpm_mult:Mult0
 13. lpm_mult Parameter Settings by Entity Instance
 14. Elapsed Time Per Partition
 15. Analysis & Synthesis Messages



----------------
; Legal Notice ;
----------------
Copyright (C) 1991-2013 Altera Corporation
Your use of Altera Corporation's design tools, logic functions 
and other software and tools, and its AMPP partner logic 
functions, and any output files from any of the foregoing 
(including device programming or simulation files), and any 
associated documentation or information are expressly subject 
to the terms and conditions of the Altera Program License 
Subscription Agreement, Altera MegaCore Function License 
Agreement, or other applicable license agreement, including, 
without limitation, that your use is for the sole purpose of 
programming logic devices manufactured by Altera and sold by 
Altera or its authorized distributors.  Please refer to the 
applicable agreement for further details.



+---------------------------------------------------------------------------------+
; Analysis & Synthesis Summary                                                    ;
+------------------------------------+--------------------------------------------+
; Analysis & Synthesis Status        ; Successful - Mon Sep 29 17:02:08 2014      ;
; Quartus II 64-Bit Version          ; 13.1.0 Build 162 10/23/2013 SJ Web Edition ;
; Revision Name                      ; top_level                                  ;
; Top-level Entity Name              ; top_level                                  ;
; Family                             ; Cyclone III                                ;
; Total logic elements               ; 117                                        ;
;     Total combinational functions  ; 117                                        ;
;     Dedicated logic registers      ; 0                                          ;
; Total registers                    ; 0                                          ;
; Total pins                         ; 36                                         ;
; Total virtual pins                 ; 0                                          ;
; Total memory bits                  ; 0                                          ;
; Embedded Multiplier 9-bit elements ; 1                                          ;
; Total PLLs                         ; 0                                          ;
+------------------------------------+--------------------------------------------+


+----------------------------------------------------------------------------------------------------------------------+
; Analysis & Synthesis Settings                                                                                        ;
+----------------------------------------------------------------------------+--------------------+--------------------+
; Option                                                                     ; Setting            ; Default Value      ;
+----------------------------------------------------------------------------+--------------------+--------------------+
; Device                                                                     ; EP3C16F484C6       ;                    ;
; Top-level entity name                                                      ; top_level          ; top_level          ;
; Family name                                                                ; Cyclone III        ; Cyclone IV GX      ;
; Use smart compilation                                                      ; Off                ; Off                ;
; Enable parallel Assembler and TimeQuest Timing Analyzer during compilation ; On                 ; On                 ;
; Enable compact report table                                                ; Off                ; Off                ;
; Restructure Multiplexers                                                   ; Auto               ; Auto               ;
; Create Debugging Nodes for IP Cores                                        ; Off                ; Off                ;
; Preserve fewer node names                                                  ; On                 ; On                 ;
; Disable OpenCore Plus hardware evaluation                                  ; Off                ; Off                ;
; Verilog Version                                                            ; Verilog_2001       ; Verilog_2001       ;
; VHDL Version                                                               ; VHDL_1993          ; VHDL_1993          ;
; State Machine Processing                                                   ; Auto               ; Auto               ;
; Safe State Machine                                                         ; Off                ; Off                ;
; Extract Verilog State Machines                                             ; On                 ; On                 ;
; Extract VHDL State Machines                                                ; On                 ; On                 ;
; Ignore Verilog initial constructs                                          ; Off                ; Off                ;
; Iteration limit for constant Verilog loops                                 ; 5000               ; 5000               ;
; Iteration limit for non-constant Verilog loops                             ; 250                ; 250                ;
; Add Pass-Through Logic to Inferred RAMs                                    ; On                 ; On                 ;
; Infer RAMs from Raw Logic                                                  ; On                 ; On                 ;
; Parallel Synthesis                                                         ; On                 ; On                 ;
; DSP Block Balancing                                                        ; Auto               ; Auto               ;
; NOT Gate Push-Back                                                         ; On                 ; On                 ;
; Power-Up Don't Care                                                        ; On                 ; On                 ;
; Remove Redundant Logic Cells                                               ; Off                ; Off                ;
; Remove Duplicate Registers                                                 ; On                 ; On                 ;
; Ignore CARRY Buffers                                                       ; Off                ; Off                ;
; Ignore CASCADE Buffers                                                     ; Off                ; Off                ;
; Ignore GLOBAL Buffers                                                      ; Off                ; Off                ;
; Ignore ROW GLOBAL Buffers                                                  ; Off                ; Off                ;
; Ignore LCELL Buffers                                                       ; Off                ; Off                ;
; Ignore SOFT Buffers                                                        ; On                 ; On                 ;
; Limit AHDL Integers to 32 Bits                                             ; Off                ; Off                ;
; Optimization Technique                                                     ; Balanced           ; Balanced           ;
; Carry Chain Length                                                         ; 70                 ; 70                 ;
; Auto Carry Chains                                                          ; On                 ; On                 ;
; Auto Open-Drain Pins                                                       ; On                 ; On                 ;
; Perform WYSIWYG Primitive Resynthesis                                      ; Off                ; Off                ;
; Auto ROM Replacement                                                       ; On                 ; On                 ;
; Auto RAM Replacement                                                       ; On                 ; On                 ;
; Auto DSP Block Replacement                                                 ; On                 ; On                 ;
; Auto Shift Register Replacement                                            ; Auto               ; Auto               ;
; Allow Shift Register Merging across Hierarchies                            ; Auto               ; Auto               ;
; Auto Clock Enable Replacement                                              ; On                 ; On                 ;
; Strict RAM Replacement                                                     ; Off                ; Off                ;
; Allow Synchronous Control Signals                                          ; On                 ; On                 ;
; Force Use of Synchronous Clear Signals                                     ; Off                ; Off                ;
; Auto RAM Block Balancing                                                   ; On                 ; On                 ;
; Auto RAM to Logic Cell Conversion                                          ; Off                ; Off                ;
; Auto Resource Sharing                                                      ; Off                ; Off                ;
; Allow Any RAM Size For Recognition                                         ; Off                ; Off                ;
; Allow Any ROM Size For Recognition                                         ; Off                ; Off                ;
; Allow Any Shift Register Size For Recognition                              ; Off                ; Off                ;
; Use LogicLock Constraints during Resource Balancing                        ; On                 ; On                 ;
; Ignore translate_off and synthesis_off directives                          ; Off                ; Off                ;
; Timing-Driven Synthesis                                                    ; On                 ; On                 ;
; Report Parameter Settings                                                  ; On                 ; On                 ;
; Report Source Assignments                                                  ; On                 ; On                 ;
; Report Connectivity Checks                                                 ; On                 ; On                 ;
; Ignore Maximum Fan-Out Assignments                                         ; Off                ; Off                ;
; Synchronization Register Chain Length                                      ; 2                  ; 2                  ;
; PowerPlay Power Optimization                                               ; Normal compilation ; Normal compilation ;
; HDL message level                                                          ; Level2             ; Level2             ;
; Suppress Register Optimization Related Messages                            ; Off                ; Off                ;
; Number of Removed Registers Reported in Synthesis Report                   ; 5000               ; 5000               ;
; Number of Swept Nodes Reported in Synthesis Report                         ; 5000               ; 5000               ;
; Number of Inverted Registers Reported in Synthesis Report                  ; 100                ; 100                ;
; Clock MUX Protection                                                       ; On                 ; On                 ;
; Auto Gated Clock Conversion                                                ; Off                ; Off                ;
; Block Design Naming                                                        ; Auto               ; Auto               ;
; SDC constraint protection                                                  ; Off                ; Off                ;
; Synthesis Effort                                                           ; Auto               ; Auto               ;
; Shift Register Replacement - Allow Asynchronous Clear Signal               ; On                 ; On                 ;
; Pre-Mapping Resynthesis Optimization                                       ; Off                ; Off                ;
; Analysis & Synthesis Message Level                                         ; Medium             ; Medium             ;
; Disable Register Merging Across Hierarchies                                ; Auto               ; Auto               ;
; Resource Aware Inference For Block RAM                                     ; On                 ; On                 ;
; Synthesis Seed                                                             ; 1                  ; 1                  ;
+----------------------------------------------------------------------------+--------------------+--------------------+


Parallel compilation was disabled, but you have multiple processors available. Enable parallel compilation to reduce compilation time.
+-------------------------------------+
; Parallel Compilation                ;
+----------------------------+--------+
; Processors                 ; Number ;
+----------------------------+--------+
; Number detected on machine ; 4      ;
; Maximum allowed            ; 1      ;
+----------------------------+--------+


+--------------------------------------------------------------------------------------------------------------------------------------------------------------+
; Analysis & Synthesis Source Files Read                                                                                                                       ;
+----------------------------------+-----------------+------------------------------+----------------------------------------------------------------+---------+
; File Name with User-Entered Path ; Used in Netlist ; File Type                    ; File Name with Absolute Path                                   ; Library ;
+----------------------------------+-----------------+------------------------------+----------------------------------------------------------------+---------+
; top_level.vhd                    ; yes             ; User VHDL File               ; D:/Dropbox/EEL4712/Lab3/Part3/Quartus/top_level.vhd            ;         ;
; alu_ns.vhd                       ; yes             ; User VHDL File               ; D:/Dropbox/EEL4712/Lab3/Part3/Quartus/alu_ns.vhd               ;         ;
; decoder7seg.vhd                  ; yes             ; Auto-Found VHDL File         ; D:/Dropbox/EEL4712/Lab3/Part3/Quartus/decoder7seg.vhd          ;         ;
; lpm_mult.tdf                     ; yes             ; Megafunction                 ; d:/altera/13.1/quartus/libraries/megafunctions/lpm_mult.tdf    ;         ;
; aglobal131.inc                   ; yes             ; Megafunction                 ; d:/altera/13.1/quartus/libraries/megafunctions/aglobal131.inc  ;         ;
; lpm_add_sub.inc                  ; yes             ; Megafunction                 ; d:/altera/13.1/quartus/libraries/megafunctions/lpm_add_sub.inc ;         ;
; multcore.inc                     ; yes             ; Megafunction                 ; d:/altera/13.1/quartus/libraries/megafunctions/multcore.inc    ;         ;
; bypassff.inc                     ; yes             ; Megafunction                 ; d:/altera/13.1/quartus/libraries/megafunctions/bypassff.inc    ;         ;
; altshift.inc                     ; yes             ; Megafunction                 ; d:/altera/13.1/quartus/libraries/megafunctions/altshift.inc    ;         ;
; db/mult_19t.tdf                  ; yes             ; Auto-Generated Megafunction  ; D:/Dropbox/EEL4712/Lab3/Part3/Quartus/db/mult_19t.tdf          ;         ;
+----------------------------------+-----------------+------------------------------+----------------------------------------------------------------+---------+


+----------------------------------------------------------------+
; Analysis & Synthesis Resource Usage Summary                    ;
+---------------------------------------------+------------------+
; Resource                                    ; Usage            ;
+---------------------------------------------+------------------+
; Estimated Total logic elements              ; 117              ;
;                                             ;                  ;
; Total combinational functions               ; 117              ;
; Logic element usage by number of LUT inputs ;                  ;
;     -- 4 input functions                    ; 75               ;
;     -- 3 input functions                    ; 28               ;
;     -- <=2 input functions                  ; 14               ;
;                                             ;                  ;
; Logic elements by mode                      ;                  ;
;     -- normal mode                          ; 102              ;
;     -- arithmetic mode                      ; 15               ;
;                                             ;                  ;
; Total registers                             ; 0                ;
;     -- Dedicated logic registers            ; 0                ;
;     -- I/O registers                        ; 0                ;
;                                             ;                  ;
; I/O pins                                    ; 36               ;
; Embedded Multiplier 9-bit elements          ; 1                ;
; Maximum fan-out node                        ; buttons[1]~input ;
; Maximum fan-out                             ; 39               ;
; Total fan-out                               ; 473              ;
; Average fan-out                             ; 2.48             ;
+---------------------------------------------+------------------+


+--------------------------------------------------------------------------------------------------------------------------------------------------------------------------------------------------------------------------------+
; Analysis & Synthesis Resource Utilization by Entity                                                                                                                                                                            ;
+------------------------------------+-------------------+--------------+-------------+--------------+---------+-----------+------+--------------+----------------------------------------------------------------+--------------+
; Compilation Hierarchy Node         ; LC Combinationals ; LC Registers ; Memory Bits ; DSP Elements ; DSP 9x9 ; DSP 18x18 ; Pins ; Virtual Pins ; Full Hierarchy Name                                            ; Library Name ;
+------------------------------------+-------------------+--------------+-------------+--------------+---------+-----------+------+--------------+----------------------------------------------------------------+--------------+
; |top_level                         ; 117 (0)           ; 0 (0)        ; 0           ; 1            ; 1       ; 0         ; 36   ; 0            ; |top_level                                                     ; work         ;
;    |alu_ns:U_ALU|                  ; 103 (103)         ; 0 (0)        ; 0           ; 1            ; 1       ; 0         ; 0    ; 0            ; |top_level|alu_ns:U_ALU                                        ; work         ;
;       |lpm_mult:Mult0|             ; 0 (0)             ; 0 (0)        ; 0           ; 1            ; 1       ; 0         ; 0    ; 0            ; |top_level|alu_ns:U_ALU|lpm_mult:Mult0                         ; work         ;
;          |mult_19t:auto_generated| ; 0 (0)             ; 0 (0)        ; 0           ; 1            ; 1       ; 0         ; 0    ; 0            ; |top_level|alu_ns:U_ALU|lpm_mult:Mult0|mult_19t:auto_generated ; work         ;
;    |decoder7seg:U_LED1_HI|         ; 7 (7)             ; 0 (0)        ; 0           ; 0            ; 0       ; 0         ; 0    ; 0            ; |top_level|decoder7seg:U_LED1_HI                               ; work         ;
;    |decoder7seg:U_LED_LO|          ; 7 (7)             ; 0 (0)        ; 0           ; 0            ; 0       ; 0         ; 0    ; 0            ; |top_level|decoder7seg:U_LED_LO                                ; work         ;
+------------------------------------+-------------------+--------------+-------------+--------------+---------+-----------+------+--------------+----------------------------------------------------------------+--------------+
Note: For table entries with two numbers listed, the numbers in parentheses indicate the number of resources of the given type used by the specific entity alone. The numbers listed outside of parentheses indicate the total resources of the given type used by the specific entity and all of its sub-entities in the hierarchy.


+-----------------------------------------------------+
; Analysis & Synthesis DSP Block Usage Summary        ;
+---------------------------------------+-------------+
; Statistic                             ; Number Used ;
+---------------------------------------+-------------+
; Simple Multipliers (9-bit)            ; 1           ;
; Simple Multipliers (18-bit)           ; 0           ;
; Embedded Multiplier Blocks            ; --          ;
; Embedded Multiplier 9-bit elements    ; 1           ;
; Signed Embedded Multipliers           ; 0           ;
; Unsigned Embedded Multipliers         ; 1           ;
; Mixed Sign Embedded Multipliers       ; 0           ;
; Variable Sign Embedded Multipliers    ; 0           ;
; Dedicated Input Shift Register Chains ; 0           ;
+---------------------------------------+-------------+
Note: number of Embedded Multiplier Blocks used is only available after a successful fit.


+------------------------------------------------------+
; General Register Statistics                          ;
+----------------------------------------------+-------+
; Statistic                                    ; Value ;
+----------------------------------------------+-------+
; Total registers                              ; 0     ;
; Number of registers using Synchronous Clear  ; 0     ;
; Number of registers using Synchronous Load   ; 0     ;
; Number of registers using Asynchronous Clear ; 0     ;
; Number of registers using Asynchronous Load  ; 0     ;
; Number of registers using Clock Enable       ; 0     ;
; Number of registers using Preset             ; 0     ;
+----------------------------------------------+-------+


+--------------------------------------------------------------------------------------------------------------------------------------------+
; Multiplexer Restructuring Statistics (Restructuring Performed)                                                                             ;
+--------------------+-----------+---------------+----------------------+------------------------+------------+------------------------------+
; Multiplexer Inputs ; Bus Width ; Baseline Area ; Area if Restructured ; Saving if Restructured ; Registered ; Example Multiplexer Output   ;
+--------------------+-----------+---------------+----------------------+------------------------+------------+------------------------------+
; 14:1               ; 3 bits    ; 27 LEs        ; 24 LEs               ; 3 LEs                  ; No         ; |top_level|alu_ns:U_ALU|Mux3 ;
+--------------------+-----------+---------------+----------------------+------------------------+------------+------------------------------+


+-----------------------------------------------------------+
; Parameter Settings for User Entity Instance: alu_ns:U_ALU ;
+----------------+-------+----------------------------------+
; Parameter Name ; Value ; Type                             ;
+----------------+-------+----------------------------------+
; width          ; 8     ; Signed Integer                   ;
+----------------+-------+----------------------------------+
Note: In order to hide this table in the UI and the text report file, please set the "Show Parameter Settings in Synthesis Report" option in "Analysis and Synthesis Settings -> More Settings" to "Off".


+------------------------------------------------------------------------------------+
; Parameter Settings for Inferred Entity Instance: alu_ns:U_ALU|lpm_mult:Mult0       ;
+------------------------------------------------+-------------+---------------------+
; Parameter Name                                 ; Value       ; Type                ;
+------------------------------------------------+-------------+---------------------+
; AUTO_CARRY_CHAINS                              ; ON          ; AUTO_CARRY          ;
; IGNORE_CARRY_BUFFERS                           ; OFF         ; IGNORE_CARRY        ;
; AUTO_CASCADE_CHAINS                            ; ON          ; AUTO_CASCADE        ;
; IGNORE_CASCADE_BUFFERS                         ; OFF         ; IGNORE_CASCADE      ;
; LPM_WIDTHA                                     ; 8           ; Untyped             ;
; LPM_WIDTHB                                     ; 8           ; Untyped             ;
; LPM_WIDTHP                                     ; 16          ; Untyped             ;
; LPM_WIDTHR                                     ; 16          ; Untyped             ;
; LPM_WIDTHS                                     ; 1           ; Untyped             ;
; LPM_REPRESENTATION                             ; UNSIGNED    ; Untyped             ;
; LPM_PIPELINE                                   ; 0           ; Untyped             ;
; LATENCY                                        ; 0           ; Untyped             ;
; INPUT_A_IS_CONSTANT                            ; NO          ; Untyped             ;
; INPUT_B_IS_CONSTANT                            ; NO          ; Untyped             ;
; USE_EAB                                        ; OFF         ; Untyped             ;
; MAXIMIZE_SPEED                                 ; 5           ; Untyped             ;
; DEVICE_FAMILY                                  ; Cyclone III ; Untyped             ;
; CARRY_CHAIN                                    ; MANUAL      ; Untyped             ;
; APEX20K_TECHNOLOGY_MAPPER                      ; LUT         ; TECH_MAPPER_APEX20K ;
; DEDICATED_MULTIPLIER_CIRCUITRY                 ; AUTO        ; Untyped             ;
; DEDICATED_MULTIPLIER_MIN_INPUT_WIDTH_FOR_AUTO  ; 0           ; Untyped             ;
; DEDICATED_MULTIPLIER_MIN_OUTPUT_WIDTH_FOR_AUTO ; 0           ; Untyped             ;
; CBXI_PARAMETER                                 ; mult_19t    ; Untyped             ;
; INPUT_A_FIXED_VALUE                            ; Bx          ; Untyped             ;
; INPUT_B_FIXED_VALUE                            ; Bx          ; Untyped             ;
; USE_AHDL_IMPLEMENTATION                        ; OFF         ; Untyped             ;
+------------------------------------------------+-------------+---------------------+
Note: In order to hide this table in the UI and the text report file, please set the "Show Parameter Settings in Synthesis Report" option in "Analysis and Synthesis Settings -> More Settings" to "Off".


+---------------------------------------------------------------------+
; lpm_mult Parameter Settings by Entity Instance                      ;
+---------------------------------------+-----------------------------+
; Name                                  ; Value                       ;
+---------------------------------------+-----------------------------+
; Number of entity instances            ; 1                           ;
; Entity Instance                       ; alu_ns:U_ALU|lpm_mult:Mult0 ;
;     -- LPM_WIDTHA                     ; 8                           ;
;     -- LPM_WIDTHB                     ; 8                           ;
;     -- LPM_WIDTHP                     ; 16                          ;
;     -- LPM_REPRESENTATION             ; UNSIGNED                    ;
;     -- INPUT_A_IS_CONSTANT            ; NO                          ;
;     -- INPUT_B_IS_CONSTANT            ; NO                          ;
;     -- USE_EAB                        ; OFF                         ;
;     -- DEDICATED_MULTIPLIER_CIRCUITRY ; AUTO                        ;
;     -- INPUT_A_FIXED_VALUE            ; Bx                          ;
;     -- INPUT_B_FIXED_VALUE            ; Bx                          ;
+---------------------------------------+-----------------------------+


+-------------------------------+
; Elapsed Time Per Partition    ;
+----------------+--------------+
; Partition Name ; Elapsed Time ;
+----------------+--------------+
; Top            ; 00:00:01     ;
+----------------+--------------+


+-------------------------------+
; Analysis & Synthesis Messages ;
+-------------------------------+
Info: *******************************************************************
Info: Running Quartus II 64-Bit Analysis & Synthesis
    Info: Version 13.1.0 Build 162 10/23/2013 SJ Web Edition
    Info: Processing started: Mon Sep 29 17:02:03 2014
Info: Command: quartus_map --read_settings_files=on --write_settings_files=off top_level -c top_level
Warning (20028): Parallel compilation is not licensed and has been disabled
Info (12021): Found 2 design units, including 1 entities, in source file top_level.vhd
    Info (12022): Found design unit 1: top_level-STR
    Info (12023): Found entity 1: top_level
Info (12021): Found 2 design units, including 1 entities, in source file alu_ns.vhd
    Info (12022): Found design unit 1: alu_ns-behavior
    Info (12023): Found entity 1: alu_ns
Info (12127): Elaborating entity "top_level" for the top level hierarchy
Warning (12125): Using design file decoder7seg.vhd, which is not specified as a design file for the current project, but contains definitions for 2 design units and 1 entities in project
    Info (12022): Found design unit 1: decoder7seg-STR
    Info (12023): Found entity 1: decoder7seg
Info (12128): Elaborating entity "decoder7seg" for hierarchy "decoder7seg:U_LED1_HI"
Info (12128): Elaborating entity "alu_ns" for hierarchy "alu_ns:U_ALU"
Info (278001): Inferred 1 megafunctions from design logic
    Info (278003): Inferred multiplier megafunction ("lpm_mult") from the following logic: "alu_ns:U_ALU|Mult0"
Info (12130): Elaborated megafunction instantiation "alu_ns:U_ALU|lpm_mult:Mult0"
Info (12133): Instantiated megafunction "alu_ns:U_ALU|lpm_mult:Mult0" with the following parameter:
    Info (12134): Parameter "LPM_WIDTHA" = "8"
    Info (12134): Parameter "LPM_WIDTHB" = "8"
    Info (12134): Parameter "LPM_WIDTHP" = "16"
    Info (12134): Parameter "LPM_WIDTHR" = "16"
    Info (12134): Parameter "LPM_WIDTHS" = "1"
    Info (12134): Parameter "LPM_REPRESENTATION" = "UNSIGNED"
    Info (12134): Parameter "INPUT_A_IS_CONSTANT" = "NO"
    Info (12134): Parameter "INPUT_B_IS_CONSTANT" = "NO"
    Info (12134): Parameter "MAXIMIZE_SPEED" = "5"
Info (12021): Found 1 design units, including 1 entities, in source file db/mult_19t.tdf
    Info (12023): Found entity 1: mult_19t
Info (286030): Timing-Driven Synthesis is running
Info (16010): Generating hard_block partition "hard_block:auto_generated_inst"
    Info (16011): Adding 0 node(s), including 0 DDIO, 0 PLL, 0 transceiver and 0 LCELL
Info (21057): Implemented 154 device resources after synthesis - the final resource count might be different
    Info (21058): Implemented 20 input pins
    Info (21059): Implemented 16 output pins
    Info (21061): Implemented 117 logic cells
    Info (21062): Implemented 1 DSP elements
Info: Quartus II 64-Bit Analysis & Synthesis was successful. 0 errors, 2 warnings
    Info: Peak virtual memory: 513 megabytes
    Info: Processing ended: Mon Sep 29 17:02:08 2014
    Info: Elapsed time: 00:00:05
    Info: Total CPU time (on all processors): 00:00:04


