TimeQuest Timing Analyzer report for adder8
Mon Sep 22 07:37:34 2014
Quartus II 64-Bit Version 13.1.0 Build 162 10/23/2013 SJ Web Edition


---------------------
; Table of Contents ;
---------------------
  1. Legal Notice
  2. TimeQuest Timing Analyzer Summary
  3. Parallel Compilation
  4. Clocks
  5. Slow 1200mV 85C Model Fmax Summary
  6. Timing Closure Recommendations
  7. Slow 1200mV 85C Model Setup Summary
  8. Slow 1200mV 85C Model Hold Summary
  9. Slow 1200mV 85C Model Recovery Summary
 10. Slow 1200mV 85C Model Removal Summary
 11. Slow 1200mV 85C Model Minimum Pulse Width Summary
 12. Propagation Delay
 13. Minimum Propagation Delay
 14. Slow 1200mV 85C Model Metastability Report
 15. Slow 1200mV 0C Model Fmax Summary
 16. Slow 1200mV 0C Model Setup Summary
 17. Slow 1200mV 0C Model Hold Summary
 18. Slow 1200mV 0C Model Recovery Summary
 19. Slow 1200mV 0C Model Removal Summary
 20. Slow 1200mV 0C Model Minimum Pulse Width Summary
 21. Propagation Delay
 22. Minimum Propagation Delay
 23. Slow 1200mV 0C Model Metastability Report
 24. Fast 1200mV 0C Model Setup Summary
 25. Fast 1200mV 0C Model Hold Summary
 26. Fast 1200mV 0C Model Recovery Summary
 27. Fast 1200mV 0C Model Removal Summary
 28. Fast 1200mV 0C Model Minimum Pulse Width Summary
 29. Propagation Delay
 30. Minimum Propagation Delay
 31. Fast 1200mV 0C Model Metastability Report
 32. Multicorner Timing Analysis Summary
 33. Propagation Delay
 34. Minimum Propagation Delay
 35. Board Trace Model Assignments
 36. Input Transition Times
 37. Slow Corner Signal Integrity Metrics
 38. Fast Corner Signal Integrity Metrics
 39. Clock Transfers
 40. Report TCCS
 41. Report RSKM
 42. Unconstrained Paths
 43. TimeQuest Timing Analyzer Messages



----------------
; Legal Notice ;
----------------
Copyright (C) 1991-2013 Altera Corporation
Your use of Altera Corporation's design tools, logic functions 
and other software and tools, and its AMPP partner logic 
functions, and any output files from any of the foregoing 
(including device programming or simulation files), and any 
associated documentation or information are expressly subject 
to the terms and conditions of the Altera Program License 
Subscription Agreement, Altera MegaCore Function License 
Agreement, or other applicable license agreement, including, 
without limitation, that your use is for the sole purpose of 
programming logic devices manufactured by Altera and sold by 
Altera or its authorized distributors.  Please refer to the 
applicable agreement for further details.



+-------------------------------------------------------------------------+
; TimeQuest Timing Analyzer Summary                                       ;
+--------------------+----------------------------------------------------+
; Quartus II Version ; Version 13.1.0 Build 162 10/23/2013 SJ Web Edition ;
; Revision Name      ; adder8                                             ;
; Device Family      ; Cyclone III                                        ;
; Device Name        ; EP3C16F484C6                                       ;
; Timing Models      ; Final                                              ;
; Delay Model        ; Combined                                           ;
; Rise/Fall Delays   ; Enabled                                            ;
+--------------------+----------------------------------------------------+


Parallel compilation was disabled, but you have multiple processors available. Enable parallel compilation to reduce compilation time.
+-------------------------------------+
; Parallel Compilation                ;
+----------------------------+--------+
; Processors                 ; Number ;
+----------------------------+--------+
; Number detected on machine ; 4      ;
; Maximum allowed            ; 1      ;
+----------------------------+--------+


----------
; Clocks ;
----------
No clocks to report.


--------------------------------------
; Slow 1200mV 85C Model Fmax Summary ;
--------------------------------------
No paths to report.


----------------------------------
; Timing Closure Recommendations ;
----------------------------------
HTML report is unavailable in plain text report export.


---------------------------------------
; Slow 1200mV 85C Model Setup Summary ;
---------------------------------------
No paths to report.


--------------------------------------
; Slow 1200mV 85C Model Hold Summary ;
--------------------------------------
No paths to report.


------------------------------------------
; Slow 1200mV 85C Model Recovery Summary ;
------------------------------------------
No paths to report.


-----------------------------------------
; Slow 1200mV 85C Model Removal Summary ;
-----------------------------------------
No paths to report.


-----------------------------------------------------
; Slow 1200mV 85C Model Minimum Pulse Width Summary ;
-----------------------------------------------------
No paths to report.


+--------------------------------------------------------------+
; Propagation Delay                                            ;
+------------+-------------+--------+--------+--------+--------+
; Input Port ; Output Port ; RR     ; RF     ; FR     ; FF     ;
+------------+-------------+--------+--------+--------+--------+
; carry_in   ; carry_out   ; 10.529 ;        ;        ; 11.217 ;
; carry_in   ; sum[0]      ; 6.711  ; 6.679  ; 7.121  ; 7.121  ;
; carry_in   ; sum[1]      ; 7.150  ; 7.145  ; 7.608  ; 7.594  ;
; carry_in   ; sum[2]      ; 7.412  ; 7.425  ; 7.918  ; 7.887  ;
; carry_in   ; sum[3]      ; 8.006  ; 7.993  ; 8.553  ; 8.531  ;
; carry_in   ; sum[4]      ; 8.671  ; 8.667  ; 9.213  ; 9.241  ;
; carry_in   ; sum[5]      ; 8.986  ; 9.018  ; 9.613  ; 9.601  ;
; carry_in   ; sum[6]      ; 9.516  ; 9.540  ; 10.201 ; 10.222 ;
; carry_in   ; sum[7]      ; 11.334 ; 11.330 ; 12.093 ; 12.032 ;
; input1[0]  ; carry_out   ; 10.153 ;        ;        ; 10.818 ;
; input1[0]  ; sum[0]      ; 6.334  ; 6.304  ; 6.759  ; 6.720  ;
; input1[0]  ; sum[1]      ; 6.774  ; 6.769  ; 7.209  ; 7.195  ;
; input1[0]  ; sum[2]      ; 7.036  ; 7.049  ; 7.519  ; 7.488  ;
; input1[0]  ; sum[3]      ; 7.630  ; 7.617  ; 8.154  ; 8.132  ;
; input1[0]  ; sum[4]      ; 8.295  ; 8.291  ; 8.814  ; 8.842  ;
; input1[0]  ; sum[5]      ; 8.610  ; 8.642  ; 9.214  ; 9.202  ;
; input1[0]  ; sum[6]      ; 9.140  ; 9.164  ; 9.802  ; 9.823  ;
; input1[0]  ; sum[7]      ; 10.958 ; 10.954 ; 11.694 ; 11.633 ;
; input1[1]  ; carry_out   ; 10.150 ;        ;        ; 10.815 ;
; input1[1]  ; sum[1]      ; 6.784  ; 6.803  ; 7.197  ; 7.213  ;
; input1[1]  ; sum[2]      ; 7.033  ; 7.046  ; 7.516  ; 7.485  ;
; input1[1]  ; sum[3]      ; 7.627  ; 7.614  ; 8.151  ; 8.129  ;
; input1[1]  ; sum[4]      ; 8.292  ; 8.288  ; 8.811  ; 8.839  ;
; input1[1]  ; sum[5]      ; 8.607  ; 8.639  ; 9.211  ; 9.199  ;
; input1[1]  ; sum[6]      ; 9.137  ; 9.161  ; 9.799  ; 9.820  ;
; input1[1]  ; sum[7]      ; 10.955 ; 10.951 ; 11.691 ; 11.630 ;
; input1[2]  ; carry_out   ; 9.865  ;        ;        ; 10.530 ;
; input1[2]  ; sum[2]      ; 6.735  ; 6.716  ; 7.248  ; 7.220  ;
; input1[2]  ; sum[3]      ; 7.342  ; 7.329  ; 7.866  ; 7.844  ;
; input1[2]  ; sum[4]      ; 8.007  ; 8.003  ; 8.526  ; 8.554  ;
; input1[2]  ; sum[5]      ; 8.322  ; 8.354  ; 8.926  ; 8.914  ;
; input1[2]  ; sum[6]      ; 8.852  ; 8.876  ; 9.514  ; 9.535  ;
; input1[2]  ; sum[7]      ; 10.670 ; 10.666 ; 11.406 ; 11.345 ;
; input1[3]  ; carry_out   ; 9.123  ;        ;        ; 9.691  ;
; input1[3]  ; sum[3]      ; 6.597  ; 6.582  ; 6.988  ; 7.005  ;
; input1[3]  ; sum[4]      ; 7.265  ; 7.261  ; 7.687  ; 7.715  ;
; input1[3]  ; sum[5]      ; 7.580  ; 7.612  ; 8.087  ; 8.075  ;
; input1[3]  ; sum[6]      ; 8.110  ; 8.134  ; 8.675  ; 8.696  ;
; input1[3]  ; sum[7]      ; 9.928  ; 9.924  ; 10.567 ; 10.506 ;
; input1[4]  ; carry_out   ; 8.868  ;        ;        ; 9.458  ;
; input1[4]  ; sum[4]      ; 7.023  ; 7.053  ; 7.477  ; 7.463  ;
; input1[4]  ; sum[5]      ; 7.325  ; 7.357  ; 7.854  ; 7.842  ;
; input1[4]  ; sum[6]      ; 7.855  ; 7.879  ; 8.442  ; 8.463  ;
; input1[4]  ; sum[7]      ; 9.673  ; 9.669  ; 10.334 ; 10.273 ;
; input1[5]  ; carry_out   ; 8.109  ;        ;        ; 8.597  ;
; input1[5]  ; sum[5]      ; 6.550  ; 6.548  ; 6.968  ; 6.998  ;
; input1[5]  ; sum[6]      ; 7.096  ; 7.120  ; 7.581  ; 7.602  ;
; input1[5]  ; sum[7]      ; 8.914  ; 8.910  ; 9.473  ; 9.412  ;
; input1[6]  ; carry_out   ; 7.638  ;        ;        ; 8.078  ;
; input1[6]  ; sum[6]      ; 6.614  ; 6.614  ; 7.076  ; 7.067  ;
; input1[6]  ; sum[7]      ; 8.443  ; 8.439  ; 8.954  ; 8.893  ;
; input1[7]  ; carry_out   ; 6.886  ;        ;        ; 7.261  ;
; input1[7]  ; sum[7]      ; 7.692  ; 7.685  ; 8.128  ; 8.077  ;
; input2[0]  ; carry_out   ; 10.418 ;        ;        ; 11.116 ;
; input2[0]  ; sum[0]      ; 6.610  ; 6.608  ; 7.059  ; 7.043  ;
; input2[0]  ; sum[1]      ; 7.039  ; 7.034  ; 7.507  ; 7.493  ;
; input2[0]  ; sum[2]      ; 7.301  ; 7.314  ; 7.817  ; 7.786  ;
; input2[0]  ; sum[3]      ; 7.895  ; 7.882  ; 8.452  ; 8.430  ;
; input2[0]  ; sum[4]      ; 8.560  ; 8.556  ; 9.112  ; 9.140  ;
; input2[0]  ; sum[5]      ; 8.875  ; 8.907  ; 9.512  ; 9.500  ;
; input2[0]  ; sum[6]      ; 9.405  ; 9.429  ; 10.100 ; 10.121 ;
; input2[0]  ; sum[7]      ; 11.223 ; 11.219 ; 11.992 ; 11.931 ;
; input2[1]  ; carry_out   ; 9.998  ;        ;        ; 10.678 ;
; input2[1]  ; sum[1]      ; 6.619  ; 6.612  ; 7.031  ; 7.056  ;
; input2[1]  ; sum[2]      ; 6.881  ; 6.894  ; 7.379  ; 7.348  ;
; input2[1]  ; sum[3]      ; 7.475  ; 7.462  ; 8.014  ; 7.992  ;
; input2[1]  ; sum[4]      ; 8.140  ; 8.136  ; 8.674  ; 8.702  ;
; input2[1]  ; sum[5]      ; 8.455  ; 8.487  ; 9.074  ; 9.062  ;
; input2[1]  ; sum[6]      ; 8.985  ; 9.009  ; 9.662  ; 9.683  ;
; input2[1]  ; sum[7]      ; 10.803 ; 10.799 ; 11.554 ; 11.493 ;
; input2[2]  ; carry_out   ; 9.567  ;        ;        ; 10.211 ;
; input2[2]  ; sum[2]      ; 6.448  ; 6.464  ; 6.921  ; 6.880  ;
; input2[2]  ; sum[3]      ; 7.044  ; 7.031  ; 7.547  ; 7.525  ;
; input2[2]  ; sum[4]      ; 7.709  ; 7.705  ; 8.207  ; 8.235  ;
; input2[2]  ; sum[5]      ; 8.024  ; 8.056  ; 8.607  ; 8.595  ;
; input2[2]  ; sum[6]      ; 8.554  ; 8.578  ; 9.195  ; 9.216  ;
; input2[2]  ; sum[7]      ; 10.372 ; 10.368 ; 11.087 ; 11.026 ;
; input2[3]  ; carry_out   ; 9.789  ;        ;        ; 10.397 ;
; input2[3]  ; sum[3]      ; 7.278  ; 7.289  ; 7.720  ; 7.728  ;
; input2[3]  ; sum[4]      ; 7.931  ; 7.927  ; 8.393  ; 8.421  ;
; input2[3]  ; sum[5]      ; 8.246  ; 8.278  ; 8.793  ; 8.781  ;
; input2[3]  ; sum[6]      ; 8.776  ; 8.800  ; 9.381  ; 9.402  ;
; input2[3]  ; sum[7]      ; 10.594 ; 10.590 ; 11.273 ; 11.212 ;
; input2[4]  ; carry_out   ; 8.811  ;        ;        ; 9.380  ;
; input2[4]  ; sum[4]      ; 6.964  ; 6.997  ; 7.407  ; 7.383  ;
; input2[4]  ; sum[5]      ; 7.268  ; 7.300  ; 7.776  ; 7.764  ;
; input2[4]  ; sum[6]      ; 7.798  ; 7.822  ; 8.364  ; 8.385  ;
; input2[4]  ; sum[7]      ; 9.616  ; 9.612  ; 10.256 ; 10.195 ;
; input2[5]  ; carry_out   ; 8.313  ;        ;        ; 8.826  ;
; input2[5]  ; sum[5]      ; 6.767  ; 6.802  ; 7.229  ; 7.207  ;
; input2[5]  ; sum[6]      ; 7.300  ; 7.324  ; 7.810  ; 7.831  ;
; input2[5]  ; sum[7]      ; 9.118  ; 9.114  ; 9.702  ; 9.641  ;
; input2[6]  ; carry_out   ; 7.552  ;        ;        ; 7.960  ;
; input2[6]  ; sum[6]      ; 6.526  ; 6.524  ; 6.917  ; 6.947  ;
; input2[6]  ; sum[7]      ; 8.357  ; 8.353  ; 8.836  ; 8.775  ;
; input2[7]  ; carry_out   ; 7.418  ;        ;        ; 7.802  ;
; input2[7]  ; sum[7]      ; 8.207  ; 8.166  ; 8.641  ; 8.632  ;
+------------+-------------+--------+--------+--------+--------+


+--------------------------------------------------------------+
; Minimum Propagation Delay                                    ;
+------------+-------------+--------+--------+--------+--------+
; Input Port ; Output Port ; RR     ; RF     ; FR     ; FF     ;
+------------+-------------+--------+--------+--------+--------+
; carry_in   ; carry_out   ; 10.021 ;        ;        ; 10.564 ;
; carry_in   ; sum[0]      ; 6.553  ; 6.521  ; 6.953  ; 6.952  ;
; carry_in   ; sum[1]      ; 6.976  ; 6.970  ; 7.423  ; 7.408  ;
; carry_in   ; sum[2]      ; 7.163  ; 7.166  ; 7.650  ; 7.646  ;
; carry_in   ; sum[3]      ; 7.763  ; 7.750  ; 8.243  ; 8.221  ;
; carry_in   ; sum[4]      ; 8.398  ; 8.393  ; 8.874  ; 8.900  ;
; carry_in   ; sum[5]      ; 8.636  ; 8.656  ; 9.192  ; 9.186  ;
; carry_in   ; sum[6]      ; 9.092  ; 9.118  ; 9.685  ; 9.674  ;
; carry_in   ; sum[7]      ; 10.784 ; 10.767 ; 11.415 ; 11.370 ;
; input1[0]  ; carry_out   ; 9.663  ;        ;        ; 10.182 ;
; input1[0]  ; sum[0]      ; 6.195  ; 6.165  ; 6.608  ; 6.569  ;
; input1[0]  ; sum[1]      ; 6.618  ; 6.612  ; 7.041  ; 7.026  ;
; input1[0]  ; sum[2]      ; 6.805  ; 6.808  ; 7.268  ; 7.264  ;
; input1[0]  ; sum[3]      ; 7.405  ; 7.392  ; 7.861  ; 7.839  ;
; input1[0]  ; sum[4]      ; 8.040  ; 8.035  ; 8.492  ; 8.518  ;
; input1[0]  ; sum[5]      ; 8.278  ; 8.298  ; 8.810  ; 8.804  ;
; input1[0]  ; sum[6]      ; 8.734  ; 8.760  ; 9.303  ; 9.292  ;
; input1[0]  ; sum[7]      ; 10.426 ; 10.409 ; 11.033 ; 10.988 ;
; input1[1]  ; carry_out   ; 9.608  ;        ;        ; 10.123 ;
; input1[1]  ; sum[1]      ; 6.565  ; 6.586  ; 6.977  ; 6.961  ;
; input1[1]  ; sum[2]      ; 6.750  ; 6.753  ; 7.209  ; 7.205  ;
; input1[1]  ; sum[3]      ; 7.350  ; 7.337  ; 7.802  ; 7.780  ;
; input1[1]  ; sum[4]      ; 7.985  ; 7.980  ; 8.433  ; 8.459  ;
; input1[1]  ; sum[5]      ; 8.223  ; 8.243  ; 8.751  ; 8.745  ;
; input1[1]  ; sum[6]      ; 8.679  ; 8.705  ; 9.244  ; 9.233  ;
; input1[1]  ; sum[7]      ; 10.371 ; 10.354 ; 10.974 ; 10.929 ;
; input1[2]  ; carry_out   ; 9.417  ;        ;        ; 9.989  ;
; input1[2]  ; sum[2]      ; 6.575  ; 6.556  ; 7.075  ; 7.047  ;
; input1[2]  ; sum[3]      ; 7.159  ; 7.146  ; 7.668  ; 7.646  ;
; input1[2]  ; sum[4]      ; 7.794  ; 7.789  ; 8.299  ; 8.325  ;
; input1[2]  ; sum[5]      ; 8.032  ; 8.052  ; 8.617  ; 8.611  ;
; input1[2]  ; sum[6]      ; 8.488  ; 8.514  ; 9.110  ; 9.099  ;
; input1[2]  ; sum[7]      ; 10.180 ; 10.163 ; 10.840 ; 10.795 ;
; input1[3]  ; carry_out   ; 8.706  ;        ;        ; 9.185  ;
; input1[3]  ; sum[3]      ; 6.445  ; 6.430  ; 6.826  ; 6.842  ;
; input1[3]  ; sum[4]      ; 7.083  ; 7.078  ; 7.495  ; 7.521  ;
; input1[3]  ; sum[5]      ; 7.321  ; 7.341  ; 7.813  ; 7.807  ;
; input1[3]  ; sum[6]      ; 7.777  ; 7.803  ; 8.306  ; 8.295  ;
; input1[3]  ; sum[7]      ; 9.469  ; 9.452  ; 10.036 ; 9.991  ;
; input1[4]  ; carry_out   ; 8.417  ;        ;        ; 8.883  ;
; input1[4]  ; sum[4]      ; 6.793  ; 6.811  ; 7.231  ; 7.223  ;
; input1[4]  ; sum[5]      ; 7.032  ; 7.052  ; 7.511  ; 7.505  ;
; input1[4]  ; sum[6]      ; 7.488  ; 7.514  ; 8.004  ; 7.993  ;
; input1[4]  ; sum[7]      ; 9.180  ; 9.163  ; 9.734  ; 9.689  ;
; input1[5]  ; carry_out   ; 7.787  ;        ;        ; 8.220  ;
; input1[5]  ; sum[5]      ; 6.399  ; 6.396  ; 6.806  ; 6.834  ;
; input1[5]  ; sum[6]      ; 6.858  ; 6.884  ; 7.341  ; 7.330  ;
; input1[5]  ; sum[7]      ; 8.550  ; 8.533  ; 9.071  ; 9.026  ;
; input1[6]  ; carry_out   ; 7.386  ;        ;        ; 7.778  ;
; input1[6]  ; sum[6]      ; 6.458  ; 6.457  ; 6.908  ; 6.898  ;
; input1[6]  ; sum[7]      ; 8.149  ; 8.132  ; 8.629  ; 8.584  ;
; input1[7]  ; carry_out   ; 6.666  ;        ;        ; 6.997  ;
; input1[7]  ; sum[7]      ; 7.428  ; 7.409  ; 7.848  ; 7.803  ;
; input2[0]  ; carry_out   ; 9.869  ;        ;        ; 10.414 ;
; input2[0]  ; sum[0]      ; 6.401  ; 6.396  ; 6.834  ; 6.794  ;
; input2[0]  ; sum[1]      ; 6.824  ; 6.818  ; 7.273  ; 7.258  ;
; input2[0]  ; sum[2]      ; 7.011  ; 7.014  ; 7.500  ; 7.496  ;
; input2[0]  ; sum[3]      ; 7.611  ; 7.598  ; 8.093  ; 8.071  ;
; input2[0]  ; sum[4]      ; 8.246  ; 8.241  ; 8.724  ; 8.750  ;
; input2[0]  ; sum[5]      ; 8.484  ; 8.504  ; 9.042  ; 9.036  ;
; input2[0]  ; sum[6]      ; 8.940  ; 8.966  ; 9.535  ; 9.524  ;
; input2[0]  ; sum[7]      ; 10.632 ; 10.615 ; 11.265 ; 11.220 ;
; input2[1]  ; carry_out   ; 9.511  ;        ;        ; 10.048 ;
; input2[1]  ; sum[1]      ; 6.467  ; 6.459  ; 6.869  ; 6.892  ;
; input2[1]  ; sum[2]      ; 6.653  ; 6.656  ; 7.134  ; 7.130  ;
; input2[1]  ; sum[3]      ; 7.253  ; 7.240  ; 7.727  ; 7.705  ;
; input2[1]  ; sum[4]      ; 7.888  ; 7.883  ; 8.358  ; 8.384  ;
; input2[1]  ; sum[5]      ; 8.126  ; 8.146  ; 8.676  ; 8.670  ;
; input2[1]  ; sum[6]      ; 8.582  ; 8.608  ; 9.169  ; 9.158  ;
; input2[1]  ; sum[7]      ; 10.274 ; 10.257 ; 10.899 ; 10.854 ;
; input2[2]  ; carry_out   ; 9.096  ;        ;        ; 9.599  ;
; input2[2]  ; sum[2]      ; 6.242  ; 6.248  ; 6.686  ; 6.680  ;
; input2[2]  ; sum[3]      ; 6.838  ; 6.825  ; 7.278  ; 7.256  ;
; input2[2]  ; sum[4]      ; 7.473  ; 7.468  ; 7.909  ; 7.935  ;
; input2[2]  ; sum[5]      ; 7.711  ; 7.731  ; 8.227  ; 8.221  ;
; input2[2]  ; sum[6]      ; 8.167  ; 8.193  ; 8.720  ; 8.709  ;
; input2[2]  ; sum[7]      ; 9.859  ; 9.842  ; 10.450 ; 10.405 ;
; input2[3]  ; carry_out   ; 9.297  ;        ;        ; 9.806  ;
; input2[3]  ; sum[3]      ; 7.038  ; 7.052  ; 7.477  ; 7.454  ;
; input2[3]  ; sum[4]      ; 7.674  ; 7.669  ; 8.116  ; 8.142  ;
; input2[3]  ; sum[5]      ; 7.912  ; 7.932  ; 8.434  ; 8.428  ;
; input2[3]  ; sum[6]      ; 8.368  ; 8.394  ; 8.927  ; 8.916  ;
; input2[3]  ; sum[7]      ; 10.060 ; 10.043 ; 10.657 ; 10.612 ;
; input2[4]  ; carry_out   ; 8.363  ;        ;        ; 8.805  ;
; input2[4]  ; sum[4]      ; 6.741  ; 6.761  ; 7.153  ; 7.145  ;
; input2[4]  ; sum[5]      ; 6.978  ; 6.998  ; 7.433  ; 7.427  ;
; input2[4]  ; sum[6]      ; 7.434  ; 7.460  ; 7.926  ; 7.915  ;
; input2[4]  ; sum[7]      ; 9.126  ; 9.109  ; 9.656  ; 9.611  ;
; input2[5]  ; carry_out   ; 7.938  ;        ;        ; 8.357  ;
; input2[5]  ; sum[5]      ; 6.553  ; 6.575  ; 6.983  ; 6.977  ;
; input2[5]  ; sum[6]      ; 7.009  ; 7.035  ; 7.478  ; 7.467  ;
; input2[5]  ; sum[7]      ; 8.701  ; 8.684  ; 9.208  ; 9.163  ;
; input2[6]  ; carry_out   ; 7.305  ;        ;        ; 7.666  ;
; input2[6]  ; sum[6]      ; 6.375  ; 6.372  ; 6.757  ; 6.785  ;
; input2[6]  ; sum[7]      ; 8.068  ; 8.051  ; 8.517  ; 8.472  ;
; input2[7]  ; carry_out   ; 7.221  ;        ;        ; 7.596  ;
; input2[7]  ; sum[7]      ; 7.978  ; 7.936  ; 8.403  ; 8.392  ;
+------------+-------------+--------+--------+--------+--------+


----------------------------------------------
; Slow 1200mV 85C Model Metastability Report ;
----------------------------------------------
No synchronizer chains to report.


-------------------------------------
; Slow 1200mV 0C Model Fmax Summary ;
-------------------------------------
No paths to report.


--------------------------------------
; Slow 1200mV 0C Model Setup Summary ;
--------------------------------------
No paths to report.


-------------------------------------
; Slow 1200mV 0C Model Hold Summary ;
-------------------------------------
No paths to report.


-----------------------------------------
; Slow 1200mV 0C Model Recovery Summary ;
-----------------------------------------
No paths to report.


----------------------------------------
; Slow 1200mV 0C Model Removal Summary ;
----------------------------------------
No paths to report.


----------------------------------------------------
; Slow 1200mV 0C Model Minimum Pulse Width Summary ;
----------------------------------------------------
No paths to report.


+--------------------------------------------------------------+
; Propagation Delay                                            ;
+------------+-------------+--------+--------+--------+--------+
; Input Port ; Output Port ; RR     ; RF     ; FR     ; FF     ;
+------------+-------------+--------+--------+--------+--------+
; carry_in   ; carry_out   ; 9.702  ;        ;        ; 10.192 ;
; carry_in   ; sum[0]      ; 6.255  ; 6.195  ; 6.598  ; 6.567  ;
; carry_in   ; sum[1]      ; 6.645  ; 6.610  ; 7.024  ; 6.981  ;
; carry_in   ; sum[2]      ; 6.875  ; 6.871  ; 7.285  ; 7.245  ;
; carry_in   ; sum[3]      ; 7.417  ; 7.383  ; 7.861  ; 7.819  ;
; carry_in   ; sum[4]      ; 8.021  ; 7.981  ; 8.459  ; 8.448  ;
; carry_in   ; sum[5]      ; 8.301  ; 8.304  ; 8.805  ; 8.772  ;
; carry_in   ; sum[6]      ; 8.780  ; 8.773  ; 9.329  ; 9.318  ;
; carry_in   ; sum[7]      ; 10.442 ; 10.356 ; 11.049 ; 10.916 ;
; input1[0]  ; carry_out   ; 9.359  ;        ;        ; 9.820  ;
; input1[0]  ; sum[0]      ; 5.912  ; 5.854  ; 6.262  ; 6.196  ;
; input1[0]  ; sum[1]      ; 6.302  ; 6.267  ; 6.652  ; 6.609  ;
; input1[0]  ; sum[2]      ; 6.532  ; 6.528  ; 6.913  ; 6.873  ;
; input1[0]  ; sum[3]      ; 7.074  ; 7.040  ; 7.489  ; 7.447  ;
; input1[0]  ; sum[4]      ; 7.678  ; 7.638  ; 8.087  ; 8.076  ;
; input1[0]  ; sum[5]      ; 7.958  ; 7.961  ; 8.433  ; 8.400  ;
; input1[0]  ; sum[6]      ; 8.437  ; 8.430  ; 8.957  ; 8.946  ;
; input1[0]  ; sum[7]      ; 10.099 ; 10.013 ; 10.677 ; 10.544 ;
; input1[1]  ; carry_out   ; 9.343  ;        ;        ; 9.823  ;
; input1[1]  ; sum[1]      ; 6.298  ; 6.285  ; 6.647  ; 6.630  ;
; input1[1]  ; sum[2]      ; 6.516  ; 6.512  ; 6.916  ; 6.876  ;
; input1[1]  ; sum[3]      ; 7.058  ; 7.024  ; 7.492  ; 7.450  ;
; input1[1]  ; sum[4]      ; 7.662  ; 7.622  ; 8.090  ; 8.079  ;
; input1[1]  ; sum[5]      ; 7.942  ; 7.945  ; 8.436  ; 8.403  ;
; input1[1]  ; sum[6]      ; 8.421  ; 8.414  ; 8.960  ; 8.949  ;
; input1[1]  ; sum[7]      ; 10.083 ; 9.997  ; 10.680 ; 10.547 ;
; input1[2]  ; carry_out   ; 9.112  ;        ;        ; 9.577  ;
; input1[2]  ; sum[2]      ; 6.268  ; 6.237  ; 6.687  ; 6.648  ;
; input1[2]  ; sum[3]      ; 6.827  ; 6.793  ; 7.246  ; 7.204  ;
; input1[2]  ; sum[4]      ; 7.431  ; 7.391  ; 7.844  ; 7.833  ;
; input1[2]  ; sum[5]      ; 7.711  ; 7.714  ; 8.190  ; 8.157  ;
; input1[2]  ; sum[6]      ; 8.190  ; 8.183  ; 8.714  ; 8.703  ;
; input1[2]  ; sum[7]      ; 9.852  ; 9.766  ; 10.434 ; 10.301 ;
; input1[3]  ; carry_out   ; 8.418  ;        ;        ; 8.829  ;
; input1[3]  ; sum[3]      ; 6.129  ; 6.093  ; 6.463  ; 6.456  ;
; input1[3]  ; sum[4]      ; 6.737  ; 6.697  ; 7.096  ; 7.085  ;
; input1[3]  ; sum[5]      ; 7.017  ; 7.020  ; 7.442  ; 7.409  ;
; input1[3]  ; sum[6]      ; 7.496  ; 7.489  ; 7.966  ; 7.955  ;
; input1[3]  ; sum[7]      ; 9.158  ; 9.072  ; 9.686  ; 9.553  ;
; input1[4]  ; carry_out   ; 8.192  ;        ;        ; 8.610  ;
; input1[4]  ; sum[4]      ; 6.522  ; 6.511  ; 6.896  ; 6.849  ;
; input1[4]  ; sum[5]      ; 6.791  ; 6.794  ; 7.223  ; 7.190  ;
; input1[4]  ; sum[6]      ; 7.270  ; 7.263  ; 7.747  ; 7.736  ;
; input1[4]  ; sum[7]      ; 8.932  ; 8.846  ; 9.467  ; 9.334  ;
; input1[5]  ; carry_out   ; 7.506  ;        ;        ; 7.847  ;
; input1[5]  ; sum[5]      ; 6.091  ; 6.065  ; 6.439  ; 6.442  ;
; input1[5]  ; sum[6]      ; 6.584  ; 6.577  ; 6.984  ; 6.973  ;
; input1[5]  ; sum[7]      ; 8.246  ; 8.160  ; 8.704  ; 8.571  ;
; input1[6]  ; carry_out   ; 7.083  ;        ;        ; 7.389  ;
; input1[6]  ; sum[6]      ; 6.152  ; 6.123  ; 6.541  ; 6.504  ;
; input1[6]  ; sum[7]      ; 7.823  ; 7.737  ; 8.246  ; 8.113  ;
; input1[7]  ; carry_out   ; 6.392  ;        ;        ; 6.655  ;
; input1[7]  ; sum[7]      ; 7.133  ; 7.043  ; 7.506  ; 7.380  ;
; input2[0]  ; carry_out   ; 9.590  ;        ;        ; 10.088 ;
; input2[0]  ; sum[0]      ; 6.151  ; 6.119  ; 6.530  ; 6.484  ;
; input2[0]  ; sum[1]      ; 6.533  ; 6.498  ; 6.920  ; 6.877  ;
; input2[0]  ; sum[2]      ; 6.763  ; 6.759  ; 7.181  ; 7.141  ;
; input2[0]  ; sum[3]      ; 7.305  ; 7.271  ; 7.757  ; 7.715  ;
; input2[0]  ; sum[4]      ; 7.909  ; 7.869  ; 8.355  ; 8.344  ;
; input2[0]  ; sum[5]      ; 8.189  ; 8.192  ; 8.701  ; 8.668  ;
; input2[0]  ; sum[6]      ; 8.668  ; 8.661  ; 9.225  ; 9.214  ;
; input2[0]  ; sum[7]      ; 10.330 ; 10.244 ; 10.945 ; 10.812 ;
; input2[1]  ; carry_out   ; 9.209  ;        ;        ; 9.704  ;
; input2[1]  ; sum[1]      ; 6.153  ; 6.116  ; 6.501  ; 6.493  ;
; input2[1]  ; sum[2]      ; 6.382  ; 6.378  ; 6.797  ; 6.757  ;
; input2[1]  ; sum[3]      ; 6.924  ; 6.890  ; 7.373  ; 7.331  ;
; input2[1]  ; sum[4]      ; 7.528  ; 7.488  ; 7.971  ; 7.960  ;
; input2[1]  ; sum[5]      ; 7.808  ; 7.811  ; 8.317  ; 8.284  ;
; input2[1]  ; sum[6]      ; 8.287  ; 8.280  ; 8.841  ; 8.830  ;
; input2[1]  ; sum[7]      ; 9.949  ; 9.863  ; 10.561 ; 10.428 ;
; input2[2]  ; carry_out   ; 8.819  ;        ;        ; 9.285  ;
; input2[2]  ; sum[2]      ; 5.988  ; 5.988  ; 6.385  ; 6.338  ;
; input2[2]  ; sum[3]      ; 6.534  ; 6.500  ; 6.954  ; 6.912  ;
; input2[2]  ; sum[4]      ; 7.138  ; 7.098  ; 7.552  ; 7.541  ;
; input2[2]  ; sum[5]      ; 7.418  ; 7.421  ; 7.898  ; 7.865  ;
; input2[2]  ; sum[6]      ; 7.897  ; 7.890  ; 8.422  ; 8.411  ;
; input2[2]  ; sum[7]      ; 9.559  ; 9.473  ; 10.142 ; 10.009 ;
; input2[3]  ; carry_out   ; 9.042  ;        ;        ; 9.464  ;
; input2[3]  ; sum[3]      ; 6.766  ; 6.754  ; 7.121  ; 7.105  ;
; input2[3]  ; sum[4]      ; 7.361  ; 7.321  ; 7.731  ; 7.720  ;
; input2[3]  ; sum[5]      ; 7.641  ; 7.644  ; 8.077  ; 8.044  ;
; input2[3]  ; sum[6]      ; 8.120  ; 8.113  ; 8.601  ; 8.590  ;
; input2[3]  ; sum[7]      ; 9.782  ; 9.696  ; 10.321 ; 10.188 ;
; input2[4]  ; carry_out   ; 8.145  ;        ;        ; 8.546  ;
; input2[4]  ; sum[4]      ; 6.475  ; 6.468  ; 6.838  ; 6.784  ;
; input2[4]  ; sum[5]      ; 6.744  ; 6.747  ; 7.159  ; 7.126  ;
; input2[4]  ; sum[6]      ; 7.223  ; 7.216  ; 7.683  ; 7.672  ;
; input2[4]  ; sum[7]      ; 8.885  ; 8.799  ; 9.403  ; 9.270  ;
; input2[5]  ; carry_out   ; 7.691  ;        ;        ; 8.048  ;
; input2[5]  ; sum[5]      ; 6.289  ; 6.296  ; 6.665  ; 6.625  ;
; input2[5]  ; sum[6]      ; 6.769  ; 6.762  ; 7.185  ; 7.174  ;
; input2[5]  ; sum[7]      ; 8.431  ; 8.345  ; 8.905  ; 8.772  ;
; input2[6]  ; carry_out   ; 7.007  ;        ;        ; 7.294  ;
; input2[6]  ; sum[6]      ; 6.075  ; 6.044  ; 6.409  ; 6.407  ;
; input2[6]  ; sum[7]      ; 7.747  ; 7.661  ; 8.151  ; 8.018  ;
; input2[7]  ; carry_out   ; 6.887  ;        ;        ; 7.136  ;
; input2[7]  ; sum[7]      ; 7.612  ; 7.493  ; 7.960  ; 7.870  ;
+------------+-------------+--------+--------+--------+--------+


+------------------------------------------------------------+
; Minimum Propagation Delay                                  ;
+------------+-------------+-------+-------+--------+--------+
; Input Port ; Output Port ; RR    ; RF    ; FR     ; FF     ;
+------------+-------------+-------+-------+--------+--------+
; carry_in   ; carry_out   ; 9.249 ;       ;        ; 9.616  ;
; carry_in   ; sum[0]      ; 6.119 ; 6.061 ; 6.454  ; 6.424  ;
; carry_in   ; sum[1]      ; 6.494 ; 6.460 ; 6.862  ; 6.822  ;
; carry_in   ; sum[2]      ; 6.653 ; 6.647 ; 7.053  ; 7.038  ;
; carry_in   ; sum[3]      ; 7.206 ; 7.172 ; 7.592  ; 7.552  ;
; carry_in   ; sum[4]      ; 7.784 ; 7.745 ; 8.164  ; 8.153  ;
; carry_in   ; sum[5]      ; 7.994 ; 7.994 ; 8.438  ; 8.410  ;
; carry_in   ; sum[6]      ; 8.405 ; 8.404 ; 8.874  ; 8.838  ;
; carry_in   ; sum[7]      ; 9.950 ; 9.859 ; 10.449 ; 10.329 ;
; input1[0]  ; carry_out   ; 8.923 ;       ;        ; 9.262  ;
; input1[0]  ; sum[0]      ; 5.793 ; 5.737 ; 6.133  ; 6.071  ;
; input1[0]  ; sum[1]      ; 6.168 ; 6.134 ; 6.508  ; 6.468  ;
; input1[0]  ; sum[2]      ; 6.327 ; 6.321 ; 6.699  ; 6.684  ;
; input1[0]  ; sum[3]      ; 6.880 ; 6.846 ; 7.238  ; 7.198  ;
; input1[0]  ; sum[4]      ; 7.458 ; 7.419 ; 7.810  ; 7.799  ;
; input1[0]  ; sum[5]      ; 7.668 ; 7.668 ; 8.084  ; 8.056  ;
; input1[0]  ; sum[6]      ; 8.079 ; 8.078 ; 8.520  ; 8.484  ;
; input1[0]  ; sum[7]      ; 9.624 ; 9.533 ; 10.095 ; 9.975  ;
; input1[1]  ; carry_out   ; 8.859 ;       ;        ; 9.209  ;
; input1[1]  ; sum[1]      ; 6.105 ; 6.099 ; 6.452  ; 6.411  ;
; input1[1]  ; sum[2]      ; 6.263 ; 6.257 ; 6.646  ; 6.631  ;
; input1[1]  ; sum[3]      ; 6.816 ; 6.782 ; 7.185  ; 7.145  ;
; input1[1]  ; sum[4]      ; 7.394 ; 7.355 ; 7.757  ; 7.746  ;
; input1[1]  ; sum[5]      ; 7.604 ; 7.604 ; 8.031  ; 8.003  ;
; input1[1]  ; sum[6]      ; 8.015 ; 8.014 ; 8.467  ; 8.431  ;
; input1[1]  ; sum[7]      ; 9.560 ; 9.469 ; 10.042 ; 9.922  ;
; input1[2]  ; carry_out   ; 8.710 ;       ;        ; 9.101  ;
; input1[2]  ; sum[2]      ; 6.131 ; 6.100 ; 6.538  ; 6.501  ;
; input1[2]  ; sum[3]      ; 6.667 ; 6.633 ; 7.077  ; 7.037  ;
; input1[2]  ; sum[4]      ; 7.245 ; 7.206 ; 7.649  ; 7.638  ;
; input1[2]  ; sum[5]      ; 7.455 ; 7.455 ; 7.923  ; 7.895  ;
; input1[2]  ; sum[6]      ; 7.866 ; 7.865 ; 8.359  ; 8.323  ;
; input1[2]  ; sum[7]      ; 9.411 ; 9.320 ; 9.934  ; 9.814  ;
; input1[3]  ; carry_out   ; 8.044 ;       ;        ; 8.382  ;
; input1[3]  ; sum[3]      ; 5.999 ; 5.963 ; 6.325  ; 6.317  ;
; input1[3]  ; sum[4]      ; 6.579 ; 6.540 ; 6.930  ; 6.919  ;
; input1[3]  ; sum[5]      ; 6.789 ; 6.789 ; 7.204  ; 7.176  ;
; input1[3]  ; sum[6]      ; 7.200 ; 7.199 ; 7.640  ; 7.604  ;
; input1[3]  ; sum[7]      ; 8.745 ; 8.654 ; 9.215  ; 9.095  ;
; input1[4]  ; carry_out   ; 7.785 ;       ;        ; 8.100  ;
; input1[4]  ; sum[4]      ; 6.320 ; 6.307 ; 6.682  ; 6.641  ;
; input1[4]  ; sum[5]      ; 6.530 ; 6.530 ; 6.922  ; 6.894  ;
; input1[4]  ; sum[6]      ; 6.941 ; 6.940 ; 7.358  ; 7.322  ;
; input1[4]  ; sum[7]      ; 8.486 ; 8.395 ; 8.933  ; 8.813  ;
; input1[5]  ; carry_out   ; 7.220 ;       ;        ; 7.515  ;
; input1[5]  ; sum[5]      ; 5.961 ; 5.935 ; 6.301  ; 6.303  ;
; input1[5]  ; sum[6]      ; 6.376 ; 6.375 ; 6.773  ; 6.737  ;
; input1[5]  ; sum[7]      ; 7.921 ; 7.830 ; 8.348  ; 8.228  ;
; input1[6]  ; carry_out   ; 6.860 ;       ;        ; 7.130  ;
; input1[6]  ; sum[6]      ; 6.017 ; 5.988 ; 6.397  ; 6.362  ;
; input1[6]  ; sum[7]      ; 7.561 ; 7.470 ; 7.963  ; 7.843  ;
; input1[7]  ; carry_out   ; 6.198 ;       ;        ; 6.426  ;
; input1[7]  ; sum[7]      ; 6.899 ; 6.807 ; 7.261  ; 7.141  ;
; input2[0]  ; carry_out   ; 9.098 ;       ;        ; 9.470  ;
; input2[0]  ; sum[0]      ; 5.968 ; 5.937 ; 6.333  ; 6.271  ;
; input2[0]  ; sum[1]      ; 6.343 ; 6.309 ; 6.716  ; 6.676  ;
; input2[0]  ; sum[2]      ; 6.502 ; 6.496 ; 6.907  ; 6.892  ;
; input2[0]  ; sum[3]      ; 7.055 ; 7.021 ; 7.446  ; 7.406  ;
; input2[0]  ; sum[4]      ; 7.633 ; 7.594 ; 8.018  ; 8.007  ;
; input2[0]  ; sum[5]      ; 7.843 ; 7.843 ; 8.292  ; 8.264  ;
; input2[0]  ; sum[6]      ; 8.254 ; 8.253 ; 8.728  ; 8.692  ;
; input2[0]  ; sum[7]      ; 9.799 ; 9.708 ; 10.303 ; 10.183 ;
; input2[1]  ; carry_out   ; 8.777 ;       ;        ; 9.147  ;
; input2[1]  ; sum[1]      ; 6.022 ; 5.986 ; 6.362  ; 6.354  ;
; input2[1]  ; sum[2]      ; 6.181 ; 6.175 ; 6.584  ; 6.569  ;
; input2[1]  ; sum[3]      ; 6.734 ; 6.700 ; 7.123  ; 7.083  ;
; input2[1]  ; sum[4]      ; 7.312 ; 7.273 ; 7.695  ; 7.684  ;
; input2[1]  ; sum[5]      ; 7.522 ; 7.522 ; 7.969  ; 7.941  ;
; input2[1]  ; sum[6]      ; 7.933 ; 7.932 ; 8.405  ; 8.369  ;
; input2[1]  ; sum[7]      ; 9.478 ; 9.387 ; 9.980  ; 9.860  ;
; input2[2]  ; carry_out   ; 8.400 ;       ;        ; 8.747  ;
; input2[2]  ; sum[2]      ; 5.808 ; 5.804 ; 6.183  ; 6.167  ;
; input2[2]  ; sum[3]      ; 6.357 ; 6.323 ; 6.723  ; 6.683  ;
; input2[2]  ; sum[4]      ; 6.935 ; 6.896 ; 7.295  ; 7.284  ;
; input2[2]  ; sum[5]      ; 7.145 ; 7.145 ; 7.569  ; 7.541  ;
; input2[2]  ; sum[6]      ; 7.556 ; 7.555 ; 8.005  ; 7.969  ;
; input2[2]  ; sum[7]      ; 9.101 ; 9.010 ; 9.580  ; 9.460  ;
; input2[3]  ; carry_out   ; 8.597 ;       ;        ; 8.939  ;
; input2[3]  ; sum[3]      ; 6.554 ; 6.548 ; 6.907  ; 6.866  ;
; input2[3]  ; sum[4]      ; 7.132 ; 7.093 ; 7.487  ; 7.476  ;
; input2[3]  ; sum[5]      ; 7.342 ; 7.342 ; 7.761  ; 7.733  ;
; input2[3]  ; sum[6]      ; 7.753 ; 7.752 ; 8.197  ; 8.161  ;
; input2[3]  ; sum[7]      ; 9.298 ; 9.207 ; 9.772  ; 9.652  ;
; input2[4]  ; carry_out   ; 7.742 ;       ;        ; 8.039  ;
; input2[4]  ; sum[4]      ; 6.278 ; 6.266 ; 6.620  ; 6.579  ;
; input2[4]  ; sum[5]      ; 6.487 ; 6.487 ; 6.861  ; 6.833  ;
; input2[4]  ; sum[6]      ; 6.898 ; 6.897 ; 7.297  ; 7.261  ;
; input2[4]  ; sum[7]      ; 8.443 ; 8.352 ; 8.872  ; 8.752  ;
; input2[5]  ; carry_out   ; 7.356 ;       ;        ; 7.636  ;
; input2[5]  ; sum[5]      ; 6.101 ; 6.102 ; 6.455  ; 6.427  ;
; input2[5]  ; sum[6]      ; 6.512 ; 6.511 ; 6.894  ; 6.858  ;
; input2[5]  ; sum[7]      ; 8.057 ; 7.966 ; 8.469  ; 8.349  ;
; input2[6]  ; carry_out   ; 6.789 ;       ;        ; 7.039  ;
; input2[6]  ; sum[6]      ; 5.945 ; 5.914 ; 6.272  ; 6.269  ;
; input2[6]  ; sum[7]      ; 7.490 ; 7.399 ; 7.872  ; 7.752  ;
; input2[7]  ; carry_out   ; 6.716 ;       ;        ; 6.959  ;
; input2[7]  ; sum[7]      ; 7.411 ; 7.293 ; 7.752  ; 7.662  ;
+------------+-------------+-------+-------+--------+--------+


---------------------------------------------
; Slow 1200mV 0C Model Metastability Report ;
---------------------------------------------
No synchronizer chains to report.


--------------------------------------
; Fast 1200mV 0C Model Setup Summary ;
--------------------------------------
No paths to report.


-------------------------------------
; Fast 1200mV 0C Model Hold Summary ;
-------------------------------------
No paths to report.


-----------------------------------------
; Fast 1200mV 0C Model Recovery Summary ;
-----------------------------------------
No paths to report.


----------------------------------------
; Fast 1200mV 0C Model Removal Summary ;
----------------------------------------
No paths to report.


----------------------------------------------------
; Fast 1200mV 0C Model Minimum Pulse Width Summary ;
----------------------------------------------------
No paths to report.


+----------------------------------------------------------+
; Propagation Delay                                        ;
+------------+-------------+-------+-------+-------+-------+
; Input Port ; Output Port ; RR    ; RF    ; FR    ; FF    ;
+------------+-------------+-------+-------+-------+-------+
; carry_in   ; carry_out   ; 5.993 ;       ;       ; 6.865 ;
; carry_in   ; sum[0]      ; 4.019 ; 4.024 ; 4.584 ; 4.607 ;
; carry_in   ; sum[1]      ; 4.266 ; 4.288 ; 4.866 ; 4.881 ;
; carry_in   ; sum[2]      ; 4.383 ; 4.399 ; 5.025 ; 5.009 ;
; carry_in   ; sum[3]      ; 4.710 ; 4.735 ; 5.375 ; 5.393 ;
; carry_in   ; sum[4]      ; 5.080 ; 5.120 ; 5.747 ; 5.805 ;
; carry_in   ; sum[5]      ; 5.238 ; 5.275 ; 5.973 ; 5.978 ;
; carry_in   ; sum[6]      ; 5.521 ; 5.552 ; 6.294 ; 6.316 ;
; carry_in   ; sum[7]      ; 6.502 ; 6.624 ; 7.327 ; 7.410 ;
; input1[0]  ; carry_out   ; 5.776 ;       ;       ; 6.624 ;
; input1[0]  ; sum[0]      ; 3.802 ; 3.810 ; 4.364 ; 4.365 ;
; input1[0]  ; sum[1]      ; 4.049 ; 4.071 ; 4.625 ; 4.640 ;
; input1[0]  ; sum[2]      ; 4.166 ; 4.182 ; 4.784 ; 4.768 ;
; input1[0]  ; sum[3]      ; 4.493 ; 4.518 ; 5.134 ; 5.152 ;
; input1[0]  ; sum[4]      ; 4.863 ; 4.903 ; 5.506 ; 5.564 ;
; input1[0]  ; sum[5]      ; 5.021 ; 5.058 ; 5.732 ; 5.737 ;
; input1[0]  ; sum[6]      ; 5.304 ; 5.335 ; 6.053 ; 6.075 ;
; input1[0]  ; sum[7]      ; 6.285 ; 6.407 ; 7.086 ; 7.169 ;
; input1[1]  ; carry_out   ; 5.763 ;       ;       ; 6.630 ;
; input1[1]  ; sum[1]      ; 4.044 ; 4.076 ; 4.634 ; 4.657 ;
; input1[1]  ; sum[2]      ; 4.153 ; 4.169 ; 4.790 ; 4.774 ;
; input1[1]  ; sum[3]      ; 4.480 ; 4.505 ; 5.140 ; 5.158 ;
; input1[1]  ; sum[4]      ; 4.850 ; 4.890 ; 5.512 ; 5.570 ;
; input1[1]  ; sum[5]      ; 5.008 ; 5.045 ; 5.738 ; 5.743 ;
; input1[1]  ; sum[6]      ; 5.291 ; 5.322 ; 6.059 ; 6.081 ;
; input1[1]  ; sum[7]      ; 6.272 ; 6.394 ; 7.092 ; 7.175 ;
; input1[2]  ; carry_out   ; 5.658 ;       ;       ; 6.532 ;
; input1[2]  ; sum[2]      ; 4.043 ; 4.045 ; 4.695 ; 4.690 ;
; input1[2]  ; sum[3]      ; 4.375 ; 4.400 ; 5.042 ; 5.060 ;
; input1[2]  ; sum[4]      ; 4.745 ; 4.785 ; 5.414 ; 5.472 ;
; input1[2]  ; sum[5]      ; 4.903 ; 4.940 ; 5.640 ; 5.645 ;
; input1[2]  ; sum[6]      ; 5.186 ; 5.217 ; 5.961 ; 5.983 ;
; input1[2]  ; sum[7]      ; 6.167 ; 6.289 ; 6.994 ; 7.077 ;
; input1[3]  ; carry_out   ; 5.216 ;       ;       ; 5.999 ;
; input1[3]  ; sum[3]      ; 3.932 ; 3.954 ; 4.487 ; 4.527 ;
; input1[3]  ; sum[4]      ; 4.303 ; 4.343 ; 4.881 ; 4.939 ;
; input1[3]  ; sum[5]      ; 4.461 ; 4.498 ; 5.107 ; 5.112 ;
; input1[3]  ; sum[6]      ; 4.744 ; 4.775 ; 5.428 ; 5.450 ;
; input1[3]  ; sum[7]      ; 5.725 ; 5.847 ; 6.461 ; 6.544 ;
; input1[4]  ; carry_out   ; 5.108 ;       ;       ; 5.892 ;
; input1[4]  ; sum[4]      ; 4.201 ; 4.258 ; 4.796 ; 4.821 ;
; input1[4]  ; sum[5]      ; 4.353 ; 4.390 ; 5.000 ; 5.005 ;
; input1[4]  ; sum[6]      ; 4.636 ; 4.667 ; 5.321 ; 5.343 ;
; input1[4]  ; sum[7]      ; 5.617 ; 5.739 ; 6.354 ; 6.437 ;
; input1[5]  ; carry_out   ; 4.691 ;       ;       ; 5.391 ;
; input1[5]  ; sum[5]      ; 3.928 ; 3.948 ; 4.476 ; 4.514 ;
; input1[5]  ; sum[6]      ; 4.219 ; 4.250 ; 4.820 ; 4.842 ;
; input1[5]  ; sum[7]      ; 5.200 ; 5.322 ; 5.853 ; 5.936 ;
; input1[6]  ; carry_out   ; 4.432 ;       ;       ; 5.139 ;
; input1[6]  ; sum[6]      ; 3.955 ; 3.976 ; 4.569 ; 4.583 ;
; input1[6]  ; sum[7]      ; 4.941 ; 5.063 ; 5.601 ; 5.684 ;
; input1[7]  ; carry_out   ; 4.001 ;       ;       ; 4.628 ;
; input1[7]  ; sum[7]      ; 4.511 ; 4.632 ; 5.085 ; 5.174 ;
; input2[0]  ; carry_out   ; 5.917 ;       ;       ; 6.789 ;
; input2[0]  ; sum[0]      ; 3.949 ; 3.968 ; 4.537 ; 4.543 ;
; input2[0]  ; sum[1]      ; 4.190 ; 4.212 ; 4.790 ; 4.805 ;
; input2[0]  ; sum[2]      ; 4.307 ; 4.323 ; 4.949 ; 4.933 ;
; input2[0]  ; sum[3]      ; 4.634 ; 4.659 ; 5.299 ; 5.317 ;
; input2[0]  ; sum[4]      ; 5.004 ; 5.044 ; 5.671 ; 5.729 ;
; input2[0]  ; sum[5]      ; 5.162 ; 5.199 ; 5.897 ; 5.902 ;
; input2[0]  ; sum[6]      ; 5.445 ; 5.476 ; 6.218 ; 6.240 ;
; input2[0]  ; sum[7]      ; 6.426 ; 6.548 ; 7.251 ; 7.334 ;
; input2[1]  ; carry_out   ; 5.701 ;       ;       ; 6.544 ;
; input2[1]  ; sum[1]      ; 3.975 ; 3.994 ; 4.523 ; 4.560 ;
; input2[1]  ; sum[2]      ; 4.091 ; 4.107 ; 4.704 ; 4.688 ;
; input2[1]  ; sum[3]      ; 4.418 ; 4.443 ; 5.054 ; 5.072 ;
; input2[1]  ; sum[4]      ; 4.788 ; 4.828 ; 5.426 ; 5.484 ;
; input2[1]  ; sum[5]      ; 4.946 ; 4.983 ; 5.652 ; 5.657 ;
; input2[1]  ; sum[6]      ; 5.229 ; 5.260 ; 5.973 ; 5.995 ;
; input2[1]  ; sum[7]      ; 6.210 ; 6.332 ; 7.006 ; 7.089 ;
; input2[2]  ; carry_out   ; 5.468 ;       ;       ; 6.293 ;
; input2[2]  ; sum[2]      ; 3.857 ; 3.874 ; 4.458 ; 4.435 ;
; input2[2]  ; sum[3]      ; 4.185 ; 4.210 ; 4.803 ; 4.821 ;
; input2[2]  ; sum[4]      ; 4.555 ; 4.595 ; 5.175 ; 5.233 ;
; input2[2]  ; sum[5]      ; 4.713 ; 4.750 ; 5.401 ; 5.406 ;
; input2[2]  ; sum[6]      ; 4.996 ; 5.027 ; 5.722 ; 5.744 ;
; input2[2]  ; sum[7]      ; 5.977 ; 6.099 ; 6.755 ; 6.838 ;
; input2[3]  ; carry_out   ; 5.598 ;       ;       ; 6.435 ;
; input2[3]  ; sum[3]      ; 4.321 ; 4.356 ; 4.946 ; 4.972 ;
; input2[3]  ; sum[4]      ; 4.685 ; 4.725 ; 5.317 ; 5.375 ;
; input2[3]  ; sum[5]      ; 4.843 ; 4.880 ; 5.543 ; 5.548 ;
; input2[3]  ; sum[6]      ; 5.126 ; 5.157 ; 5.864 ; 5.886 ;
; input2[3]  ; sum[7]      ; 6.107 ; 6.229 ; 6.897 ; 6.980 ;
; input2[4]  ; carry_out   ; 5.073 ;       ;       ; 5.846 ;
; input2[4]  ; sum[4]      ; 4.165 ; 4.223 ; 4.753 ; 4.772 ;
; input2[4]  ; sum[5]      ; 4.318 ; 4.355 ; 4.954 ; 4.959 ;
; input2[4]  ; sum[6]      ; 4.601 ; 4.632 ; 5.275 ; 5.297 ;
; input2[4]  ; sum[7]      ; 5.582 ; 5.704 ; 6.308 ; 6.391 ;
; input2[5]  ; carry_out   ; 4.816 ;       ;       ; 5.547 ;
; input2[5]  ; sum[5]      ; 4.062 ; 4.100 ; 4.656 ; 4.655 ;
; input2[5]  ; sum[6]      ; 4.344 ; 4.375 ; 4.976 ; 4.998 ;
; input2[5]  ; sum[7]      ; 5.325 ; 5.447 ; 6.009 ; 6.092 ;
; input2[6]  ; carry_out   ; 4.384 ;       ;       ; 5.046 ;
; input2[6]  ; sum[6]      ; 3.906 ; 3.924 ; 4.453 ; 4.489 ;
; input2[6]  ; sum[7]      ; 4.893 ; 5.015 ; 5.508 ; 5.591 ;
; input2[7]  ; carry_out   ; 4.307 ;       ;       ; 4.978 ;
; input2[7]  ; sum[7]      ; 4.806 ; 4.910 ; 5.407 ; 5.529 ;
+------------+-------------+-------+-------+-------+-------+


+----------------------------------------------------------+
; Minimum Propagation Delay                                ;
+------------+-------------+-------+-------+-------+-------+
; Input Port ; Output Port ; RR    ; RF    ; FR    ; FF    ;
+------------+-------------+-------+-------+-------+-------+
; carry_in   ; carry_out   ; 5.708 ;       ;       ; 6.501 ;
; carry_in   ; sum[0]      ; 3.929 ; 3.932 ; 4.486 ; 4.509 ;
; carry_in   ; sum[1]      ; 4.167 ; 4.187 ; 4.759 ; 4.772 ;
; carry_in   ; sum[2]      ; 4.242 ; 4.250 ; 4.870 ; 4.876 ;
; carry_in   ; sum[3]      ; 4.570 ; 4.594 ; 5.202 ; 5.219 ;
; carry_in   ; sum[4]      ; 4.925 ; 4.961 ; 5.558 ; 5.614 ;
; carry_in   ; sum[5]      ; 5.043 ; 5.070 ; 5.737 ; 5.748 ;
; carry_in   ; sum[6]      ; 5.286 ; 5.312 ; 6.006 ; 6.014 ;
; carry_in   ; sum[7]      ; 6.192 ; 6.303 ; 6.943 ; 7.038 ;
; input1[0]  ; carry_out   ; 5.500 ;       ;       ; 6.271 ;
; input1[0]  ; sum[0]      ; 3.721 ; 3.729 ; 4.278 ; 4.279 ;
; input1[0]  ; sum[1]      ; 3.959 ; 3.979 ; 4.529 ; 4.542 ;
; input1[0]  ; sum[2]      ; 4.034 ; 4.042 ; 4.640 ; 4.646 ;
; input1[0]  ; sum[3]      ; 4.362 ; 4.386 ; 4.972 ; 4.989 ;
; input1[0]  ; sum[4]      ; 4.717 ; 4.753 ; 5.328 ; 5.384 ;
; input1[0]  ; sum[5]      ; 4.835 ; 4.862 ; 5.507 ; 5.518 ;
; input1[0]  ; sum[6]      ; 5.078 ; 5.104 ; 5.776 ; 5.784 ;
; input1[0]  ; sum[7]      ; 5.984 ; 6.095 ; 6.713 ; 6.808 ;
; input1[1]  ; carry_out   ; 5.459 ;       ;       ; 6.242 ;
; input1[1]  ; sum[1]      ; 3.919 ; 3.946 ; 4.503 ; 4.512 ;
; input1[1]  ; sum[2]      ; 3.993 ; 4.001 ; 4.611 ; 4.617 ;
; input1[1]  ; sum[3]      ; 4.321 ; 4.345 ; 4.943 ; 4.960 ;
; input1[1]  ; sum[4]      ; 4.676 ; 4.712 ; 5.299 ; 5.355 ;
; input1[1]  ; sum[5]      ; 4.794 ; 4.821 ; 5.478 ; 5.489 ;
; input1[1]  ; sum[6]      ; 5.037 ; 5.063 ; 5.747 ; 5.755 ;
; input1[1]  ; sum[7]      ; 5.943 ; 6.054 ; 6.684 ; 6.779 ;
; input1[2]  ; carry_out   ; 5.410 ;       ;       ; 6.227 ;
; input1[2]  ; sum[2]      ; 3.952 ; 3.954 ; 4.594 ; 4.589 ;
; input1[2]  ; sum[3]      ; 4.272 ; 4.296 ; 4.928 ; 4.945 ;
; input1[2]  ; sum[4]      ; 4.627 ; 4.663 ; 5.284 ; 5.340 ;
; input1[2]  ; sum[5]      ; 4.745 ; 4.772 ; 5.463 ; 5.474 ;
; input1[2]  ; sum[6]      ; 4.988 ; 5.014 ; 5.732 ; 5.740 ;
; input1[2]  ; sum[7]      ; 5.894 ; 6.005 ; 6.669 ; 6.764 ;
; input1[3]  ; carry_out   ; 4.983 ;       ;       ; 5.714 ;
; input1[3]  ; sum[3]      ; 3.845 ; 3.864 ; 4.394 ; 4.433 ;
; input1[3]  ; sum[4]      ; 4.200 ; 4.236 ; 4.771 ; 4.827 ;
; input1[3]  ; sum[5]      ; 4.318 ; 4.345 ; 4.950 ; 4.961 ;
; input1[3]  ; sum[6]      ; 4.561 ; 4.587 ; 5.219 ; 5.227 ;
; input1[3]  ; sum[7]      ; 5.467 ; 5.578 ; 6.156 ; 6.251 ;
; input1[4]  ; carry_out   ; 4.852 ;       ;       ; 5.567 ;
; input1[4]  ; sum[4]      ; 4.069 ; 4.115 ; 4.652 ; 4.682 ;
; input1[4]  ; sum[5]      ; 4.187 ; 4.214 ; 4.803 ; 4.814 ;
; input1[4]  ; sum[6]      ; 4.430 ; 4.456 ; 5.072 ; 5.080 ;
; input1[4]  ; sum[7]      ; 5.336 ; 5.447 ; 6.009 ; 6.104 ;
; input1[5]  ; carry_out   ; 4.508 ;       ;       ; 5.174 ;
; input1[5]  ; sum[5]      ; 3.840 ; 3.857 ; 4.381 ; 4.418 ;
; input1[5]  ; sum[6]      ; 4.086 ; 4.112 ; 4.679 ; 4.687 ;
; input1[5]  ; sum[7]      ; 4.992 ; 5.103 ; 5.616 ; 5.711 ;
; input1[6]  ; carry_out   ; 4.290 ;       ;       ; 4.965 ;
; input1[6]  ; sum[6]      ; 3.868 ; 3.887 ; 4.473 ; 4.485 ;
; input1[6]  ; sum[7]      ; 4.774 ; 4.885 ; 5.407 ; 5.502 ;
; input1[7]  ; carry_out   ; 3.875 ;       ;       ; 4.477 ;
; input1[7]  ; sum[7]      ; 4.358 ; 4.467 ; 4.920 ; 5.013 ;
; input2[0]  ; carry_out   ; 5.608 ;       ;       ; 6.395 ;
; input2[0]  ; sum[0]      ; 3.829 ; 3.844 ; 4.402 ; 4.400 ;
; input2[0]  ; sum[1]      ; 4.067 ; 4.087 ; 4.653 ; 4.666 ;
; input2[0]  ; sum[2]      ; 4.142 ; 4.150 ; 4.764 ; 4.770 ;
; input2[0]  ; sum[3]      ; 4.470 ; 4.494 ; 5.096 ; 5.113 ;
; input2[0]  ; sum[4]      ; 4.825 ; 4.861 ; 5.452 ; 5.508 ;
; input2[0]  ; sum[5]      ; 4.943 ; 4.970 ; 5.631 ; 5.642 ;
; input2[0]  ; sum[6]      ; 5.186 ; 5.212 ; 5.900 ; 5.908 ;
; input2[0]  ; sum[7]      ; 6.092 ; 6.203 ; 6.837 ; 6.932 ;
; input2[1]  ; carry_out   ; 5.428 ;       ;       ; 6.192 ;
; input2[1]  ; sum[1]      ; 3.888 ; 3.903 ; 4.428 ; 4.463 ;
; input2[1]  ; sum[2]      ; 3.962 ; 3.970 ; 4.561 ; 4.567 ;
; input2[1]  ; sum[3]      ; 4.290 ; 4.314 ; 4.893 ; 4.910 ;
; input2[1]  ; sum[4]      ; 4.645 ; 4.681 ; 5.249 ; 5.305 ;
; input2[1]  ; sum[5]      ; 4.763 ; 4.790 ; 5.428 ; 5.439 ;
; input2[1]  ; sum[6]      ; 5.006 ; 5.032 ; 5.697 ; 5.705 ;
; input2[1]  ; sum[7]      ; 5.912 ; 6.023 ; 6.634 ; 6.729 ;
; input2[2]  ; carry_out   ; 5.203 ;       ;       ; 5.948 ;
; input2[2]  ; sum[2]      ; 3.738 ; 3.748 ; 4.318 ; 4.327 ;
; input2[2]  ; sum[3]      ; 4.065 ; 4.089 ; 4.649 ; 4.666 ;
; input2[2]  ; sum[4]      ; 4.420 ; 4.456 ; 5.005 ; 5.061 ;
; input2[2]  ; sum[5]      ; 4.538 ; 4.565 ; 5.184 ; 5.195 ;
; input2[2]  ; sum[6]      ; 4.781 ; 4.807 ; 5.453 ; 5.461 ;
; input2[2]  ; sum[7]      ; 5.687 ; 5.798 ; 6.390 ; 6.485 ;
; input2[3]  ; carry_out   ; 5.321 ;       ;       ; 6.101 ;
; input2[3]  ; sum[3]      ; 4.184 ; 4.215 ; 4.802 ; 4.815 ;
; input2[3]  ; sum[4]      ; 4.538 ; 4.574 ; 5.158 ; 5.214 ;
; input2[3]  ; sum[5]      ; 4.656 ; 4.683 ; 5.337 ; 5.348 ;
; input2[3]  ; sum[6]      ; 4.899 ; 4.925 ; 5.606 ; 5.614 ;
; input2[3]  ; sum[7]      ; 5.805 ; 5.916 ; 6.543 ; 6.638 ;
; input2[4]  ; carry_out   ; 4.818 ;       ;       ; 5.518 ;
; input2[4]  ; sum[4]      ; 4.035 ; 4.083 ; 4.601 ; 4.633 ;
; input2[4]  ; sum[5]      ; 4.153 ; 4.180 ; 4.754 ; 4.765 ;
; input2[4]  ; sum[6]      ; 4.396 ; 4.422 ; 5.023 ; 5.031 ;
; input2[4]  ; sum[7]      ; 5.302 ; 5.413 ; 5.960 ; 6.055 ;
; input2[5]  ; carry_out   ; 4.602 ;       ;       ; 5.277 ;
; input2[5]  ; sum[5]      ; 3.937 ; 3.966 ; 4.509 ; 4.522 ;
; input2[5]  ; sum[6]      ; 4.180 ; 4.206 ; 4.782 ; 4.790 ;
; input2[5]  ; sum[7]      ; 5.086 ; 5.197 ; 5.719 ; 5.814 ;
; input2[6]  ; carry_out   ; 4.243 ;       ;       ; 4.876 ;
; input2[6]  ; sum[6]      ; 3.820 ; 3.834 ; 4.360 ; 4.394 ;
; input2[6]  ; sum[7]      ; 4.727 ; 4.838 ; 5.318 ; 5.413 ;
; input2[7]  ; carry_out   ; 4.198 ;       ;       ; 4.858 ;
; input2[7]  ; sum[7]      ; 4.676 ; 4.775 ; 5.267 ; 5.386 ;
+------------+-------------+-------+-------+-------+-------+


---------------------------------------------
; Fast 1200mV 0C Model Metastability Report ;
---------------------------------------------
No synchronizer chains to report.


+----------------------------------------------------------------------------+
; Multicorner Timing Analysis Summary                                        ;
+------------------+-------+------+----------+---------+---------------------+
; Clock            ; Setup ; Hold ; Recovery ; Removal ; Minimum Pulse Width ;
+------------------+-------+------+----------+---------+---------------------+
; Worst-case Slack ; N/A   ; N/A  ; N/A      ; N/A     ; N/A                 ;
; Design-wide TNS  ; 0.0   ; 0.0  ; 0.0      ; 0.0     ; 0.0                 ;
+------------------+-------+------+----------+---------+---------------------+


+--------------------------------------------------------------+
; Propagation Delay                                            ;
+------------+-------------+--------+--------+--------+--------+
; Input Port ; Output Port ; RR     ; RF     ; FR     ; FF     ;
+------------+-------------+--------+--------+--------+--------+
; carry_in   ; carry_out   ; 10.529 ;        ;        ; 11.217 ;
; carry_in   ; sum[0]      ; 6.711  ; 6.679  ; 7.121  ; 7.121  ;
; carry_in   ; sum[1]      ; 7.150  ; 7.145  ; 7.608  ; 7.594  ;
; carry_in   ; sum[2]      ; 7.412  ; 7.425  ; 7.918  ; 7.887  ;
; carry_in   ; sum[3]      ; 8.006  ; 7.993  ; 8.553  ; 8.531  ;
; carry_in   ; sum[4]      ; 8.671  ; 8.667  ; 9.213  ; 9.241  ;
; carry_in   ; sum[5]      ; 8.986  ; 9.018  ; 9.613  ; 9.601  ;
; carry_in   ; sum[6]      ; 9.516  ; 9.540  ; 10.201 ; 10.222 ;
; carry_in   ; sum[7]      ; 11.334 ; 11.330 ; 12.093 ; 12.032 ;
; input1[0]  ; carry_out   ; 10.153 ;        ;        ; 10.818 ;
; input1[0]  ; sum[0]      ; 6.334  ; 6.304  ; 6.759  ; 6.720  ;
; input1[0]  ; sum[1]      ; 6.774  ; 6.769  ; 7.209  ; 7.195  ;
; input1[0]  ; sum[2]      ; 7.036  ; 7.049  ; 7.519  ; 7.488  ;
; input1[0]  ; sum[3]      ; 7.630  ; 7.617  ; 8.154  ; 8.132  ;
; input1[0]  ; sum[4]      ; 8.295  ; 8.291  ; 8.814  ; 8.842  ;
; input1[0]  ; sum[5]      ; 8.610  ; 8.642  ; 9.214  ; 9.202  ;
; input1[0]  ; sum[6]      ; 9.140  ; 9.164  ; 9.802  ; 9.823  ;
; input1[0]  ; sum[7]      ; 10.958 ; 10.954 ; 11.694 ; 11.633 ;
; input1[1]  ; carry_out   ; 10.150 ;        ;        ; 10.815 ;
; input1[1]  ; sum[1]      ; 6.784  ; 6.803  ; 7.197  ; 7.213  ;
; input1[1]  ; sum[2]      ; 7.033  ; 7.046  ; 7.516  ; 7.485  ;
; input1[1]  ; sum[3]      ; 7.627  ; 7.614  ; 8.151  ; 8.129  ;
; input1[1]  ; sum[4]      ; 8.292  ; 8.288  ; 8.811  ; 8.839  ;
; input1[1]  ; sum[5]      ; 8.607  ; 8.639  ; 9.211  ; 9.199  ;
; input1[1]  ; sum[6]      ; 9.137  ; 9.161  ; 9.799  ; 9.820  ;
; input1[1]  ; sum[7]      ; 10.955 ; 10.951 ; 11.691 ; 11.630 ;
; input1[2]  ; carry_out   ; 9.865  ;        ;        ; 10.530 ;
; input1[2]  ; sum[2]      ; 6.735  ; 6.716  ; 7.248  ; 7.220  ;
; input1[2]  ; sum[3]      ; 7.342  ; 7.329  ; 7.866  ; 7.844  ;
; input1[2]  ; sum[4]      ; 8.007  ; 8.003  ; 8.526  ; 8.554  ;
; input1[2]  ; sum[5]      ; 8.322  ; 8.354  ; 8.926  ; 8.914  ;
; input1[2]  ; sum[6]      ; 8.852  ; 8.876  ; 9.514  ; 9.535  ;
; input1[2]  ; sum[7]      ; 10.670 ; 10.666 ; 11.406 ; 11.345 ;
; input1[3]  ; carry_out   ; 9.123  ;        ;        ; 9.691  ;
; input1[3]  ; sum[3]      ; 6.597  ; 6.582  ; 6.988  ; 7.005  ;
; input1[3]  ; sum[4]      ; 7.265  ; 7.261  ; 7.687  ; 7.715  ;
; input1[3]  ; sum[5]      ; 7.580  ; 7.612  ; 8.087  ; 8.075  ;
; input1[3]  ; sum[6]      ; 8.110  ; 8.134  ; 8.675  ; 8.696  ;
; input1[3]  ; sum[7]      ; 9.928  ; 9.924  ; 10.567 ; 10.506 ;
; input1[4]  ; carry_out   ; 8.868  ;        ;        ; 9.458  ;
; input1[4]  ; sum[4]      ; 7.023  ; 7.053  ; 7.477  ; 7.463  ;
; input1[4]  ; sum[5]      ; 7.325  ; 7.357  ; 7.854  ; 7.842  ;
; input1[4]  ; sum[6]      ; 7.855  ; 7.879  ; 8.442  ; 8.463  ;
; input1[4]  ; sum[7]      ; 9.673  ; 9.669  ; 10.334 ; 10.273 ;
; input1[5]  ; carry_out   ; 8.109  ;        ;        ; 8.597  ;
; input1[5]  ; sum[5]      ; 6.550  ; 6.548  ; 6.968  ; 6.998  ;
; input1[5]  ; sum[6]      ; 7.096  ; 7.120  ; 7.581  ; 7.602  ;
; input1[5]  ; sum[7]      ; 8.914  ; 8.910  ; 9.473  ; 9.412  ;
; input1[6]  ; carry_out   ; 7.638  ;        ;        ; 8.078  ;
; input1[6]  ; sum[6]      ; 6.614  ; 6.614  ; 7.076  ; 7.067  ;
; input1[6]  ; sum[7]      ; 8.443  ; 8.439  ; 8.954  ; 8.893  ;
; input1[7]  ; carry_out   ; 6.886  ;        ;        ; 7.261  ;
; input1[7]  ; sum[7]      ; 7.692  ; 7.685  ; 8.128  ; 8.077  ;
; input2[0]  ; carry_out   ; 10.418 ;        ;        ; 11.116 ;
; input2[0]  ; sum[0]      ; 6.610  ; 6.608  ; 7.059  ; 7.043  ;
; input2[0]  ; sum[1]      ; 7.039  ; 7.034  ; 7.507  ; 7.493  ;
; input2[0]  ; sum[2]      ; 7.301  ; 7.314  ; 7.817  ; 7.786  ;
; input2[0]  ; sum[3]      ; 7.895  ; 7.882  ; 8.452  ; 8.430  ;
; input2[0]  ; sum[4]      ; 8.560  ; 8.556  ; 9.112  ; 9.140  ;
; input2[0]  ; sum[5]      ; 8.875  ; 8.907  ; 9.512  ; 9.500  ;
; input2[0]  ; sum[6]      ; 9.405  ; 9.429  ; 10.100 ; 10.121 ;
; input2[0]  ; sum[7]      ; 11.223 ; 11.219 ; 11.992 ; 11.931 ;
; input2[1]  ; carry_out   ; 9.998  ;        ;        ; 10.678 ;
; input2[1]  ; sum[1]      ; 6.619  ; 6.612  ; 7.031  ; 7.056  ;
; input2[1]  ; sum[2]      ; 6.881  ; 6.894  ; 7.379  ; 7.348  ;
; input2[1]  ; sum[3]      ; 7.475  ; 7.462  ; 8.014  ; 7.992  ;
; input2[1]  ; sum[4]      ; 8.140  ; 8.136  ; 8.674  ; 8.702  ;
; input2[1]  ; sum[5]      ; 8.455  ; 8.487  ; 9.074  ; 9.062  ;
; input2[1]  ; sum[6]      ; 8.985  ; 9.009  ; 9.662  ; 9.683  ;
; input2[1]  ; sum[7]      ; 10.803 ; 10.799 ; 11.554 ; 11.493 ;
; input2[2]  ; carry_out   ; 9.567  ;        ;        ; 10.211 ;
; input2[2]  ; sum[2]      ; 6.448  ; 6.464  ; 6.921  ; 6.880  ;
; input2[2]  ; sum[3]      ; 7.044  ; 7.031  ; 7.547  ; 7.525  ;
; input2[2]  ; sum[4]      ; 7.709  ; 7.705  ; 8.207  ; 8.235  ;
; input2[2]  ; sum[5]      ; 8.024  ; 8.056  ; 8.607  ; 8.595  ;
; input2[2]  ; sum[6]      ; 8.554  ; 8.578  ; 9.195  ; 9.216  ;
; input2[2]  ; sum[7]      ; 10.372 ; 10.368 ; 11.087 ; 11.026 ;
; input2[3]  ; carry_out   ; 9.789  ;        ;        ; 10.397 ;
; input2[3]  ; sum[3]      ; 7.278  ; 7.289  ; 7.720  ; 7.728  ;
; input2[3]  ; sum[4]      ; 7.931  ; 7.927  ; 8.393  ; 8.421  ;
; input2[3]  ; sum[5]      ; 8.246  ; 8.278  ; 8.793  ; 8.781  ;
; input2[3]  ; sum[6]      ; 8.776  ; 8.800  ; 9.381  ; 9.402  ;
; input2[3]  ; sum[7]      ; 10.594 ; 10.590 ; 11.273 ; 11.212 ;
; input2[4]  ; carry_out   ; 8.811  ;        ;        ; 9.380  ;
; input2[4]  ; sum[4]      ; 6.964  ; 6.997  ; 7.407  ; 7.383  ;
; input2[4]  ; sum[5]      ; 7.268  ; 7.300  ; 7.776  ; 7.764  ;
; input2[4]  ; sum[6]      ; 7.798  ; 7.822  ; 8.364  ; 8.385  ;
; input2[4]  ; sum[7]      ; 9.616  ; 9.612  ; 10.256 ; 10.195 ;
; input2[5]  ; carry_out   ; 8.313  ;        ;        ; 8.826  ;
; input2[5]  ; sum[5]      ; 6.767  ; 6.802  ; 7.229  ; 7.207  ;
; input2[5]  ; sum[6]      ; 7.300  ; 7.324  ; 7.810  ; 7.831  ;
; input2[5]  ; sum[7]      ; 9.118  ; 9.114  ; 9.702  ; 9.641  ;
; input2[6]  ; carry_out   ; 7.552  ;        ;        ; 7.960  ;
; input2[6]  ; sum[6]      ; 6.526  ; 6.524  ; 6.917  ; 6.947  ;
; input2[6]  ; sum[7]      ; 8.357  ; 8.353  ; 8.836  ; 8.775  ;
; input2[7]  ; carry_out   ; 7.418  ;        ;        ; 7.802  ;
; input2[7]  ; sum[7]      ; 8.207  ; 8.166  ; 8.641  ; 8.632  ;
+------------+-------------+--------+--------+--------+--------+


+----------------------------------------------------------+
; Minimum Propagation Delay                                ;
+------------+-------------+-------+-------+-------+-------+
; Input Port ; Output Port ; RR    ; RF    ; FR    ; FF    ;
+------------+-------------+-------+-------+-------+-------+
; carry_in   ; carry_out   ; 5.708 ;       ;       ; 6.501 ;
; carry_in   ; sum[0]      ; 3.929 ; 3.932 ; 4.486 ; 4.509 ;
; carry_in   ; sum[1]      ; 4.167 ; 4.187 ; 4.759 ; 4.772 ;
; carry_in   ; sum[2]      ; 4.242 ; 4.250 ; 4.870 ; 4.876 ;
; carry_in   ; sum[3]      ; 4.570 ; 4.594 ; 5.202 ; 5.219 ;
; carry_in   ; sum[4]      ; 4.925 ; 4.961 ; 5.558 ; 5.614 ;
; carry_in   ; sum[5]      ; 5.043 ; 5.070 ; 5.737 ; 5.748 ;
; carry_in   ; sum[6]      ; 5.286 ; 5.312 ; 6.006 ; 6.014 ;
; carry_in   ; sum[7]      ; 6.192 ; 6.303 ; 6.943 ; 7.038 ;
; input1[0]  ; carry_out   ; 5.500 ;       ;       ; 6.271 ;
; input1[0]  ; sum[0]      ; 3.721 ; 3.729 ; 4.278 ; 4.279 ;
; input1[0]  ; sum[1]      ; 3.959 ; 3.979 ; 4.529 ; 4.542 ;
; input1[0]  ; sum[2]      ; 4.034 ; 4.042 ; 4.640 ; 4.646 ;
; input1[0]  ; sum[3]      ; 4.362 ; 4.386 ; 4.972 ; 4.989 ;
; input1[0]  ; sum[4]      ; 4.717 ; 4.753 ; 5.328 ; 5.384 ;
; input1[0]  ; sum[5]      ; 4.835 ; 4.862 ; 5.507 ; 5.518 ;
; input1[0]  ; sum[6]      ; 5.078 ; 5.104 ; 5.776 ; 5.784 ;
; input1[0]  ; sum[7]      ; 5.984 ; 6.095 ; 6.713 ; 6.808 ;
; input1[1]  ; carry_out   ; 5.459 ;       ;       ; 6.242 ;
; input1[1]  ; sum[1]      ; 3.919 ; 3.946 ; 4.503 ; 4.512 ;
; input1[1]  ; sum[2]      ; 3.993 ; 4.001 ; 4.611 ; 4.617 ;
; input1[1]  ; sum[3]      ; 4.321 ; 4.345 ; 4.943 ; 4.960 ;
; input1[1]  ; sum[4]      ; 4.676 ; 4.712 ; 5.299 ; 5.355 ;
; input1[1]  ; sum[5]      ; 4.794 ; 4.821 ; 5.478 ; 5.489 ;
; input1[1]  ; sum[6]      ; 5.037 ; 5.063 ; 5.747 ; 5.755 ;
; input1[1]  ; sum[7]      ; 5.943 ; 6.054 ; 6.684 ; 6.779 ;
; input1[2]  ; carry_out   ; 5.410 ;       ;       ; 6.227 ;
; input1[2]  ; sum[2]      ; 3.952 ; 3.954 ; 4.594 ; 4.589 ;
; input1[2]  ; sum[3]      ; 4.272 ; 4.296 ; 4.928 ; 4.945 ;
; input1[2]  ; sum[4]      ; 4.627 ; 4.663 ; 5.284 ; 5.340 ;
; input1[2]  ; sum[5]      ; 4.745 ; 4.772 ; 5.463 ; 5.474 ;
; input1[2]  ; sum[6]      ; 4.988 ; 5.014 ; 5.732 ; 5.740 ;
; input1[2]  ; sum[7]      ; 5.894 ; 6.005 ; 6.669 ; 6.764 ;
; input1[3]  ; carry_out   ; 4.983 ;       ;       ; 5.714 ;
; input1[3]  ; sum[3]      ; 3.845 ; 3.864 ; 4.394 ; 4.433 ;
; input1[3]  ; sum[4]      ; 4.200 ; 4.236 ; 4.771 ; 4.827 ;
; input1[3]  ; sum[5]      ; 4.318 ; 4.345 ; 4.950 ; 4.961 ;
; input1[3]  ; sum[6]      ; 4.561 ; 4.587 ; 5.219 ; 5.227 ;
; input1[3]  ; sum[7]      ; 5.467 ; 5.578 ; 6.156 ; 6.251 ;
; input1[4]  ; carry_out   ; 4.852 ;       ;       ; 5.567 ;
; input1[4]  ; sum[4]      ; 4.069 ; 4.115 ; 4.652 ; 4.682 ;
; input1[4]  ; sum[5]      ; 4.187 ; 4.214 ; 4.803 ; 4.814 ;
; input1[4]  ; sum[6]      ; 4.430 ; 4.456 ; 5.072 ; 5.080 ;
; input1[4]  ; sum[7]      ; 5.336 ; 5.447 ; 6.009 ; 6.104 ;
; input1[5]  ; carry_out   ; 4.508 ;       ;       ; 5.174 ;
; input1[5]  ; sum[5]      ; 3.840 ; 3.857 ; 4.381 ; 4.418 ;
; input1[5]  ; sum[6]      ; 4.086 ; 4.112 ; 4.679 ; 4.687 ;
; input1[5]  ; sum[7]      ; 4.992 ; 5.103 ; 5.616 ; 5.711 ;
; input1[6]  ; carry_out   ; 4.290 ;       ;       ; 4.965 ;
; input1[6]  ; sum[6]      ; 3.868 ; 3.887 ; 4.473 ; 4.485 ;
; input1[6]  ; sum[7]      ; 4.774 ; 4.885 ; 5.407 ; 5.502 ;
; input1[7]  ; carry_out   ; 3.875 ;       ;       ; 4.477 ;
; input1[7]  ; sum[7]      ; 4.358 ; 4.467 ; 4.920 ; 5.013 ;
; input2[0]  ; carry_out   ; 5.608 ;       ;       ; 6.395 ;
; input2[0]  ; sum[0]      ; 3.829 ; 3.844 ; 4.402 ; 4.400 ;
; input2[0]  ; sum[1]      ; 4.067 ; 4.087 ; 4.653 ; 4.666 ;
; input2[0]  ; sum[2]      ; 4.142 ; 4.150 ; 4.764 ; 4.770 ;
; input2[0]  ; sum[3]      ; 4.470 ; 4.494 ; 5.096 ; 5.113 ;
; input2[0]  ; sum[4]      ; 4.825 ; 4.861 ; 5.452 ; 5.508 ;
; input2[0]  ; sum[5]      ; 4.943 ; 4.970 ; 5.631 ; 5.642 ;
; input2[0]  ; sum[6]      ; 5.186 ; 5.212 ; 5.900 ; 5.908 ;
; input2[0]  ; sum[7]      ; 6.092 ; 6.203 ; 6.837 ; 6.932 ;
; input2[1]  ; carry_out   ; 5.428 ;       ;       ; 6.192 ;
; input2[1]  ; sum[1]      ; 3.888 ; 3.903 ; 4.428 ; 4.463 ;
; input2[1]  ; sum[2]      ; 3.962 ; 3.970 ; 4.561 ; 4.567 ;
; input2[1]  ; sum[3]      ; 4.290 ; 4.314 ; 4.893 ; 4.910 ;
; input2[1]  ; sum[4]      ; 4.645 ; 4.681 ; 5.249 ; 5.305 ;
; input2[1]  ; sum[5]      ; 4.763 ; 4.790 ; 5.428 ; 5.439 ;
; input2[1]  ; sum[6]      ; 5.006 ; 5.032 ; 5.697 ; 5.705 ;
; input2[1]  ; sum[7]      ; 5.912 ; 6.023 ; 6.634 ; 6.729 ;
; input2[2]  ; carry_out   ; 5.203 ;       ;       ; 5.948 ;
; input2[2]  ; sum[2]      ; 3.738 ; 3.748 ; 4.318 ; 4.327 ;
; input2[2]  ; sum[3]      ; 4.065 ; 4.089 ; 4.649 ; 4.666 ;
; input2[2]  ; sum[4]      ; 4.420 ; 4.456 ; 5.005 ; 5.061 ;
; input2[2]  ; sum[5]      ; 4.538 ; 4.565 ; 5.184 ; 5.195 ;
; input2[2]  ; sum[6]      ; 4.781 ; 4.807 ; 5.453 ; 5.461 ;
; input2[2]  ; sum[7]      ; 5.687 ; 5.798 ; 6.390 ; 6.485 ;
; input2[3]  ; carry_out   ; 5.321 ;       ;       ; 6.101 ;
; input2[3]  ; sum[3]      ; 4.184 ; 4.215 ; 4.802 ; 4.815 ;
; input2[3]  ; sum[4]      ; 4.538 ; 4.574 ; 5.158 ; 5.214 ;
; input2[3]  ; sum[5]      ; 4.656 ; 4.683 ; 5.337 ; 5.348 ;
; input2[3]  ; sum[6]      ; 4.899 ; 4.925 ; 5.606 ; 5.614 ;
; input2[3]  ; sum[7]      ; 5.805 ; 5.916 ; 6.543 ; 6.638 ;
; input2[4]  ; carry_out   ; 4.818 ;       ;       ; 5.518 ;
; input2[4]  ; sum[4]      ; 4.035 ; 4.083 ; 4.601 ; 4.633 ;
; input2[4]  ; sum[5]      ; 4.153 ; 4.180 ; 4.754 ; 4.765 ;
; input2[4]  ; sum[6]      ; 4.396 ; 4.422 ; 5.023 ; 5.031 ;
; input2[4]  ; sum[7]      ; 5.302 ; 5.413 ; 5.960 ; 6.055 ;
; input2[5]  ; carry_out   ; 4.602 ;       ;       ; 5.277 ;
; input2[5]  ; sum[5]      ; 3.937 ; 3.966 ; 4.509 ; 4.522 ;
; input2[5]  ; sum[6]      ; 4.180 ; 4.206 ; 4.782 ; 4.790 ;
; input2[5]  ; sum[7]      ; 5.086 ; 5.197 ; 5.719 ; 5.814 ;
; input2[6]  ; carry_out   ; 4.243 ;       ;       ; 4.876 ;
; input2[6]  ; sum[6]      ; 3.820 ; 3.834 ; 4.360 ; 4.394 ;
; input2[6]  ; sum[7]      ; 4.727 ; 4.838 ; 5.318 ; 5.413 ;
; input2[7]  ; carry_out   ; 4.198 ;       ;       ; 4.858 ;
; input2[7]  ; sum[7]      ; 4.676 ; 4.775 ; 5.267 ; 5.386 ;
+------------+-------------+-------+-------+-------+-------+


+------------------------------------------------------------------------------------------------------------------------------------------------------------------------------------------------------------------------------------------------------------------------------------------------------------------------------------------------------------------------------------------------------------------+
; Board Trace Model Assignments                                                                                                                                                                                                                                                                                                                                                                                    ;
+---------------+--------------+-------------------+-------------------------+-------------------------+---------------+---------------------+----------------+------------------+--------+------------------+------------------------+------------------------+--------------+---------------+-----------------+-------+---------------------+--------------------+---------------+-----------------+-------------+
; Pin           ; I/O Standard ; Near Tline Length ; Near Tline L per Length ; Near Tline C per Length ; Near Series R ; Near Differential R ; Near Pull-up R ; Near Pull-down R ; Near C ; Far Tline Length ; Far Tline L per Length ; Far Tline C per Length ; Far Series R ; Far Pull-up R ; Far Pull-down R ; Far C ; Termination Voltage ; Far Differential R ; EBD File Name ; EBD Signal Name ; EBD Far-end ;
+---------------+--------------+-------------------+-------------------------+-------------------------+---------------+---------------------+----------------+------------------+--------+------------------+------------------------+------------------------+--------------+---------------+-----------------+-------+---------------------+--------------------+---------------+-----------------+-------------+
; sum[0]        ; 2.5 V        ; 0 in              ; 0 H/in                  ; 0 F/in                  ; short         ; -                   ; open           ; open             ; open   ; 0 in             ; 0 H/in                 ; 0 F/in                 ; short        ; open          ; open            ; open  ; 0 V                 ; -                  ; n/a           ; n/a             ; n/a         ;
; sum[1]        ; 2.5 V        ; 0 in              ; 0 H/in                  ; 0 F/in                  ; short         ; -                   ; open           ; open             ; open   ; 0 in             ; 0 H/in                 ; 0 F/in                 ; short        ; open          ; open            ; open  ; 0 V                 ; -                  ; n/a           ; n/a             ; n/a         ;
; sum[2]        ; 2.5 V        ; 0 in              ; 0 H/in                  ; 0 F/in                  ; short         ; -                   ; open           ; open             ; open   ; 0 in             ; 0 H/in                 ; 0 F/in                 ; short        ; open          ; open            ; open  ; 0 V                 ; -                  ; n/a           ; n/a             ; n/a         ;
; sum[3]        ; 2.5 V        ; 0 in              ; 0 H/in                  ; 0 F/in                  ; short         ; -                   ; open           ; open             ; open   ; 0 in             ; 0 H/in                 ; 0 F/in                 ; short        ; open          ; open            ; open  ; 0 V                 ; -                  ; n/a           ; n/a             ; n/a         ;
; sum[4]        ; 2.5 V        ; 0 in              ; 0 H/in                  ; 0 F/in                  ; short         ; -                   ; open           ; open             ; open   ; 0 in             ; 0 H/in                 ; 0 F/in                 ; short        ; open          ; open            ; open  ; 0 V                 ; -                  ; n/a           ; n/a             ; n/a         ;
; sum[5]        ; 2.5 V        ; 0 in              ; 0 H/in                  ; 0 F/in                  ; short         ; -                   ; open           ; open             ; open   ; 0 in             ; 0 H/in                 ; 0 F/in                 ; short        ; open          ; open            ; open  ; 0 V                 ; -                  ; n/a           ; n/a             ; n/a         ;
; sum[6]        ; 2.5 V        ; 0 in              ; 0 H/in                  ; 0 F/in                  ; short         ; -                   ; open           ; open             ; open   ; 0 in             ; 0 H/in                 ; 0 F/in                 ; short        ; open          ; open            ; open  ; 0 V                 ; -                  ; n/a           ; n/a             ; n/a         ;
; sum[7]        ; 2.5 V        ; 0 in              ; 0 H/in                  ; 0 F/in                  ; short         ; -                   ; open           ; open             ; open   ; 0 in             ; 0 H/in                 ; 0 F/in                 ; short        ; open          ; open            ; open  ; 0 V                 ; -                  ; n/a           ; n/a             ; n/a         ;
; carry_out     ; 2.5 V        ; 0 in              ; 0 H/in                  ; 0 F/in                  ; short         ; -                   ; open           ; open             ; open   ; 0 in             ; 0 H/in                 ; 0 F/in                 ; short        ; open          ; open            ; open  ; 0 V                 ; -                  ; n/a           ; n/a             ; n/a         ;
; ~ALTERA_DCLK~ ; 2.5 V        ; 0 in              ; 0 H/in                  ; 0 F/in                  ; short         ; -                   ; open           ; open             ; open   ; 0 in             ; 0 H/in                 ; 0 F/in                 ; short        ; open          ; open            ; open  ; 0 V                 ; -                  ; n/a           ; n/a             ; n/a         ;
; ~ALTERA_nCEO~ ; 2.5 V        ; 0 in              ; 0 H/in                  ; 0 F/in                  ; short         ; -                   ; open           ; open             ; open   ; 0 in             ; 0 H/in                 ; 0 F/in                 ; short        ; open          ; open            ; open  ; 0 V                 ; -                  ; n/a           ; n/a             ; n/a         ;
+---------------+--------------+-------------------+-------------------------+-------------------------+---------------+---------------------+----------------+------------------+--------+------------------+------------------------+------------------------+--------------+---------------+-----------------+-------+---------------------+--------------------+---------------+-----------------+-------------+


+----------------------------------------------------------------------------+
; Input Transition Times                                                     ;
+-------------------------+--------------+-----------------+-----------------+
; Pin                     ; I/O Standard ; 10-90 Rise Time ; 90-10 Fall Time ;
+-------------------------+--------------+-----------------+-----------------+
; input1[0]               ; 2.5 V        ; 2000 ps         ; 2000 ps         ;
; input2[0]               ; 2.5 V        ; 2000 ps         ; 2000 ps         ;
; carry_in                ; 2.5 V        ; 2000 ps         ; 2000 ps         ;
; input2[1]               ; 2.5 V        ; 2000 ps         ; 2000 ps         ;
; input1[1]               ; 2.5 V        ; 2000 ps         ; 2000 ps         ;
; input1[2]               ; 2.5 V        ; 2000 ps         ; 2000 ps         ;
; input2[2]               ; 2.5 V        ; 2000 ps         ; 2000 ps         ;
; input1[3]               ; 2.5 V        ; 2000 ps         ; 2000 ps         ;
; input2[3]               ; 2.5 V        ; 2000 ps         ; 2000 ps         ;
; input1[4]               ; 2.5 V        ; 2000 ps         ; 2000 ps         ;
; input2[4]               ; 2.5 V        ; 2000 ps         ; 2000 ps         ;
; input1[5]               ; 2.5 V        ; 2000 ps         ; 2000 ps         ;
; input2[5]               ; 2.5 V        ; 2000 ps         ; 2000 ps         ;
; input1[6]               ; 2.5 V        ; 2000 ps         ; 2000 ps         ;
; input2[6]               ; 2.5 V        ; 2000 ps         ; 2000 ps         ;
; input1[7]               ; 2.5 V        ; 2000 ps         ; 2000 ps         ;
; input2[7]               ; 2.5 V        ; 2000 ps         ; 2000 ps         ;
; ~ALTERA_ASDO_DATA1~     ; 2.5 V        ; 2000 ps         ; 2000 ps         ;
; ~ALTERA_FLASH_nCE_nCSO~ ; 2.5 V        ; 2000 ps         ; 2000 ps         ;
; ~ALTERA_DATA0~          ; 2.5 V        ; 2000 ps         ; 2000 ps         ;
+-------------------------+--------------+-----------------+-----------------+


+--------------------------------------------------------------------------------------------------------------------------------------------------------------------------------------------------------------------------------------------------------------------------------------------------------------------------------------------------------------------------------------------------------------------------------------------------------------------------------------------------------------------------------------------------------------------------------------------------------------------------------------------------------------------------------------------+
; Slow Corner Signal Integrity Metrics                                                                                                                                                                                                                                                                                                                                                                                                                                                                                                                                                                                                                                                       ;
+---------------+--------------+---------------------+---------------------+------------------------------+------------------------------+---------------------+---------------------+--------------------------------------+--------------------------------------+-----------------------------+-----------------------------+----------------------------+----------------------------+-----------------------------+-----------------------------+--------------------+--------------------+-------------------------------------+-------------------------------------+----------------------------+----------------------------+---------------------------+---------------------------+
; Pin           ; I/O Standard ; Board Delay on Rise ; Board Delay on Fall ; Steady State Voh at FPGA Pin ; Steady State Vol at FPGA Pin ; Voh Max at FPGA Pin ; Vol Min at FPGA Pin ; Ringback Voltage on Rise at FPGA Pin ; Ringback Voltage on Fall at FPGA Pin ; 10-90 Rise Time at FPGA Pin ; 90-10 Fall Time at FPGA Pin ; Monotonic Rise at FPGA Pin ; Monotonic Fall at FPGA Pin ; Steady State Voh at Far-end ; Steady State Vol at Far-end ; Voh Max at Far-end ; Vol Min at Far-end ; Ringback Voltage on Rise at Far-end ; Ringback Voltage on Fall at Far-end ; 10-90 Rise Time at Far-end ; 90-10 Fall Time at Far-end ; Monotonic Rise at Far-end ; Monotonic Fall at Far-end ;
+---------------+--------------+---------------------+---------------------+------------------------------+------------------------------+---------------------+---------------------+--------------------------------------+--------------------------------------+-----------------------------+-----------------------------+----------------------------+----------------------------+-----------------------------+-----------------------------+--------------------+--------------------+-------------------------------------+-------------------------------------+----------------------------+----------------------------+---------------------------+---------------------------+
; sum[0]        ; 2.5 V        ; 0 s                 ; 0 s                 ; 2.32 V                       ; 7.25e-07 V                   ; 2.35 V              ; -0.0111 V           ; 0.113 V                              ; 0.035 V                              ; 7.76e-10 s                  ; 8.04e-10 s                  ; Yes                        ; Yes                        ; 2.32 V                      ; 7.25e-07 V                  ; 2.35 V             ; -0.0111 V          ; 0.113 V                             ; 0.035 V                             ; 7.76e-10 s                 ; 8.04e-10 s                 ; Yes                       ; Yes                       ;
; sum[1]        ; 2.5 V        ; 0 s                 ; 0 s                 ; 2.32 V                       ; 7.25e-07 V                   ; 2.35 V              ; -0.0111 V           ; 0.113 V                              ; 0.035 V                              ; 7.76e-10 s                  ; 8.04e-10 s                  ; Yes                        ; Yes                        ; 2.32 V                      ; 7.25e-07 V                  ; 2.35 V             ; -0.0111 V          ; 0.113 V                             ; 0.035 V                             ; 7.76e-10 s                 ; 8.04e-10 s                 ; Yes                       ; Yes                       ;
; sum[2]        ; 2.5 V        ; 0 s                 ; 0 s                 ; 2.32 V                       ; 7.25e-07 V                   ; 2.35 V              ; -0.0111 V           ; 0.113 V                              ; 0.035 V                              ; 7.76e-10 s                  ; 8.04e-10 s                  ; Yes                        ; Yes                        ; 2.32 V                      ; 7.25e-07 V                  ; 2.35 V             ; -0.0111 V          ; 0.113 V                             ; 0.035 V                             ; 7.76e-10 s                 ; 8.04e-10 s                 ; Yes                       ; Yes                       ;
; sum[3]        ; 2.5 V        ; 0 s                 ; 0 s                 ; 2.32 V                       ; 7.25e-07 V                   ; 2.35 V              ; -0.0111 V           ; 0.113 V                              ; 0.035 V                              ; 7.76e-10 s                  ; 8.04e-10 s                  ; Yes                        ; Yes                        ; 2.32 V                      ; 7.25e-07 V                  ; 2.35 V             ; -0.0111 V          ; 0.113 V                             ; 0.035 V                             ; 7.76e-10 s                 ; 8.04e-10 s                 ; Yes                       ; Yes                       ;
; sum[4]        ; 2.5 V        ; 0 s                 ; 0 s                 ; 2.32 V                       ; 7.25e-07 V                   ; 2.35 V              ; -0.0111 V           ; 0.113 V                              ; 0.035 V                              ; 7.76e-10 s                  ; 8.04e-10 s                  ; Yes                        ; Yes                        ; 2.32 V                      ; 7.25e-07 V                  ; 2.35 V             ; -0.0111 V          ; 0.113 V                             ; 0.035 V                             ; 7.76e-10 s                 ; 8.04e-10 s                 ; Yes                       ; Yes                       ;
; sum[5]        ; 2.5 V        ; 0 s                 ; 0 s                 ; 2.32 V                       ; 7.25e-07 V                   ; 2.35 V              ; -0.0111 V           ; 0.113 V                              ; 0.035 V                              ; 7.76e-10 s                  ; 8.04e-10 s                  ; Yes                        ; Yes                        ; 2.32 V                      ; 7.25e-07 V                  ; 2.35 V             ; -0.0111 V          ; 0.113 V                             ; 0.035 V                             ; 7.76e-10 s                 ; 8.04e-10 s                 ; Yes                       ; Yes                       ;
; sum[6]        ; 2.5 V        ; 0 s                 ; 0 s                 ; 2.32 V                       ; 7.25e-07 V                   ; 2.35 V              ; -0.0111 V           ; 0.113 V                              ; 0.035 V                              ; 7.76e-10 s                  ; 8.04e-10 s                  ; Yes                        ; Yes                        ; 2.32 V                      ; 7.25e-07 V                  ; 2.35 V             ; -0.0111 V          ; 0.113 V                             ; 0.035 V                             ; 7.76e-10 s                 ; 8.04e-10 s                 ; Yes                       ; Yes                       ;
; sum[7]        ; 2.5 V        ; 0 s                 ; 0 s                 ; 2.32 V                       ; 1.08e-06 V                   ; 2.36 V              ; -0.0113 V           ; 0.122 V                              ; 0.022 V                              ; 4.5e-10 s                   ; 4.45e-10 s                  ; Yes                        ; Yes                        ; 2.32 V                      ; 1.08e-06 V                  ; 2.36 V             ; -0.0113 V          ; 0.122 V                             ; 0.022 V                             ; 4.5e-10 s                  ; 4.45e-10 s                 ; Yes                       ; Yes                       ;
; carry_out     ; 2.5 V        ; 0 s                 ; 0 s                 ; 2.32 V                       ; 1.08e-06 V                   ; 2.36 V              ; -0.0113 V           ; 0.122 V                              ; 0.022 V                              ; 4.5e-10 s                   ; 4.45e-10 s                  ; Yes                        ; Yes                        ; 2.32 V                      ; 1.08e-06 V                  ; 2.36 V             ; -0.0113 V          ; 0.122 V                             ; 0.022 V                             ; 4.5e-10 s                  ; 4.45e-10 s                 ; Yes                       ; Yes                       ;
; ~ALTERA_DCLK~ ; 2.5 V        ; 0 s                 ; 0 s                 ; 2.32 V                       ; 5.68e-07 V                   ; 2.35 V              ; -0.0132 V           ; 0.2 V                                ; 0.027 V                              ; 5.26e-10 s                  ; 4.81e-10 s                  ; Yes                        ; Yes                        ; 2.32 V                      ; 5.68e-07 V                  ; 2.35 V             ; -0.0132 V          ; 0.2 V                               ; 0.027 V                             ; 5.26e-10 s                 ; 4.81e-10 s                 ; Yes                       ; Yes                       ;
; ~ALTERA_nCEO~ ; 2.5 V        ; 0 s                 ; 0 s                 ; 2.32 V                       ; 9.36e-07 V                   ; 2.35 V              ; -0.00444 V          ; 0.18 V                               ; 0.019 V                              ; 7.23e-10 s                  ; 9.82e-10 s                  ; Yes                        ; Yes                        ; 2.32 V                      ; 9.36e-07 V                  ; 2.35 V             ; -0.00444 V         ; 0.18 V                              ; 0.019 V                             ; 7.23e-10 s                 ; 9.82e-10 s                 ; Yes                       ; Yes                       ;
+---------------+--------------+---------------------+---------------------+------------------------------+------------------------------+---------------------+---------------------+--------------------------------------+--------------------------------------+-----------------------------+-----------------------------+----------------------------+----------------------------+-----------------------------+-----------------------------+--------------------+--------------------+-------------------------------------+-------------------------------------+----------------------------+----------------------------+---------------------------+---------------------------+


+--------------------------------------------------------------------------------------------------------------------------------------------------------------------------------------------------------------------------------------------------------------------------------------------------------------------------------------------------------------------------------------------------------------------------------------------------------------------------------------------------------------------------------------------------------------------------------------------------------------------------------------------------------------------------------------------+
; Fast Corner Signal Integrity Metrics                                                                                                                                                                                                                                                                                                                                                                                                                                                                                                                                                                                                                                                       ;
+---------------+--------------+---------------------+---------------------+------------------------------+------------------------------+---------------------+---------------------+--------------------------------------+--------------------------------------+-----------------------------+-----------------------------+----------------------------+----------------------------+-----------------------------+-----------------------------+--------------------+--------------------+-------------------------------------+-------------------------------------+----------------------------+----------------------------+---------------------------+---------------------------+
; Pin           ; I/O Standard ; Board Delay on Rise ; Board Delay on Fall ; Steady State Voh at FPGA Pin ; Steady State Vol at FPGA Pin ; Voh Max at FPGA Pin ; Vol Min at FPGA Pin ; Ringback Voltage on Rise at FPGA Pin ; Ringback Voltage on Fall at FPGA Pin ; 10-90 Rise Time at FPGA Pin ; 90-10 Fall Time at FPGA Pin ; Monotonic Rise at FPGA Pin ; Monotonic Fall at FPGA Pin ; Steady State Voh at Far-end ; Steady State Vol at Far-end ; Voh Max at Far-end ; Vol Min at Far-end ; Ringback Voltage on Rise at Far-end ; Ringback Voltage on Fall at Far-end ; 10-90 Rise Time at Far-end ; 90-10 Fall Time at Far-end ; Monotonic Rise at Far-end ; Monotonic Fall at Far-end ;
+---------------+--------------+---------------------+---------------------+------------------------------+------------------------------+---------------------+---------------------+--------------------------------------+--------------------------------------+-----------------------------+-----------------------------+----------------------------+----------------------------+-----------------------------+-----------------------------+--------------------+--------------------+-------------------------------------+-------------------------------------+----------------------------+----------------------------+---------------------------+---------------------------+
; sum[0]        ; 2.5 V        ; 0 s                 ; 0 s                 ; 2.62 V                       ; 2.78e-08 V                   ; 2.71 V              ; -0.0349 V           ; 0.253 V                              ; 0.069 V                              ; 4.96e-10 s                  ; 5.19e-10 s                  ; No                         ; Yes                        ; 2.62 V                      ; 2.78e-08 V                  ; 2.71 V             ; -0.0349 V          ; 0.253 V                             ; 0.069 V                             ; 4.96e-10 s                 ; 5.19e-10 s                 ; No                        ; Yes                       ;
; sum[1]        ; 2.5 V        ; 0 s                 ; 0 s                 ; 2.62 V                       ; 2.78e-08 V                   ; 2.71 V              ; -0.0349 V           ; 0.253 V                              ; 0.069 V                              ; 4.96e-10 s                  ; 5.19e-10 s                  ; No                         ; Yes                        ; 2.62 V                      ; 2.78e-08 V                  ; 2.71 V             ; -0.0349 V          ; 0.253 V                             ; 0.069 V                             ; 4.96e-10 s                 ; 5.19e-10 s                 ; No                        ; Yes                       ;
; sum[2]        ; 2.5 V        ; 0 s                 ; 0 s                 ; 2.62 V                       ; 2.78e-08 V                   ; 2.71 V              ; -0.0349 V           ; 0.253 V                              ; 0.069 V                              ; 4.96e-10 s                  ; 5.19e-10 s                  ; No                         ; Yes                        ; 2.62 V                      ; 2.78e-08 V                  ; 2.71 V             ; -0.0349 V          ; 0.253 V                             ; 0.069 V                             ; 4.96e-10 s                 ; 5.19e-10 s                 ; No                        ; Yes                       ;
; sum[3]        ; 2.5 V        ; 0 s                 ; 0 s                 ; 2.62 V                       ; 2.78e-08 V                   ; 2.71 V              ; -0.0349 V           ; 0.253 V                              ; 0.069 V                              ; 4.96e-10 s                  ; 5.19e-10 s                  ; No                         ; Yes                        ; 2.62 V                      ; 2.78e-08 V                  ; 2.71 V             ; -0.0349 V          ; 0.253 V                             ; 0.069 V                             ; 4.96e-10 s                 ; 5.19e-10 s                 ; No                        ; Yes                       ;
; sum[4]        ; 2.5 V        ; 0 s                 ; 0 s                 ; 2.62 V                       ; 2.78e-08 V                   ; 2.71 V              ; -0.0349 V           ; 0.253 V                              ; 0.069 V                              ; 4.96e-10 s                  ; 5.19e-10 s                  ; No                         ; Yes                        ; 2.62 V                      ; 2.78e-08 V                  ; 2.71 V             ; -0.0349 V          ; 0.253 V                             ; 0.069 V                             ; 4.96e-10 s                 ; 5.19e-10 s                 ; No                        ; Yes                       ;
; sum[5]        ; 2.5 V        ; 0 s                 ; 0 s                 ; 2.62 V                       ; 2.78e-08 V                   ; 2.71 V              ; -0.0349 V           ; 0.253 V                              ; 0.069 V                              ; 4.96e-10 s                  ; 5.19e-10 s                  ; No                         ; Yes                        ; 2.62 V                      ; 2.78e-08 V                  ; 2.71 V             ; -0.0349 V          ; 0.253 V                             ; 0.069 V                             ; 4.96e-10 s                 ; 5.19e-10 s                 ; No                        ; Yes                       ;
; sum[6]        ; 2.5 V        ; 0 s                 ; 0 s                 ; 2.62 V                       ; 2.78e-08 V                   ; 2.71 V              ; -0.0349 V           ; 0.253 V                              ; 0.069 V                              ; 4.96e-10 s                  ; 5.19e-10 s                  ; No                         ; Yes                        ; 2.62 V                      ; 2.78e-08 V                  ; 2.71 V             ; -0.0349 V          ; 0.253 V                             ; 0.069 V                             ; 4.96e-10 s                 ; 5.19e-10 s                 ; No                        ; Yes                       ;
; sum[7]        ; 2.5 V        ; 0 s                 ; 0 s                 ; 2.62 V                       ; 4.11e-08 V                   ; 2.73 V              ; -0.0566 V           ; 0.191 V                              ; 0.12 V                               ; 2.69e-10 s                  ; 2.76e-10 s                  ; Yes                        ; Yes                        ; 2.62 V                      ; 4.11e-08 V                  ; 2.73 V             ; -0.0566 V          ; 0.191 V                             ; 0.12 V                              ; 2.69e-10 s                 ; 2.76e-10 s                 ; Yes                       ; Yes                       ;
; carry_out     ; 2.5 V        ; 0 s                 ; 0 s                 ; 2.62 V                       ; 4.11e-08 V                   ; 2.73 V              ; -0.0566 V           ; 0.191 V                              ; 0.12 V                               ; 2.69e-10 s                  ; 2.76e-10 s                  ; Yes                        ; Yes                        ; 2.62 V                      ; 4.11e-08 V                  ; 2.73 V             ; -0.0566 V          ; 0.191 V                             ; 0.12 V                              ; 2.69e-10 s                 ; 2.76e-10 s                 ; Yes                       ; Yes                       ;
; ~ALTERA_DCLK~ ; 2.5 V        ; 0 s                 ; 0 s                 ; 2.62 V                       ; 2.22e-08 V                   ; 2.72 V              ; -0.0747 V           ; 0.28 V                               ; 0.169 V                              ; 3.1e-10 s                   ; 3.01e-10 s                  ; No                         ; Yes                        ; 2.62 V                      ; 2.22e-08 V                  ; 2.72 V             ; -0.0747 V          ; 0.28 V                              ; 0.169 V                             ; 3.1e-10 s                  ; 3.01e-10 s                 ; No                        ; Yes                       ;
; ~ALTERA_nCEO~ ; 2.5 V        ; 0 s                 ; 0 s                 ; 2.62 V                       ; 3.53e-08 V                   ; 2.7 V               ; -0.0212 V           ; 0.204 V                              ; 0.049 V                              ; 4.85e-10 s                  ; 6.73e-10 s                  ; No                         ; Yes                        ; 2.62 V                      ; 3.53e-08 V                  ; 2.7 V              ; -0.0212 V          ; 0.204 V                             ; 0.049 V                             ; 4.85e-10 s                 ; 6.73e-10 s                 ; No                        ; Yes                       ;
+---------------+--------------+---------------------+---------------------+------------------------------+------------------------------+---------------------+---------------------+--------------------------------------+--------------------------------------+-----------------------------+-----------------------------+----------------------------+----------------------------+-----------------------------+-----------------------------+--------------------+--------------------+-------------------------------------+-------------------------------------+----------------------------+----------------------------+---------------------------+---------------------------+


-------------------
; Clock Transfers ;
-------------------
Nothing to report.


---------------
; Report TCCS ;
---------------
No dedicated SERDES Transmitter circuitry present in device or used in design


---------------
; Report RSKM ;
---------------
No non-DPA dedicated SERDES Receiver circuitry present in device or used in design


+------------------------------------------------+
; Unconstrained Paths                            ;
+---------------------------------+-------+------+
; Property                        ; Setup ; Hold ;
+---------------------------------+-------+------+
; Illegal Clocks                  ; 0     ; 0    ;
; Unconstrained Clocks            ; 0     ; 0    ;
; Unconstrained Input Ports       ; 17    ; 17   ;
; Unconstrained Input Port Paths  ; 97    ; 97   ;
; Unconstrained Output Ports      ; 9     ; 9    ;
; Unconstrained Output Port Paths ; 97    ; 97   ;
+---------------------------------+-------+------+


+------------------------------------+
; TimeQuest Timing Analyzer Messages ;
+------------------------------------+
Info: *******************************************************************
Info: Running Quartus II 64-Bit TimeQuest Timing Analyzer
    Info: Version 13.1.0 Build 162 10/23/2013 SJ Web Edition
    Info: Processing started: Mon Sep 22 07:37:32 2014
Info: Command: quartus_sta adder8 -c adder8
Info: qsta_default_script.tcl version: #1
Warning (20028): Parallel compilation is not licensed and has been disabled
Info (21077): Core supply voltage is 1.2V
Info (21077): Low junction temperature is 0 degrees C
Info (21077): High junction temperature is 85 degrees C
Critical Warning (332012): Synopsys Design Constraints File file not found: 'adder8.sdc'. A Synopsys Design Constraints File is required by the TimeQuest Timing Analyzer to get proper timing constraints. Without it, the Compiler will not properly optimize the design.
Info (332142): No user constrained base clocks found in the design. Calling "derive_clocks -period 1.0"
Info (332096): The command derive_clocks did not find any clocks to derive.  No clocks were created or changed.
Warning (332068): No clocks defined in design.
Info (332143): No user constrained clock uncertainty found in the design. Calling "derive_clock_uncertainty"
Info (332154): The derive_clock_uncertainty command did not apply clock uncertainty to any clock-to-clock transfers.
Info: Found TIMEQUEST_REPORT_SCRIPT_INCLUDE_DEFAULT_ANALYSIS = ON
Info (332159): No clocks to report
Info: Analyzing Slow 1200mV 85C Model
Info (332140): No fmax paths to report
Info (332140): No Setup paths to report
Info (332140): No Hold paths to report
Info (332140): No Recovery paths to report
Info (332140): No Removal paths to report
Info (332140): No Minimum Pulse Width paths to report
Info: Analyzing Slow 1200mV 0C Model
Info (334003): Started post-fitting delay annotation
Info (334004): Delay annotation completed successfully
Info (332142): No user constrained base clocks found in the design. Calling "derive_clocks -period 1.0"
Info (332096): The command derive_clocks did not find any clocks to derive.  No clocks were created or changed.
Warning (332068): No clocks defined in design.
Info (332154): The derive_clock_uncertainty command did not apply clock uncertainty to any clock-to-clock transfers.
Info (332140): No fmax paths to report
Info (332140): No Setup paths to report
Info (332140): No Hold paths to report
Info (332140): No Recovery paths to report
Info (332140): No Removal paths to report
Info (332140): No Minimum Pulse Width paths to report
Info: Analyzing Fast 1200mV 0C Model
Info (332142): No user constrained base clocks found in the design. Calling "derive_clocks -period 1.0"
Info (332096): The command derive_clocks did not find any clocks to derive.  No clocks were created or changed.
Warning (332068): No clocks defined in design.
Info (332154): The derive_clock_uncertainty command did not apply clock uncertainty to any clock-to-clock transfers.
Info (332140): No Setup paths to report
Info (332140): No Hold paths to report
Info (332140): No Recovery paths to report
Info (332140): No Removal paths to report
Info (332140): No Minimum Pulse Width paths to report
Info (332102): Design is not fully constrained for setup requirements
Info (332102): Design is not fully constrained for hold requirements
Info: Quartus II 64-Bit TimeQuest Timing Analyzer was successful. 0 errors, 5 warnings
    Info: Peak virtual memory: 460 megabytes
    Info: Processing ended: Mon Sep 22 07:37:34 2014
    Info: Elapsed time: 00:00:02
    Info: Total CPU time (on all processors): 00:00:02


