Analysis & Synthesis report for top_level
Thu Oct 16 13:46:18 2014
Quartus II 64-Bit Version 13.1.0 Build 162 10/23/2013 SJ Web Edition


---------------------
; Table of Contents ;
---------------------
  1. Legal Notice
  2. Analysis & Synthesis Summary
  3. Analysis & Synthesis Settings
  4. Parallel Compilation
  5. Analysis & Synthesis Source Files Read
  6. Analysis & Synthesis Resource Usage Summary
  7. Analysis & Synthesis Resource Utilization by Entity
  8. Analysis & Synthesis RAM Summary
  9. Analysis & Synthesis IP Cores Summary
 10. General Register Statistics
 11. Multiplexer Restructuring Statistics (Restructuring Performed)
 12. Source assignments for vga_rom:V_ROM|altsyncram:altsyncram_component|altsyncram_4dt3:auto_generated
 13. Parameter Settings for User Entity Instance: vga_rom:V_ROM|altsyncram:altsyncram_component
 14. altsyncram Parameter Settings by Entity Instance
 15. Port Connectivity Checks: "vga_rom:V_ROM"
 16. Port Connectivity Checks: "block_row:B_Row"
 17. Port Connectivity Checks: "block_col:B_Col"
 18. Elapsed Time Per Partition
 19. Analysis & Synthesis Messages



----------------
; Legal Notice ;
----------------
Copyright (C) 1991-2013 Altera Corporation
Your use of Altera Corporation's design tools, logic functions 
and other software and tools, and its AMPP partner logic 
functions, and any output files from any of the foregoing 
(including device programming or simulation files), and any 
associated documentation or information are expressly subject 
to the terms and conditions of the Altera Program License 
Subscription Agreement, Altera MegaCore Function License 
Agreement, or other applicable license agreement, including, 
without limitation, that your use is for the sole purpose of 
programming logic devices manufactured by Altera and sold by 
Altera or its authorized distributors.  Please refer to the 
applicable agreement for further details.



+---------------------------------------------------------------------------------+
; Analysis & Synthesis Summary                                                    ;
+------------------------------------+--------------------------------------------+
; Analysis & Synthesis Status        ; Successful - Thu Oct 16 13:46:18 2014      ;
; Quartus II 64-Bit Version          ; 13.1.0 Build 162 10/23/2013 SJ Web Edition ;
; Revision Name                      ; top_level                                  ;
; Top-level Entity Name              ; top_level                                  ;
; Family                             ; Cyclone III                                ;
; Total logic elements               ; 101                                        ;
;     Total combinational functions  ; 101                                        ;
;     Dedicated logic registers      ; 22                                         ;
; Total registers                    ; 22                                         ;
; Total pins                         ; 18                                         ;
; Total virtual pins                 ; 0                                          ;
; Total memory bits                  ; 24,576                                     ;
; Embedded Multiplier 9-bit elements ; 0                                          ;
; Total PLLs                         ; 0                                          ;
+------------------------------------+--------------------------------------------+


+----------------------------------------------------------------------------------------------------------------------+
; Analysis & Synthesis Settings                                                                                        ;
+----------------------------------------------------------------------------+--------------------+--------------------+
; Option                                                                     ; Setting            ; Default Value      ;
+----------------------------------------------------------------------------+--------------------+--------------------+
; Device                                                                     ; EP3C16F484C6       ;                    ;
; Top-level entity name                                                      ; top_level          ; top_level          ;
; Family name                                                                ; Cyclone III        ; Cyclone IV GX      ;
; Use smart compilation                                                      ; Off                ; Off                ;
; Enable parallel Assembler and TimeQuest Timing Analyzer during compilation ; On                 ; On                 ;
; Enable compact report table                                                ; Off                ; Off                ;
; Restructure Multiplexers                                                   ; Auto               ; Auto               ;
; Create Debugging Nodes for IP Cores                                        ; Off                ; Off                ;
; Preserve fewer node names                                                  ; On                 ; On                 ;
; Disable OpenCore Plus hardware evaluation                                  ; Off                ; Off                ;
; Verilog Version                                                            ; Verilog_2001       ; Verilog_2001       ;
; VHDL Version                                                               ; VHDL_1993          ; VHDL_1993          ;
; State Machine Processing                                                   ; Auto               ; Auto               ;
; Safe State Machine                                                         ; Off                ; Off                ;
; Extract Verilog State Machines                                             ; On                 ; On                 ;
; Extract VHDL State Machines                                                ; On                 ; On                 ;
; Ignore Verilog initial constructs                                          ; Off                ; Off                ;
; Iteration limit for constant Verilog loops                                 ; 5000               ; 5000               ;
; Iteration limit for non-constant Verilog loops                             ; 250                ; 250                ;
; Add Pass-Through Logic to Inferred RAMs                                    ; On                 ; On                 ;
; Infer RAMs from Raw Logic                                                  ; On                 ; On                 ;
; Parallel Synthesis                                                         ; On                 ; On                 ;
; DSP Block Balancing                                                        ; Auto               ; Auto               ;
; NOT Gate Push-Back                                                         ; On                 ; On                 ;
; Power-Up Don't Care                                                        ; On                 ; On                 ;
; Remove Redundant Logic Cells                                               ; Off                ; Off                ;
; Remove Duplicate Registers                                                 ; On                 ; On                 ;
; Ignore CARRY Buffers                                                       ; Off                ; Off                ;
; Ignore CASCADE Buffers                                                     ; Off                ; Off                ;
; Ignore GLOBAL Buffers                                                      ; Off                ; Off                ;
; Ignore ROW GLOBAL Buffers                                                  ; Off                ; Off                ;
; Ignore LCELL Buffers                                                       ; Off                ; Off                ;
; Ignore SOFT Buffers                                                        ; On                 ; On                 ;
; Limit AHDL Integers to 32 Bits                                             ; Off                ; Off                ;
; Optimization Technique                                                     ; Balanced           ; Balanced           ;
; Carry Chain Length                                                         ; 70                 ; 70                 ;
; Auto Carry Chains                                                          ; On                 ; On                 ;
; Auto Open-Drain Pins                                                       ; On                 ; On                 ;
; Perform WYSIWYG Primitive Resynthesis                                      ; Off                ; Off                ;
; Auto ROM Replacement                                                       ; On                 ; On                 ;
; Auto RAM Replacement                                                       ; On                 ; On                 ;
; Auto DSP Block Replacement                                                 ; On                 ; On                 ;
; Auto Shift Register Replacement                                            ; Auto               ; Auto               ;
; Allow Shift Register Merging across Hierarchies                            ; Auto               ; Auto               ;
; Auto Clock Enable Replacement                                              ; On                 ; On                 ;
; Strict RAM Replacement                                                     ; Off                ; Off                ;
; Allow Synchronous Control Signals                                          ; On                 ; On                 ;
; Force Use of Synchronous Clear Signals                                     ; Off                ; Off                ;
; Auto RAM Block Balancing                                                   ; On                 ; On                 ;
; Auto RAM to Logic Cell Conversion                                          ; Off                ; Off                ;
; Auto Resource Sharing                                                      ; Off                ; Off                ;
; Allow Any RAM Size For Recognition                                         ; Off                ; Off                ;
; Allow Any ROM Size For Recognition                                         ; Off                ; Off                ;
; Allow Any Shift Register Size For Recognition                              ; Off                ; Off                ;
; Use LogicLock Constraints during Resource Balancing                        ; On                 ; On                 ;
; Ignore translate_off and synthesis_off directives                          ; Off                ; Off                ;
; Timing-Driven Synthesis                                                    ; On                 ; On                 ;
; Report Parameter Settings                                                  ; On                 ; On                 ;
; Report Source Assignments                                                  ; On                 ; On                 ;
; Report Connectivity Checks                                                 ; On                 ; On                 ;
; Ignore Maximum Fan-Out Assignments                                         ; Off                ; Off                ;
; Synchronization Register Chain Length                                      ; 2                  ; 2                  ;
; PowerPlay Power Optimization                                               ; Normal compilation ; Normal compilation ;
; HDL message level                                                          ; Level2             ; Level2             ;
; Suppress Register Optimization Related Messages                            ; Off                ; Off                ;
; Number of Removed Registers Reported in Synthesis Report                   ; 5000               ; 5000               ;
; Number of Swept Nodes Reported in Synthesis Report                         ; 5000               ; 5000               ;
; Number of Inverted Registers Reported in Synthesis Report                  ; 100                ; 100                ;
; Clock MUX Protection                                                       ; On                 ; On                 ;
; Auto Gated Clock Conversion                                                ; Off                ; Off                ;
; Block Design Naming                                                        ; Auto               ; Auto               ;
; SDC constraint protection                                                  ; Off                ; Off                ;
; Synthesis Effort                                                           ; Auto               ; Auto               ;
; Shift Register Replacement - Allow Asynchronous Clear Signal               ; On                 ; On                 ;
; Pre-Mapping Resynthesis Optimization                                       ; Off                ; Off                ;
; Analysis & Synthesis Message Level                                         ; Medium             ; Medium             ;
; Disable Register Merging Across Hierarchies                                ; Auto               ; Auto               ;
; Resource Aware Inference For Block RAM                                     ; On                 ; On                 ;
; Synthesis Seed                                                             ; 1                  ; 1                  ;
+----------------------------------------------------------------------------+--------------------+--------------------+


Parallel compilation was disabled, but you have multiple processors available. Enable parallel compilation to reduce compilation time.
+-------------------------------------+
; Parallel Compilation                ;
+----------------------------+--------+
; Processors                 ; Number ;
+----------------------------+--------+
; Number detected on machine ; 4      ;
; Maximum allowed            ; 1      ;
+----------------------------+--------+


+------------------------------------------------------------------------------------------------------------------------------------------------------------------------------------------+
; Analysis & Synthesis Source Files Read                                                                                                                                                   ;
+----------------------------------------------+-----------------+----------------------------------------+----------------------------------------------------------------------+---------+
; File Name with User-Entered Path             ; Used in Netlist ; File Type                              ; File Name with Absolute Path                                         ; Library ;
+----------------------------------------------+-----------------+----------------------------------------+----------------------------------------------------------------------+---------+
; ../../Lab4vhdlFiles/vga_lib.vhd              ; yes             ; User VHDL File                         ; D:/Dropbox/EEL4712/Lab4/Lab4vhdlFiles/vga_lib.vhd                    ;         ;
; ../../Part1/Quartus/PixelClock.vhd           ; yes             ; User VHDL File                         ; D:/Dropbox/EEL4712/Lab4/Part1/Quartus/PixelClock.vhd                 ;         ;
; ../../Part2/Quartus/VGA_sync_gen.vhd         ; yes             ; User VHDL File                         ; D:/Dropbox/EEL4712/Lab4/Part2/Quartus/VGA_sync_gen.vhd               ;         ;
; vga_rom.vhd                                  ; yes             ; User Wizard-Generated File             ; D:/Dropbox/EEL4712/Lab4/Part4/Quartus/vga_rom.vhd                    ;         ;
; block_row.vhd                                ; yes             ; User VHDL File                         ; D:/Dropbox/EEL4712/Lab4/Part4/Quartus/block_row.vhd                  ;         ;
; block_col.vhd                                ; yes             ; User VHDL File                         ; D:/Dropbox/EEL4712/Lab4/Part4/Quartus/block_col.vhd                  ;         ;
; top_level.vhd                                ; yes             ; User VHDL File                         ; D:/Dropbox/EEL4712/Lab4/Part4/Quartus/top_level.vhd                  ;         ;
; altsyncram.tdf                               ; yes             ; Megafunction                           ; d:/altera/13.1/quartus/libraries/megafunctions/altsyncram.tdf        ;         ;
; stratix_ram_block.inc                        ; yes             ; Megafunction                           ; d:/altera/13.1/quartus/libraries/megafunctions/stratix_ram_block.inc ;         ;
; lpm_mux.inc                                  ; yes             ; Megafunction                           ; d:/altera/13.1/quartus/libraries/megafunctions/lpm_mux.inc           ;         ;
; lpm_decode.inc                               ; yes             ; Megafunction                           ; d:/altera/13.1/quartus/libraries/megafunctions/lpm_decode.inc        ;         ;
; aglobal131.inc                               ; yes             ; Megafunction                           ; d:/altera/13.1/quartus/libraries/megafunctions/aglobal131.inc        ;         ;
; a_rdenreg.inc                                ; yes             ; Megafunction                           ; d:/altera/13.1/quartus/libraries/megafunctions/a_rdenreg.inc         ;         ;
; altrom.inc                                   ; yes             ; Megafunction                           ; d:/altera/13.1/quartus/libraries/megafunctions/altrom.inc            ;         ;
; altram.inc                                   ; yes             ; Megafunction                           ; d:/altera/13.1/quartus/libraries/megafunctions/altram.inc            ;         ;
; altdpram.inc                                 ; yes             ; Megafunction                           ; d:/altera/13.1/quartus/libraries/megafunctions/altdpram.inc          ;         ;
; db/altsyncram_4dt3.tdf                       ; yes             ; Auto-Generated Megafunction            ; D:/Dropbox/EEL4712/Lab4/Part4/Quartus/db/altsyncram_4dt3.tdf         ;         ;
; /dropbox/eel4712/lab4/lab4vhdlfiles/brom.mif ; yes             ; Auto-Found Memory Initialization File  ; /dropbox/eel4712/lab4/lab4vhdlfiles/brom.mif                         ;         ;
+----------------------------------------------+-----------------+----------------------------------------+----------------------------------------------------------------------+---------+


+---------------------------------------------------------------------+
; Analysis & Synthesis Resource Usage Summary                         ;
+---------------------------------------------+-----------------------+
; Resource                                    ; Usage                 ;
+---------------------------------------------+-----------------------+
; Estimated Total logic elements              ; 101                   ;
;                                             ;                       ;
; Total combinational functions               ; 101                   ;
; Logic element usage by number of LUT inputs ;                       ;
;     -- 4 input functions                    ; 39                    ;
;     -- 3 input functions                    ; 20                    ;
;     -- <=2 input functions                  ; 42                    ;
;                                             ;                       ;
; Logic elements by mode                      ;                       ;
;     -- normal mode                          ; 73                    ;
;     -- arithmetic mode                      ; 28                    ;
;                                             ;                       ;
; Total registers                             ; 22                    ;
;     -- Dedicated logic registers            ; 22                    ;
;     -- I/O registers                        ; 0                     ;
;                                             ;                       ;
; I/O pins                                    ; 18                    ;
; Total memory bits                           ; 24576                 ;
; Embedded Multiplier 9-bit elements          ; 0                     ;
; Maximum fan-out node                        ; PixelClock:PCLK|clk25 ;
; Maximum fan-out                             ; 34                    ;
; Total fan-out                               ; 525                   ;
; Average fan-out                             ; 3.07                  ;
+---------------------------------------------+-----------------------+


+----------------------------------------------------------------------------------------------------------------------------------------------------------------------------------------------------------------------------------------------------------------+
; Analysis & Synthesis Resource Utilization by Entity                                                                                                                                                                                                            ;
+-------------------------------------------+-------------------+--------------+-------------+--------------+---------+-----------+------+--------------+-----------------------------------------------------------------------------------------+--------------+
; Compilation Hierarchy Node                ; LC Combinationals ; LC Registers ; Memory Bits ; DSP Elements ; DSP 9x9 ; DSP 18x18 ; Pins ; Virtual Pins ; Full Hierarchy Name                                                                     ; Library Name ;
+-------------------------------------------+-------------------+--------------+-------------+--------------+---------+-----------+------+--------------+-----------------------------------------------------------------------------------------+--------------+
; |top_level                                ; 101 (57)          ; 22 (0)       ; 24576       ; 0            ; 0       ; 0         ; 18   ; 0            ; |top_level                                                                              ; work         ;
;    |PixelClock:PCLK|                      ; 1 (1)             ; 1 (1)        ; 0           ; 0            ; 0       ; 0         ; 0    ; 0            ; |top_level|PixelClock:PCLK                                                              ; work         ;
;    |VGA_sync_gen:VGA_sync|                ; 43 (43)           ; 21 (21)      ; 0           ; 0            ; 0       ; 0         ; 0    ; 0            ; |top_level|VGA_sync_gen:VGA_sync                                                        ; work         ;
;    |vga_rom:V_ROM|                        ; 0 (0)             ; 0 (0)        ; 24576       ; 0            ; 0       ; 0         ; 0    ; 0            ; |top_level|vga_rom:V_ROM                                                                ; work         ;
;       |altsyncram:altsyncram_component|   ; 0 (0)             ; 0 (0)        ; 24576       ; 0            ; 0       ; 0         ; 0    ; 0            ; |top_level|vga_rom:V_ROM|altsyncram:altsyncram_component                                ; work         ;
;          |altsyncram_4dt3:auto_generated| ; 0 (0)             ; 0 (0)        ; 24576       ; 0            ; 0       ; 0         ; 0    ; 0            ; |top_level|vga_rom:V_ROM|altsyncram:altsyncram_component|altsyncram_4dt3:auto_generated ; work         ;
+-------------------------------------------+-------------------+--------------+-------------+--------------+---------+-----------+------+--------------+-----------------------------------------------------------------------------------------+--------------+
Note: For table entries with two numbers listed, the numbers in parentheses indicate the number of resources of the given type used by the specific entity alone. The numbers listed outside of parentheses indicate the total resources of the given type used by the specific entity and all of its sub-entities in the hierarchy.


+----------------------------------------------------------------------------------------------------------------------------------------------------------------------------------------------------------+
; Analysis & Synthesis RAM Summary                                                                                                                                                                         ;
+-----------------------------------------------------------------------------------------+------+------+--------------+--------------+--------------+--------------+-------+------------------------------+
; Name                                                                                    ; Type ; Mode ; Port A Depth ; Port A Width ; Port B Depth ; Port B Width ; Size  ; MIF                          ;
+-----------------------------------------------------------------------------------------+------+------+--------------+--------------+--------------+--------------+-------+------------------------------+
; vga_rom:V_ROM|altsyncram:altsyncram_component|altsyncram_4dt3:auto_generated|ALTSYNCRAM ; AUTO ; ROM  ; 4096         ; 12           ; --           ; --           ; 49152 ; ../../Lab4vhdlFiles/brom.mif ;
+-----------------------------------------------------------------------------------------+------+------+--------------+--------------+--------------+--------------+-------+------------------------------+


+----------------------------------------------------------------------------------------------------------------------------------------------+
; Analysis & Synthesis IP Cores Summary                                                                                                        ;
+--------+--------------+---------+--------------+--------------+--------------------------+---------------------------------------------------+
; Vendor ; IP Core Name ; Version ; Release Date ; License Type ; Entity Instance          ; IP Include File                                   ;
+--------+--------------+---------+--------------+--------------+--------------------------+---------------------------------------------------+
; Altera ; ROM: 1-PORT  ; N/A     ; N/A          ; N/A          ; |top_level|vga_rom:V_ROM ; D:/Dropbox/EEL4712/Lab4/Part4/Quartus/vga_rom.vhd ;
+--------+--------------+---------+--------------+--------------+--------------------------+---------------------------------------------------+


+------------------------------------------------------+
; General Register Statistics                          ;
+----------------------------------------------+-------+
; Statistic                                    ; Value ;
+----------------------------------------------+-------+
; Total registers                              ; 22    ;
; Number of registers using Synchronous Clear  ; 0     ;
; Number of registers using Synchronous Load   ; 0     ;
; Number of registers using Asynchronous Clear ; 0     ;
; Number of registers using Asynchronous Load  ; 0     ;
; Number of registers using Clock Enable       ; 10    ;
; Number of registers using Preset             ; 0     ;
+----------------------------------------------+-------+


+------------------------------------------------------------------------------------------------------------------------------------------+
; Multiplexer Restructuring Statistics (Restructuring Performed)                                                                           ;
+--------------------+-----------+---------------+----------------------+------------------------+------------+----------------------------+
; Multiplexer Inputs ; Bus Width ; Baseline Area ; Area if Restructured ; Saving if Restructured ; Registered ; Example Multiplexer Output ;
+--------------------+-----------+---------------+----------------------+------------------------+------------+----------------------------+
; 3:1                ; 5 bits    ; 10 LEs        ; 10 LEs               ; 0 LEs                  ; No         ; |top_level|Y_ST[4]         ;
; 3:1                ; 12 bits   ; 24 LEs        ; 12 LEs               ; 12 LEs                 ; No         ; |top_level|blue            ;
+--------------------+-----------+---------------+----------------------+------------------------+------------+----------------------------+


+-----------------------------------------------------------------------------------------------------+
; Source assignments for vga_rom:V_ROM|altsyncram:altsyncram_component|altsyncram_4dt3:auto_generated ;
+---------------------------------+--------------------+------+---------------------------------------+
; Assignment                      ; Value              ; From ; To                                    ;
+---------------------------------+--------------------+------+---------------------------------------+
; OPTIMIZE_POWER_DURING_SYNTHESIS ; NORMAL_COMPILATION ; -    ; -                                     ;
+---------------------------------+--------------------+------+---------------------------------------+


+--------------------------------------------------------------------------------------------+
; Parameter Settings for User Entity Instance: vga_rom:V_ROM|altsyncram:altsyncram_component ;
+------------------------------------+------------------------------+------------------------+
; Parameter Name                     ; Value                        ; Type                   ;
+------------------------------------+------------------------------+------------------------+
; BYTE_SIZE_BLOCK                    ; 8                            ; Untyped                ;
; AUTO_CARRY_CHAINS                  ; ON                           ; AUTO_CARRY             ;
; IGNORE_CARRY_BUFFERS               ; OFF                          ; IGNORE_CARRY           ;
; AUTO_CASCADE_CHAINS                ; ON                           ; AUTO_CASCADE           ;
; IGNORE_CASCADE_BUFFERS             ; OFF                          ; IGNORE_CASCADE         ;
; WIDTH_BYTEENA                      ; 1                            ; Untyped                ;
; OPERATION_MODE                     ; ROM                          ; Untyped                ;
; WIDTH_A                            ; 12                           ; Signed Integer         ;
; WIDTHAD_A                          ; 12                           ; Signed Integer         ;
; NUMWORDS_A                         ; 4096                         ; Signed Integer         ;
; OUTDATA_REG_A                      ; UNREGISTERED                 ; Untyped                ;
; ADDRESS_ACLR_A                     ; NONE                         ; Untyped                ;
; OUTDATA_ACLR_A                     ; NONE                         ; Untyped                ;
; WRCONTROL_ACLR_A                   ; NONE                         ; Untyped                ;
; INDATA_ACLR_A                      ; NONE                         ; Untyped                ;
; BYTEENA_ACLR_A                     ; NONE                         ; Untyped                ;
; WIDTH_B                            ; 1                            ; Signed Integer         ;
; WIDTHAD_B                          ; 1                            ; Signed Integer         ;
; NUMWORDS_B                         ; 0                            ; Signed Integer         ;
; INDATA_REG_B                       ; CLOCK1                       ; Untyped                ;
; WRCONTROL_WRADDRESS_REG_B          ; CLOCK1                       ; Untyped                ;
; RDCONTROL_REG_B                    ; CLOCK1                       ; Untyped                ;
; ADDRESS_REG_B                      ; CLOCK1                       ; Untyped                ;
; OUTDATA_REG_B                      ; UNREGISTERED                 ; Untyped                ;
; BYTEENA_REG_B                      ; CLOCK1                       ; Untyped                ;
; INDATA_ACLR_B                      ; NONE                         ; Untyped                ;
; WRCONTROL_ACLR_B                   ; NONE                         ; Untyped                ;
; ADDRESS_ACLR_B                     ; NONE                         ; Untyped                ;
; OUTDATA_ACLR_B                     ; NONE                         ; Untyped                ;
; RDCONTROL_ACLR_B                   ; NONE                         ; Untyped                ;
; BYTEENA_ACLR_B                     ; NONE                         ; Untyped                ;
; WIDTH_BYTEENA_A                    ; 1                            ; Signed Integer         ;
; WIDTH_BYTEENA_B                    ; 1                            ; Signed Integer         ;
; RAM_BLOCK_TYPE                     ; AUTO                         ; Untyped                ;
; BYTE_SIZE                          ; 8                            ; Signed Integer         ;
; READ_DURING_WRITE_MODE_MIXED_PORTS ; DONT_CARE                    ; Untyped                ;
; READ_DURING_WRITE_MODE_PORT_A      ; NEW_DATA_NO_NBE_READ         ; Untyped                ;
; READ_DURING_WRITE_MODE_PORT_B      ; NEW_DATA_NO_NBE_READ         ; Untyped                ;
; INIT_FILE                          ; ../../Lab4vhdlFiles/brom.mif ; Untyped                ;
; INIT_FILE_LAYOUT                   ; PORT_A                       ; Untyped                ;
; MAXIMUM_DEPTH                      ; 0                            ; Signed Integer         ;
; CLOCK_ENABLE_INPUT_A               ; BYPASS                       ; Untyped                ;
; CLOCK_ENABLE_INPUT_B               ; NORMAL                       ; Untyped                ;
; CLOCK_ENABLE_OUTPUT_A              ; BYPASS                       ; Untyped                ;
; CLOCK_ENABLE_OUTPUT_B              ; NORMAL                       ; Untyped                ;
; CLOCK_ENABLE_CORE_A                ; USE_INPUT_CLKEN              ; Untyped                ;
; CLOCK_ENABLE_CORE_B                ; USE_INPUT_CLKEN              ; Untyped                ;
; ENABLE_ECC                         ; FALSE                        ; Untyped                ;
; ECC_PIPELINE_STAGE_ENABLED         ; FALSE                        ; Untyped                ;
; WIDTH_ECCSTATUS                    ; 3                            ; Signed Integer         ;
; DEVICE_FAMILY                      ; Cyclone III                  ; Untyped                ;
; CBXI_PARAMETER                     ; altsyncram_4dt3              ; Untyped                ;
+------------------------------------+------------------------------+------------------------+
Note: In order to hide this table in the UI and the text report file, please set the "Show Parameter Settings in Synthesis Report" option in "Analysis and Synthesis Settings -> More Settings" to "Off".


+-------------------------------------------------------------------------------------------+
; altsyncram Parameter Settings by Entity Instance                                          ;
+-------------------------------------------+-----------------------------------------------+
; Name                                      ; Value                                         ;
+-------------------------------------------+-----------------------------------------------+
; Number of entity instances                ; 1                                             ;
; Entity Instance                           ; vga_rom:V_ROM|altsyncram:altsyncram_component ;
;     -- OPERATION_MODE                     ; ROM                                           ;
;     -- WIDTH_A                            ; 12                                            ;
;     -- NUMWORDS_A                         ; 4096                                          ;
;     -- OUTDATA_REG_A                      ; UNREGISTERED                                  ;
;     -- WIDTH_B                            ; 1                                             ;
;     -- NUMWORDS_B                         ; 0                                             ;
;     -- ADDRESS_REG_B                      ; CLOCK1                                        ;
;     -- OUTDATA_REG_B                      ; UNREGISTERED                                  ;
;     -- RAM_BLOCK_TYPE                     ; AUTO                                          ;
;     -- READ_DURING_WRITE_MODE_MIXED_PORTS ; DONT_CARE                                     ;
+-------------------------------------------+-----------------------------------------------+


+-----------------------------------------------+
; Port Connectivity Checks: "vga_rom:V_ROM"     ;
+-------------+-------+----------+--------------+
; Port        ; Type  ; Severity ; Details      ;
+-------------+-------+----------+--------------+
; address[11] ; Input ; Info     ; Stuck at GND ;
; address[5]  ; Input ; Info     ; Stuck at GND ;
+-------------+-------+----------+--------------+


+------------------------------------------------------------------------------------------------------------------------+
; Port Connectivity Checks: "block_row:B_Row"                                                                            ;
+--------------+--------+----------+-------------------------------------------------------------------------------------+
; Port         ; Type   ; Severity ; Details                                                                             ;
+--------------+--------+----------+-------------------------------------------------------------------------------------+
; row_count[0] ; Output ; Info     ; Connected to dangling logic. Logic that only feeds a dangling port will be removed. ;
+--------------+--------+----------+-------------------------------------------------------------------------------------+


+------------------------------------------------------------------------------------------------------------------------+
; Port Connectivity Checks: "block_col:B_Col"                                                                            ;
+--------------+--------+----------+-------------------------------------------------------------------------------------+
; Port         ; Type   ; Severity ; Details                                                                             ;
+--------------+--------+----------+-------------------------------------------------------------------------------------+
; col_count[0] ; Output ; Info     ; Connected to dangling logic. Logic that only feeds a dangling port will be removed. ;
+--------------+--------+----------+-------------------------------------------------------------------------------------+


+-------------------------------+
; Elapsed Time Per Partition    ;
+----------------+--------------+
; Partition Name ; Elapsed Time ;
+----------------+--------------+
; Top            ; 00:00:02     ;
+----------------+--------------+


+-------------------------------+
; Analysis & Synthesis Messages ;
+-------------------------------+
Info: *******************************************************************
Info: Running Quartus II 64-Bit Analysis & Synthesis
    Info: Version 13.1.0 Build 162 10/23/2013 SJ Web Edition
    Info: Processing started: Thu Oct 16 13:46:11 2014
Info: Command: quartus_map --read_settings_files=on --write_settings_files=off top_level -c top_level
Warning (20028): Parallel compilation is not licensed and has been disabled
Info (12021): Found 1 design units, including 0 entities, in source file /dropbox/eel4712/lab4/lab4vhdlfiles/vga_lib.vhd
    Info (12022): Found design unit 1: VGA_LIB
Info (12021): Found 2 design units, including 1 entities, in source file /dropbox/eel4712/lab4/part1/quartus/pixelclock.vhd
    Info (12022): Found design unit 1: PixelClock-Behavioral
    Info (12023): Found entity 1: PixelClock
Info (12021): Found 2 design units, including 1 entities, in source file /dropbox/eel4712/lab4/part2/quartus/vga_sync_gen.vhd
    Info (12022): Found design unit 1: VGA_sync_gen-Behavioral
    Info (12023): Found entity 1: VGA_sync_gen
Info (12021): Found 2 design units, including 1 entities, in source file vga_rom.vhd
    Info (12022): Found design unit 1: vga_rom-SYN
    Info (12023): Found entity 1: vga_rom
Info (12021): Found 2 design units, including 1 entities, in source file block_row.vhd
    Info (12022): Found design unit 1: block_row-Behavioral
    Info (12023): Found entity 1: block_row
Info (12021): Found 2 design units, including 1 entities, in source file block_col.vhd
    Info (12022): Found design unit 1: block_col-Behavioral
    Info (12023): Found entity 1: block_col
Info (12021): Found 2 design units, including 1 entities, in source file top_level.vhd
    Info (12022): Found design unit 1: top_level-STR
    Info (12023): Found entity 1: top_level
Info (12127): Elaborating entity "top_level" for the top level hierarchy
Warning (10492): VHDL Process Statement warning at top_level.vhd(91): signal "X_ST" is read inside the Process Statement but isn't in the Process Statement's sensitivity list
Warning (10492): VHDL Process Statement warning at top_level.vhd(92): signal "Y_ST" is read inside the Process Statement but isn't in the Process Statement's sensitivity list
Warning (10492): VHDL Process Statement warning at top_level.vhd(110): signal "Hcount" is read inside the Process Statement but isn't in the Process Statement's sensitivity list
Warning (10492): VHDL Process Statement warning at top_level.vhd(110): signal "X_EN" is read inside the Process Statement but isn't in the Process Statement's sensitivity list
Warning (10492): VHDL Process Statement warning at top_level.vhd(110): signal "X_ST" is read inside the Process Statement but isn't in the Process Statement's sensitivity list
Warning (10492): VHDL Process Statement warning at top_level.vhd(110): signal "Vcount" is read inside the Process Statement but isn't in the Process Statement's sensitivity list
Warning (10492): VHDL Process Statement warning at top_level.vhd(110): signal "Y_EN" is read inside the Process Statement but isn't in the Process Statement's sensitivity list
Warning (10492): VHDL Process Statement warning at top_level.vhd(110): signal "Y_ST" is read inside the Process Statement but isn't in the Process Statement's sensitivity list
Warning (10492): VHDL Process Statement warning at top_level.vhd(111): signal "q" is read inside the Process Statement but isn't in the Process Statement's sensitivity list
Warning (10492): VHDL Process Statement warning at top_level.vhd(112): signal "q" is read inside the Process Statement but isn't in the Process Statement's sensitivity list
Warning (10492): VHDL Process Statement warning at top_level.vhd(113): signal "q" is read inside the Process Statement but isn't in the Process Statement's sensitivity list
Info (12128): Elaborating entity "PixelClock" for hierarchy "PixelClock:PCLK"
Info (12128): Elaborating entity "VGA_sync_gen" for hierarchy "VGA_sync_gen:VGA_sync"
Warning (10492): VHDL Process Statement warning at VGA_sync_gen.vhd(37): signal "venable" is read inside the Process Statement but isn't in the Process Statement's sensitivity list
Info (12128): Elaborating entity "block_col" for hierarchy "block_col:B_Col"
Info (12128): Elaborating entity "block_row" for hierarchy "block_row:B_Row"
Info (12128): Elaborating entity "vga_rom" for hierarchy "vga_rom:V_ROM"
Info (12128): Elaborating entity "altsyncram" for hierarchy "vga_rom:V_ROM|altsyncram:altsyncram_component"
Info (12130): Elaborated megafunction instantiation "vga_rom:V_ROM|altsyncram:altsyncram_component"
Info (12133): Instantiated megafunction "vga_rom:V_ROM|altsyncram:altsyncram_component" with the following parameter:
    Info (12134): Parameter "address_aclr_a" = "NONE"
    Info (12134): Parameter "address_aclr_b" = "NONE"
    Info (12134): Parameter "address_reg_b" = "CLOCK1"
    Info (12134): Parameter "byte_size" = "8"
    Info (12134): Parameter "byteena_aclr_a" = "UNUSED"
    Info (12134): Parameter "byteena_aclr_b" = "NONE"
    Info (12134): Parameter "byteena_reg_b" = "CLOCK1"
    Info (12134): Parameter "clock_enable_core_a" = "USE_INPUT_CLKEN"
    Info (12134): Parameter "clock_enable_core_b" = "USE_INPUT_CLKEN"
    Info (12134): Parameter "clock_enable_input_a" = "BYPASS"
    Info (12134): Parameter "clock_enable_input_b" = "NORMAL"
    Info (12134): Parameter "clock_enable_output_a" = "BYPASS"
    Info (12134): Parameter "clock_enable_output_b" = "NORMAL"
    Info (12134): Parameter "intended_device_family" = "Cyclone III"
    Info (12134): Parameter "ecc_pipeline_stage_enabled" = "FALSE"
    Info (12134): Parameter "enable_ecc" = "FALSE"
    Info (12134): Parameter "implement_in_les" = "OFF"
    Info (12134): Parameter "indata_aclr_a" = "UNUSED"
    Info (12134): Parameter "indata_aclr_b" = "NONE"
    Info (12134): Parameter "indata_reg_b" = "CLOCK1"
    Info (12134): Parameter "init_file" = "../../Lab4vhdlFiles/brom.mif"
    Info (12134): Parameter "init_file_layout" = "PORT_A"
    Info (12134): Parameter "maximum_depth" = "0"
    Info (12134): Parameter "numwords_a" = "4096"
    Info (12134): Parameter "numwords_b" = "0"
    Info (12134): Parameter "operation_mode" = "ROM"
    Info (12134): Parameter "outdata_aclr_a" = "NONE"
    Info (12134): Parameter "outdata_aclr_b" = "NONE"
    Info (12134): Parameter "outdata_reg_a" = "UNREGISTERED"
    Info (12134): Parameter "outdata_reg_b" = "UNREGISTERED"
    Info (12134): Parameter "power_up_uninitialized" = "FALSE"
    Info (12134): Parameter "ram_block_type" = "AUTO"
    Info (12134): Parameter "rdcontrol_aclr_b" = "NONE"
    Info (12134): Parameter "rdcontrol_reg_b" = "CLOCK1"
    Info (12134): Parameter "read_during_write_mode_mixed_ports" = "DONT_CARE"
    Info (12134): Parameter "read_during_write_mode_port_a" = "NEW_DATA_NO_NBE_READ"
    Info (12134): Parameter "read_during_write_mode_port_b" = "NEW_DATA_NO_NBE_READ"
    Info (12134): Parameter "stratixiv_m144k_allow_dual_clocks" = "ON"
    Info (12134): Parameter "width_a" = "12"
    Info (12134): Parameter "width_b" = "1"
    Info (12134): Parameter "width_byteena_a" = "1"
    Info (12134): Parameter "width_byteena_b" = "1"
    Info (12134): Parameter "width_eccstatus" = "3"
    Info (12134): Parameter "widthad_a" = "12"
    Info (12134): Parameter "widthad_b" = "1"
    Info (12134): Parameter "wrcontrol_aclr_a" = "UNUSED"
    Info (12134): Parameter "wrcontrol_aclr_b" = "NONE"
    Info (12134): Parameter "wrcontrol_wraddress_reg_b" = "CLOCK1"
    Info (12134): Parameter "lpm_hint" = "ENABLE_RUNTIME_MOD=NO"
    Info (12134): Parameter "lpm_type" = "altsyncram"
Info (12021): Found 1 design units, including 1 entities, in source file db/altsyncram_4dt3.tdf
    Info (12023): Found entity 1: altsyncram_4dt3
Info (12128): Elaborating entity "altsyncram_4dt3" for hierarchy "vga_rom:V_ROM|altsyncram:altsyncram_component|altsyncram_4dt3:auto_generated"
Info (286030): Timing-Driven Synthesis is running
Info (17036): Removed 1 MSB VCC or GND address nodes from RAM block "vga_rom:V_ROM|altsyncram:altsyncram_component|altsyncram_4dt3:auto_generated|ALTSYNCRAM"
Info (16010): Generating hard_block partition "hard_block:auto_generated_inst"
    Info (16011): Adding 0 node(s), including 0 DDIO, 0 PLL, 0 transceiver and 0 LCELL
Info (21057): Implemented 131 device resources after synthesis - the final resource count might be different
    Info (21058): Implemented 4 input pins
    Info (21059): Implemented 14 output pins
    Info (21061): Implemented 101 logic cells
    Info (21064): Implemented 12 RAM segments
Info: Quartus II 64-Bit Analysis & Synthesis was successful. 0 errors, 13 warnings
    Info: Peak virtual memory: 515 megabytes
    Info: Processing ended: Thu Oct 16 13:46:18 2014
    Info: Elapsed time: 00:00:07
    Info: Total CPU time (on all processors): 00:00:07


