TimeQuest Timing Analyzer report for adder8numeric
Mon Sep 29 01:25:29 2014
Quartus II 64-Bit Version 13.1.0 Build 162 10/23/2013 SJ Web Edition


---------------------
; Table of Contents ;
---------------------
  1. Legal Notice
  2. TimeQuest Timing Analyzer Summary
  3. Parallel Compilation
  4. Clocks
  5. Slow 1200mV 85C Model Fmax Summary
  6. Timing Closure Recommendations
  7. Slow 1200mV 85C Model Setup Summary
  8. Slow 1200mV 85C Model Hold Summary
  9. Slow 1200mV 85C Model Recovery Summary
 10. Slow 1200mV 85C Model Removal Summary
 11. Slow 1200mV 85C Model Minimum Pulse Width Summary
 12. Propagation Delay
 13. Minimum Propagation Delay
 14. Slow 1200mV 85C Model Metastability Report
 15. Slow 1200mV 0C Model Fmax Summary
 16. Slow 1200mV 0C Model Setup Summary
 17. Slow 1200mV 0C Model Hold Summary
 18. Slow 1200mV 0C Model Recovery Summary
 19. Slow 1200mV 0C Model Removal Summary
 20. Slow 1200mV 0C Model Minimum Pulse Width Summary
 21. Propagation Delay
 22. Minimum Propagation Delay
 23. Slow 1200mV 0C Model Metastability Report
 24. Fast 1200mV 0C Model Setup Summary
 25. Fast 1200mV 0C Model Hold Summary
 26. Fast 1200mV 0C Model Recovery Summary
 27. Fast 1200mV 0C Model Removal Summary
 28. Fast 1200mV 0C Model Minimum Pulse Width Summary
 29. Propagation Delay
 30. Minimum Propagation Delay
 31. Fast 1200mV 0C Model Metastability Report
 32. Multicorner Timing Analysis Summary
 33. Propagation Delay
 34. Minimum Propagation Delay
 35. Board Trace Model Assignments
 36. Input Transition Times
 37. Slow Corner Signal Integrity Metrics
 38. Fast Corner Signal Integrity Metrics
 39. Clock Transfers
 40. Report TCCS
 41. Report RSKM
 42. Unconstrained Paths
 43. TimeQuest Timing Analyzer Messages



----------------
; Legal Notice ;
----------------
Copyright (C) 1991-2013 Altera Corporation
Your use of Altera Corporation's design tools, logic functions 
and other software and tools, and its AMPP partner logic 
functions, and any output files from any of the foregoing 
(including device programming or simulation files), and any 
associated documentation or information are expressly subject 
to the terms and conditions of the Altera Program License 
Subscription Agreement, Altera MegaCore Function License 
Agreement, or other applicable license agreement, including, 
without limitation, that your use is for the sole purpose of 
programming logic devices manufactured by Altera and sold by 
Altera or its authorized distributors.  Please refer to the 
applicable agreement for further details.



+-------------------------------------------------------------------------+
; TimeQuest Timing Analyzer Summary                                       ;
+--------------------+----------------------------------------------------+
; Quartus II Version ; Version 13.1.0 Build 162 10/23/2013 SJ Web Edition ;
; Revision Name      ; adder8numeric                                      ;
; Device Family      ; Cyclone III                                        ;
; Device Name        ; EP3C16F484C6                                       ;
; Timing Models      ; Final                                              ;
; Delay Model        ; Combined                                           ;
; Rise/Fall Delays   ; Enabled                                            ;
+--------------------+----------------------------------------------------+


Parallel compilation was disabled, but you have multiple processors available. Enable parallel compilation to reduce compilation time.
+-------------------------------------+
; Parallel Compilation                ;
+----------------------------+--------+
; Processors                 ; Number ;
+----------------------------+--------+
; Number detected on machine ; 4      ;
; Maximum allowed            ; 1      ;
+----------------------------+--------+


----------
; Clocks ;
----------
No clocks to report.


--------------------------------------
; Slow 1200mV 85C Model Fmax Summary ;
--------------------------------------
No paths to report.


----------------------------------
; Timing Closure Recommendations ;
----------------------------------
HTML report is unavailable in plain text report export.


---------------------------------------
; Slow 1200mV 85C Model Setup Summary ;
---------------------------------------
No paths to report.


--------------------------------------
; Slow 1200mV 85C Model Hold Summary ;
--------------------------------------
No paths to report.


------------------------------------------
; Slow 1200mV 85C Model Recovery Summary ;
------------------------------------------
No paths to report.


-----------------------------------------
; Slow 1200mV 85C Model Removal Summary ;
-----------------------------------------
No paths to report.


-----------------------------------------------------
; Slow 1200mV 85C Model Minimum Pulse Width Summary ;
-----------------------------------------------------
No paths to report.


+----------------------------------------------------------+
; Propagation Delay                                        ;
+------------+-------------+-------+-------+-------+-------+
; Input Port ; Output Port ; RR    ; RF    ; FR    ; FF    ;
+------------+-------------+-------+-------+-------+-------+
; carry_in   ; carry_out   ; 8.588 ;       ;       ; 8.784 ;
; carry_in   ; sum[0]      ; 7.525 ; 7.496 ; 7.765 ; 7.782 ;
; carry_in   ; sum[1]      ; 7.426 ; 7.441 ; 7.884 ; 7.853 ;
; carry_in   ; sum[2]      ; 7.375 ; 7.351 ; 7.615 ; 7.637 ;
; carry_in   ; sum[3]      ; 8.749 ; 8.878 ; 9.207 ; 9.290 ;
; carry_in   ; sum[4]      ; 8.038 ; 8.031 ; 8.278 ; 8.317 ;
; carry_in   ; sum[5]      ; 7.683 ; 7.706 ; 8.141 ; 8.118 ;
; carry_in   ; sum[6]      ; 7.775 ; 7.738 ; 8.015 ; 8.024 ;
; carry_in   ; sum[7]      ; 7.784 ; 7.797 ; 8.242 ; 8.209 ;
; input1[0]  ; carry_out   ; 7.867 ;       ;       ; 8.263 ;
; input1[0]  ; sum[0]      ; 6.393 ; 6.458 ; 6.891 ; 6.804 ;
; input1[0]  ; sum[1]      ; 6.705 ; 6.720 ; 7.363 ; 7.332 ;
; input1[0]  ; sum[2]      ; 6.654 ; 6.630 ; 7.094 ; 7.116 ;
; input1[0]  ; sum[3]      ; 8.028 ; 8.157 ; 8.686 ; 8.769 ;
; input1[0]  ; sum[4]      ; 7.317 ; 7.310 ; 7.757 ; 7.796 ;
; input1[0]  ; sum[5]      ; 6.962 ; 6.985 ; 7.620 ; 7.597 ;
; input1[0]  ; sum[6]      ; 7.054 ; 7.017 ; 7.494 ; 7.503 ;
; input1[0]  ; sum[7]      ; 7.063 ; 7.076 ; 7.721 ; 7.688 ;
; input1[1]  ; carry_out   ; 8.200 ;       ;       ; 8.351 ;
; input1[1]  ; sum[1]      ; 6.699 ; 6.660 ; 7.077 ; 7.089 ;
; input1[1]  ; sum[2]      ; 6.987 ; 6.963 ; 7.182 ; 7.204 ;
; input1[1]  ; sum[3]      ; 8.361 ; 8.490 ; 8.774 ; 8.857 ;
; input1[1]  ; sum[4]      ; 7.650 ; 7.643 ; 7.845 ; 7.884 ;
; input1[1]  ; sum[5]      ; 7.295 ; 7.318 ; 7.708 ; 7.685 ;
; input1[1]  ; sum[6]      ; 7.387 ; 7.350 ; 7.582 ; 7.591 ;
; input1[1]  ; sum[7]      ; 7.396 ; 7.409 ; 7.809 ; 7.776 ;
; input1[2]  ; carry_out   ; 8.095 ;       ;       ; 8.476 ;
; input1[2]  ; sum[2]      ; 6.473 ; 6.540 ; 6.954 ; 6.884 ;
; input1[2]  ; sum[3]      ; 8.256 ; 8.385 ; 8.899 ; 8.982 ;
; input1[2]  ; sum[4]      ; 7.545 ; 7.538 ; 7.970 ; 8.009 ;
; input1[2]  ; sum[5]      ; 7.190 ; 7.213 ; 7.833 ; 7.810 ;
; input1[2]  ; sum[6]      ; 7.282 ; 7.245 ; 7.707 ; 7.716 ;
; input1[2]  ; sum[7]      ; 7.291 ; 7.304 ; 7.934 ; 7.901 ;
; input1[3]  ; carry_out   ; 8.466 ;       ;       ; 8.640 ;
; input1[3]  ; sum[3]      ; 8.284 ; 8.362 ; 8.694 ; 8.811 ;
; input1[3]  ; sum[4]      ; 7.916 ; 7.909 ; 8.134 ; 8.173 ;
; input1[3]  ; sum[5]      ; 7.561 ; 7.584 ; 7.997 ; 7.974 ;
; input1[3]  ; sum[6]      ; 7.653 ; 7.616 ; 7.871 ; 7.880 ;
; input1[3]  ; sum[7]      ; 7.662 ; 7.675 ; 8.098 ; 8.065 ;
; input1[4]  ; carry_out   ; 7.924 ;       ;       ; 8.314 ;
; input1[4]  ; sum[4]      ; 6.965 ; 7.049 ; 7.455 ; 7.402 ;
; input1[4]  ; sum[5]      ; 7.019 ; 7.042 ; 7.671 ; 7.648 ;
; input1[4]  ; sum[6]      ; 7.111 ; 7.074 ; 7.545 ; 7.554 ;
; input1[4]  ; sum[7]      ; 7.120 ; 7.133 ; 7.772 ; 7.739 ;
; input1[5]  ; carry_out   ; 7.976 ;       ;       ; 8.143 ;
; input1[5]  ; sum[5]      ; 6.728 ; 6.700 ; 7.131 ; 7.142 ;
; input1[5]  ; sum[6]      ; 7.163 ; 7.126 ; 7.374 ; 7.383 ;
; input1[5]  ; sum[7]      ; 7.172 ; 7.185 ; 7.601 ; 7.568 ;
; input1[6]  ; carry_out   ; 7.797 ;       ;       ; 8.223 ;
; input1[6]  ; sum[6]      ; 6.575 ; 6.629 ; 7.101 ; 7.018 ;
; input1[6]  ; sum[7]      ; 6.993 ; 7.006 ; 7.681 ; 7.648 ;
; input1[7]  ; carry_out   ; 8.277 ;       ;       ; 8.476 ;
; input1[7]  ; sum[7]      ; 7.130 ; 7.092 ; 7.565 ; 7.566 ;
; input2[0]  ; carry_out   ; 8.184 ;       ;       ; 8.594 ;
; input2[0]  ; sum[0]      ; 6.712 ; 6.774 ; 7.222 ; 7.147 ;
; input2[0]  ; sum[1]      ; 7.022 ; 7.037 ; 7.694 ; 7.663 ;
; input2[0]  ; sum[2]      ; 6.971 ; 6.947 ; 7.425 ; 7.447 ;
; input2[0]  ; sum[3]      ; 8.345 ; 8.474 ; 9.017 ; 9.100 ;
; input2[0]  ; sum[4]      ; 7.634 ; 7.627 ; 8.088 ; 8.127 ;
; input2[0]  ; sum[5]      ; 7.279 ; 7.302 ; 7.951 ; 7.928 ;
; input2[0]  ; sum[6]      ; 7.371 ; 7.334 ; 7.825 ; 7.834 ;
; input2[0]  ; sum[7]      ; 7.380 ; 7.393 ; 8.052 ; 8.019 ;
; input2[1]  ; carry_out   ; 8.298 ;       ;       ; 8.501 ;
; input2[1]  ; sum[1]      ; 6.793 ; 6.757 ; 7.232 ; 7.235 ;
; input2[1]  ; sum[2]      ; 7.085 ; 7.061 ; 7.332 ; 7.354 ;
; input2[1]  ; sum[3]      ; 8.459 ; 8.588 ; 8.924 ; 9.007 ;
; input2[1]  ; sum[4]      ; 7.748 ; 7.741 ; 7.995 ; 8.034 ;
; input2[1]  ; sum[5]      ; 7.393 ; 7.416 ; 7.858 ; 7.835 ;
; input2[1]  ; sum[6]      ; 7.485 ; 7.448 ; 7.732 ; 7.741 ;
; input2[1]  ; sum[7]      ; 7.494 ; 7.507 ; 7.959 ; 7.926 ;
; input2[2]  ; carry_out   ; 8.801 ;       ;       ; 9.290 ;
; input2[2]  ; sum[2]      ; 7.177 ; 7.247 ; 7.768 ; 7.686 ;
; input2[2]  ; sum[3]      ; 8.962 ; 9.091 ; 9.713 ; 9.796 ;
; input2[2]  ; sum[4]      ; 8.251 ; 8.244 ; 8.784 ; 8.823 ;
; input2[2]  ; sum[5]      ; 7.896 ; 7.919 ; 8.647 ; 8.624 ;
; input2[2]  ; sum[6]      ; 7.988 ; 7.951 ; 8.521 ; 8.530 ;
; input2[2]  ; sum[7]      ; 7.997 ; 8.010 ; 8.748 ; 8.715 ;
; input2[3]  ; carry_out   ; 7.811 ;       ;       ; 7.968 ;
; input2[3]  ; sum[3]      ; 7.633 ; 7.708 ; 8.017 ; 8.143 ;
; input2[3]  ; sum[4]      ; 7.261 ; 7.254 ; 7.462 ; 7.501 ;
; input2[3]  ; sum[5]      ; 6.906 ; 6.929 ; 7.325 ; 7.302 ;
; input2[3]  ; sum[6]      ; 6.998 ; 6.961 ; 7.199 ; 7.208 ;
; input2[3]  ; sum[7]      ; 7.007 ; 7.020 ; 7.426 ; 7.393 ;
; input2[4]  ; carry_out   ; 7.958 ;       ;       ; 8.354 ;
; input2[4]  ; sum[4]      ; 6.997 ; 7.084 ; 7.495 ; 7.430 ;
; input2[4]  ; sum[5]      ; 7.053 ; 7.076 ; 7.711 ; 7.688 ;
; input2[4]  ; sum[6]      ; 7.145 ; 7.108 ; 7.585 ; 7.594 ;
; input2[4]  ; sum[7]      ; 7.154 ; 7.167 ; 7.812 ; 7.779 ;
; input2[5]  ; carry_out   ; 7.957 ;       ;       ; 8.142 ;
; input2[5]  ; sum[5]      ; 6.713 ; 6.682 ; 7.125 ; 7.145 ;
; input2[5]  ; sum[6]      ; 7.144 ; 7.107 ; 7.373 ; 7.382 ;
; input2[5]  ; sum[7]      ; 7.153 ; 7.166 ; 7.600 ; 7.567 ;
; input2[6]  ; carry_out   ; 8.224 ;       ;       ; 8.655 ;
; input2[6]  ; sum[6]      ; 7.000 ; 7.057 ; 7.533 ; 7.438 ;
; input2[6]  ; sum[7]      ; 7.420 ; 7.433 ; 8.113 ; 8.080 ;
; input2[7]  ; carry_out   ; 7.885 ;       ;       ; 8.044 ;
; input2[7]  ; sum[7]      ; 6.742 ; 6.701 ; 7.128 ; 7.138 ;
+------------+-------------+-------+-------+-------+-------+


+----------------------------------------------------------+
; Minimum Propagation Delay                                ;
+------------+-------------+-------+-------+-------+-------+
; Input Port ; Output Port ; RR    ; RF    ; FR    ; FF    ;
+------------+-------------+-------+-------+-------+-------+
; carry_in   ; carry_out   ; 8.094 ;       ;       ; 8.447 ;
; carry_in   ; sum[0]      ; 7.078 ; 7.059 ; 7.481 ; 7.491 ;
; carry_in   ; sum[1]      ; 7.031 ; 7.039 ; 7.544 ; 7.523 ;
; carry_in   ; sum[2]      ; 6.935 ; 6.920 ; 7.338 ; 7.352 ;
; carry_in   ; sum[3]      ; 8.351 ; 8.472 ; 8.864 ; 8.956 ;
; carry_in   ; sum[4]      ; 7.570 ; 7.573 ; 7.973 ; 8.005 ;
; carry_in   ; sum[5]      ; 7.280 ; 7.295 ; 7.793 ; 7.779 ;
; carry_in   ; sum[6]      ; 7.316 ; 7.288 ; 7.719 ; 7.720 ;
; carry_in   ; sum[7]      ; 7.378 ; 7.384 ; 7.891 ; 7.868 ;
; input1[0]  ; carry_out   ; 7.529 ;       ;       ; 7.836 ;
; input1[0]  ; sum[0]      ; 6.242 ; 6.244 ; 6.658 ; 6.632 ;
; input1[0]  ; sum[1]      ; 6.466 ; 6.474 ; 6.933 ; 6.912 ;
; input1[0]  ; sum[2]      ; 6.370 ; 6.355 ; 6.727 ; 6.741 ;
; input1[0]  ; sum[3]      ; 7.786 ; 7.907 ; 8.253 ; 8.345 ;
; input1[0]  ; sum[4]      ; 7.005 ; 7.008 ; 7.362 ; 7.394 ;
; input1[0]  ; sum[5]      ; 6.715 ; 6.730 ; 7.182 ; 7.168 ;
; input1[0]  ; sum[6]      ; 6.751 ; 6.723 ; 7.108 ; 7.109 ;
; input1[0]  ; sum[7]      ; 6.813 ; 6.819 ; 7.280 ; 7.257 ;
; input1[1]  ; carry_out   ; 7.721 ;       ;       ; 8.031 ;
; input1[1]  ; sum[1]      ; 6.479 ; 6.484 ; 6.889 ; 6.856 ;
; input1[1]  ; sum[2]      ; 6.562 ; 6.547 ; 6.922 ; 6.936 ;
; input1[1]  ; sum[3]      ; 7.978 ; 8.099 ; 8.448 ; 8.540 ;
; input1[1]  ; sum[4]      ; 7.197 ; 7.200 ; 7.557 ; 7.589 ;
; input1[1]  ; sum[5]      ; 6.907 ; 6.922 ; 7.377 ; 7.363 ;
; input1[1]  ; sum[6]      ; 6.943 ; 6.915 ; 7.303 ; 7.304 ;
; input1[1]  ; sum[7]      ; 7.005 ; 7.011 ; 7.475 ; 7.452 ;
; input1[2]  ; carry_out   ; 7.749 ;       ;       ; 8.039 ;
; input1[2]  ; sum[2]      ; 6.317 ; 6.321 ; 6.731 ; 6.709 ;
; input1[2]  ; sum[3]      ; 8.006 ; 8.127 ; 8.456 ; 8.548 ;
; input1[2]  ; sum[4]      ; 7.225 ; 7.228 ; 7.565 ; 7.597 ;
; input1[2]  ; sum[5]      ; 6.935 ; 6.950 ; 7.385 ; 7.371 ;
; input1[2]  ; sum[6]      ; 6.971 ; 6.943 ; 7.311 ; 7.312 ;
; input1[2]  ; sum[7]      ; 7.033 ; 7.039 ; 7.483 ; 7.460 ;
; input1[3]  ; carry_out   ; 7.975 ;       ;       ; 8.300 ;
; input1[3]  ; sum[3]      ; 8.053 ; 8.170 ; 8.481 ; 8.561 ;
; input1[3]  ; sum[4]      ; 7.451 ; 7.454 ; 7.826 ; 7.858 ;
; input1[3]  ; sum[5]      ; 7.161 ; 7.176 ; 7.646 ; 7.632 ;
; input1[3]  ; sum[6]      ; 7.197 ; 7.169 ; 7.572 ; 7.573 ;
; input1[3]  ; sum[7]      ; 7.259 ; 7.265 ; 7.744 ; 7.721 ;
; input1[4]  ; carry_out   ; 7.582 ;       ;       ; 7.882 ;
; input1[4]  ; sum[4]      ; 6.785 ; 6.807 ; 7.209 ; 7.205 ;
; input1[4]  ; sum[5]      ; 6.768 ; 6.783 ; 7.228 ; 7.214 ;
; input1[4]  ; sum[6]      ; 6.804 ; 6.776 ; 7.154 ; 7.155 ;
; input1[4]  ; sum[7]      ; 6.866 ; 6.872 ; 7.326 ; 7.303 ;
; input1[5]  ; carry_out   ; 7.506 ;       ;       ; 7.826 ;
; input1[5]  ; sum[5]      ; 6.513 ; 6.524 ; 6.936 ; 6.910 ;
; input1[5]  ; sum[6]      ; 6.728 ; 6.700 ; 7.098 ; 7.099 ;
; input1[5]  ; sum[7]      ; 6.790 ; 6.796 ; 7.270 ; 7.247 ;
; input1[6]  ; carry_out   ; 7.460 ;       ;       ; 7.793 ;
; input1[6]  ; sum[6]      ; 6.409 ; 6.400 ; 6.866 ; 6.831 ;
; input1[6]  ; sum[7]      ; 6.744 ; 6.750 ; 7.237 ; 7.214 ;
; input1[7]  ; carry_out   ; 7.789 ;       ;       ; 8.141 ;
; input1[7]  ; sum[7]      ; 6.894 ; 6.896 ; 7.349 ; 7.314 ;
; input2[0]  ; carry_out   ; 7.833 ;       ;       ; 8.151 ;
; input2[0]  ; sum[0]      ; 6.544 ; 6.544 ; 6.986 ; 6.960 ;
; input2[0]  ; sum[1]      ; 6.770 ; 6.778 ; 7.248 ; 7.227 ;
; input2[0]  ; sum[2]      ; 6.674 ; 6.659 ; 7.042 ; 7.056 ;
; input2[0]  ; sum[3]      ; 8.090 ; 8.211 ; 8.568 ; 8.660 ;
; input2[0]  ; sum[4]      ; 7.309 ; 7.312 ; 7.677 ; 7.709 ;
; input2[0]  ; sum[5]      ; 7.019 ; 7.034 ; 7.497 ; 7.483 ;
; input2[0]  ; sum[6]      ; 7.055 ; 7.027 ; 7.423 ; 7.424 ;
; input2[0]  ; sum[7]      ; 7.117 ; 7.123 ; 7.595 ; 7.572 ;
; input2[1]  ; carry_out   ; 7.810 ;       ;       ; 8.166 ;
; input2[1]  ; sum[1]      ; 6.568 ; 6.572 ; 7.027 ; 6.994 ;
; input2[1]  ; sum[2]      ; 6.651 ; 6.636 ; 7.057 ; 7.071 ;
; input2[1]  ; sum[3]      ; 8.067 ; 8.188 ; 8.583 ; 8.675 ;
; input2[1]  ; sum[4]      ; 7.286 ; 7.289 ; 7.692 ; 7.724 ;
; input2[1]  ; sum[5]      ; 6.996 ; 7.011 ; 7.512 ; 7.498 ;
; input2[1]  ; sum[6]      ; 7.032 ; 7.004 ; 7.438 ; 7.439 ;
; input2[1]  ; sum[7]      ; 7.094 ; 7.100 ; 7.610 ; 7.587 ;
; input2[2]  ; carry_out   ; 8.421 ;       ;       ; 8.820 ;
; input2[2]  ; sum[2]      ; 6.991 ; 6.997 ; 7.499 ; 7.477 ;
; input2[2]  ; sum[3]      ; 8.678 ; 8.799 ; 9.237 ; 9.329 ;
; input2[2]  ; sum[4]      ; 7.897 ; 7.900 ; 8.346 ; 8.378 ;
; input2[2]  ; sum[5]      ; 7.607 ; 7.622 ; 8.166 ; 8.152 ;
; input2[2]  ; sum[6]      ; 7.643 ; 7.615 ; 8.092 ; 8.093 ;
; input2[2]  ; sum[7]      ; 7.705 ; 7.711 ; 8.264 ; 8.241 ;
; input2[3]  ; carry_out   ; 7.348 ;       ;       ; 7.663 ;
; input2[3]  ; sum[3]      ; 7.426 ; 7.544 ; 7.841 ; 7.921 ;
; input2[3]  ; sum[4]      ; 6.824 ; 6.827 ; 7.189 ; 7.221 ;
; input2[3]  ; sum[5]      ; 6.534 ; 6.549 ; 7.009 ; 6.995 ;
; input2[3]  ; sum[6]      ; 6.570 ; 6.542 ; 6.935 ; 6.936 ;
; input2[3]  ; sum[7]      ; 6.632 ; 6.638 ; 7.107 ; 7.084 ;
; input2[4]  ; carry_out   ; 7.616 ;       ;       ; 7.923 ;
; input2[4]  ; sum[4]      ; 6.821 ; 6.845 ; 7.237 ; 7.233 ;
; input2[4]  ; sum[5]      ; 6.802 ; 6.817 ; 7.269 ; 7.255 ;
; input2[4]  ; sum[6]      ; 6.838 ; 6.810 ; 7.195 ; 7.196 ;
; input2[4]  ; sum[7]      ; 6.900 ; 6.906 ; 7.367 ; 7.344 ;
; input2[5]  ; carry_out   ; 7.486 ;       ;       ; 7.829 ;
; input2[5]  ; sum[5]      ; 6.493 ; 6.505 ; 6.936 ; 6.910 ;
; input2[5]  ; sum[6]      ; 6.708 ; 6.680 ; 7.101 ; 7.102 ;
; input2[5]  ; sum[7]      ; 6.770 ; 6.776 ; 7.273 ; 7.250 ;
; input2[6]  ; carry_out   ; 7.865 ;       ;       ; 8.208 ;
; input2[6]  ; sum[6]      ; 6.816 ; 6.809 ; 7.268 ; 7.233 ;
; input2[6]  ; sum[7]      ; 7.149 ; 7.155 ; 7.652 ; 7.629 ;
; input2[7]  ; carry_out   ; 7.419 ;       ;       ; 7.737 ;
; input2[7]  ; sum[7]      ; 6.524 ; 6.527 ; 6.942 ; 6.907 ;
+------------+-------------+-------+-------+-------+-------+


----------------------------------------------
; Slow 1200mV 85C Model Metastability Report ;
----------------------------------------------
No synchronizer chains to report.


-------------------------------------
; Slow 1200mV 0C Model Fmax Summary ;
-------------------------------------
No paths to report.


--------------------------------------
; Slow 1200mV 0C Model Setup Summary ;
--------------------------------------
No paths to report.


-------------------------------------
; Slow 1200mV 0C Model Hold Summary ;
-------------------------------------
No paths to report.


-----------------------------------------
; Slow 1200mV 0C Model Recovery Summary ;
-----------------------------------------
No paths to report.


----------------------------------------
; Slow 1200mV 0C Model Removal Summary ;
----------------------------------------
No paths to report.


----------------------------------------------------
; Slow 1200mV 0C Model Minimum Pulse Width Summary ;
----------------------------------------------------
No paths to report.


+----------------------------------------------------------+
; Propagation Delay                                        ;
+------------+-------------+-------+-------+-------+-------+
; Input Port ; Output Port ; RR    ; RF    ; FR    ; FF    ;
+------------+-------------+-------+-------+-------+-------+
; carry_in   ; carry_out   ; 7.908 ;       ;       ; 7.994 ;
; carry_in   ; sum[0]      ; 6.960 ; 6.925 ; 7.137 ; 7.142 ;
; carry_in   ; sum[1]      ; 6.864 ; 6.855 ; 7.237 ; 7.188 ;
; carry_in   ; sum[2]      ; 6.817 ; 6.781 ; 6.994 ; 6.998 ;
; carry_in   ; sum[3]      ; 8.172 ; 8.276 ; 8.545 ; 8.609 ;
; carry_in   ; sum[4]      ; 7.417 ; 7.396 ; 7.594 ; 7.613 ;
; carry_in   ; sum[5]      ; 7.089 ; 7.099 ; 7.462 ; 7.432 ;
; carry_in   ; sum[6]      ; 7.162 ; 7.099 ; 7.339 ; 7.316 ;
; carry_in   ; sum[7]      ; 7.174 ; 7.162 ; 7.547 ; 7.495 ;
; input1[0]  ; carry_out   ; 7.257 ;       ;       ; 7.539 ;
; input1[0]  ; sum[0]      ; 5.944 ; 5.994 ; 6.373 ; 6.290 ;
; input1[0]  ; sum[1]      ; 6.213 ; 6.204 ; 6.782 ; 6.733 ;
; input1[0]  ; sum[2]      ; 6.166 ; 6.130 ; 6.539 ; 6.543 ;
; input1[0]  ; sum[3]      ; 7.521 ; 7.625 ; 8.090 ; 8.154 ;
; input1[0]  ; sum[4]      ; 6.766 ; 6.745 ; 7.139 ; 7.158 ;
; input1[0]  ; sum[5]      ; 6.438 ; 6.448 ; 7.007 ; 6.977 ;
; input1[0]  ; sum[6]      ; 6.511 ; 6.448 ; 6.884 ; 6.861 ;
; input1[0]  ; sum[7]      ; 6.523 ; 6.511 ; 7.092 ; 7.040 ;
; input1[1]  ; carry_out   ; 7.554 ;       ;       ; 7.622 ;
; input1[1]  ; sum[1]      ; 6.219 ; 6.162 ; 6.530 ; 6.522 ;
; input1[1]  ; sum[2]      ; 6.463 ; 6.427 ; 6.622 ; 6.626 ;
; input1[1]  ; sum[3]      ; 7.818 ; 7.922 ; 8.173 ; 8.237 ;
; input1[1]  ; sum[4]      ; 7.063 ; 7.042 ; 7.222 ; 7.241 ;
; input1[1]  ; sum[5]      ; 6.735 ; 6.745 ; 7.090 ; 7.060 ;
; input1[1]  ; sum[6]      ; 6.808 ; 6.745 ; 6.967 ; 6.944 ;
; input1[1]  ; sum[7]      ; 6.820 ; 6.808 ; 7.175 ; 7.123 ;
; input1[2]  ; carry_out   ; 7.472 ;       ;       ; 7.746 ;
; input1[2]  ; sum[2]      ; 6.020 ; 6.065 ; 6.439 ; 6.364 ;
; input1[2]  ; sum[3]      ; 7.736 ; 7.840 ; 8.297 ; 8.361 ;
; input1[2]  ; sum[4]      ; 6.981 ; 6.960 ; 7.346 ; 7.365 ;
; input1[2]  ; sum[5]      ; 6.653 ; 6.663 ; 7.214 ; 7.184 ;
; input1[2]  ; sum[6]      ; 6.726 ; 6.663 ; 7.091 ; 7.068 ;
; input1[2]  ; sum[7]      ; 6.738 ; 6.726 ; 7.299 ; 7.247 ;
; input1[3]  ; carry_out   ; 7.816 ;       ;       ; 7.881 ;
; input1[3]  ; sum[3]      ; 7.785 ; 7.845 ; 8.104 ; 8.201 ;
; input1[3]  ; sum[4]      ; 7.325 ; 7.304 ; 7.481 ; 7.500 ;
; input1[3]  ; sum[5]      ; 6.997 ; 7.007 ; 7.349 ; 7.319 ;
; input1[3]  ; sum[6]      ; 7.070 ; 7.007 ; 7.226 ; 7.203 ;
; input1[3]  ; sum[7]      ; 7.082 ; 7.070 ; 7.434 ; 7.382 ;
; input1[4]  ; carry_out   ; 7.326 ;       ;       ; 7.604 ;
; input1[4]  ; sum[4]      ; 6.474 ; 6.534 ; 6.897 ; 6.837 ;
; input1[4]  ; sum[5]      ; 6.507 ; 6.517 ; 7.072 ; 7.042 ;
; input1[4]  ; sum[6]      ; 6.580 ; 6.517 ; 6.949 ; 6.926 ;
; input1[4]  ; sum[7]      ; 6.592 ; 6.580 ; 7.157 ; 7.105 ;
; input1[5]  ; carry_out   ; 7.368 ;       ;       ; 7.464 ;
; input1[5]  ; sum[5]      ; 6.254 ; 6.220 ; 6.604 ; 6.607 ;
; input1[5]  ; sum[6]      ; 6.622 ; 6.559 ; 6.809 ; 6.786 ;
; input1[5]  ; sum[7]      ; 6.634 ; 6.622 ; 7.017 ; 6.965 ;
; input1[6]  ; carry_out   ; 7.212 ;       ;       ; 7.506 ;
; input1[6]  ; sum[6]      ; 6.105 ; 6.123 ; 6.544 ; 6.442 ;
; input1[6]  ; sum[7]      ; 6.478 ; 6.466 ; 7.059 ; 7.007 ;
; input1[7]  ; carry_out   ; 7.653 ;       ;       ; 7.745 ;
; input1[7]  ; sum[7]      ; 6.624 ; 6.568 ; 6.970 ; 6.951 ;
; input2[0]  ; carry_out   ; 7.551 ;       ;       ; 7.827 ;
; input2[0]  ; sum[0]      ; 6.242 ; 6.288 ; 6.663 ; 6.589 ;
; input2[0]  ; sum[1]      ; 6.507 ; 6.498 ; 7.070 ; 7.021 ;
; input2[0]  ; sum[2]      ; 6.460 ; 6.424 ; 6.827 ; 6.831 ;
; input2[0]  ; sum[3]      ; 7.815 ; 7.919 ; 8.378 ; 8.442 ;
; input2[0]  ; sum[4]      ; 7.060 ; 7.039 ; 7.427 ; 7.446 ;
; input2[0]  ; sum[5]      ; 6.732 ; 6.742 ; 7.295 ; 7.265 ;
; input2[0]  ; sum[6]      ; 6.805 ; 6.742 ; 7.172 ; 7.149 ;
; input2[0]  ; sum[7]      ; 6.817 ; 6.805 ; 7.380 ; 7.328 ;
; input2[1]  ; carry_out   ; 7.648 ;       ;       ; 7.743 ;
; input2[1]  ; sum[1]      ; 6.309 ; 6.256 ; 6.658 ; 6.642 ;
; input2[1]  ; sum[2]      ; 6.557 ; 6.521 ; 6.743 ; 6.747 ;
; input2[1]  ; sum[3]      ; 7.912 ; 8.016 ; 8.294 ; 8.358 ;
; input2[1]  ; sum[4]      ; 7.157 ; 7.136 ; 7.343 ; 7.362 ;
; input2[1]  ; sum[5]      ; 6.829 ; 6.839 ; 7.211 ; 7.181 ;
; input2[1]  ; sum[6]      ; 6.902 ; 6.839 ; 7.088 ; 7.065 ;
; input2[1]  ; sum[7]      ; 6.914 ; 6.902 ; 7.296 ; 7.244 ;
; input2[2]  ; carry_out   ; 8.141 ;       ;       ; 8.456 ;
; input2[2]  ; sum[2]      ; 6.685 ; 6.734 ; 7.147 ; 7.063 ;
; input2[2]  ; sum[3]      ; 8.405 ; 8.509 ; 9.007 ; 9.071 ;
; input2[2]  ; sum[4]      ; 7.650 ; 7.629 ; 8.056 ; 8.075 ;
; input2[2]  ; sum[5]      ; 7.322 ; 7.332 ; 7.924 ; 7.894 ;
; input2[2]  ; sum[6]      ; 7.395 ; 7.332 ; 7.801 ; 7.778 ;
; input2[2]  ; sum[7]      ; 7.407 ; 7.395 ; 8.009 ; 7.957 ;
; input2[3]  ; carry_out   ; 7.207 ;       ;       ; 7.288 ;
; input2[3]  ; sum[3]      ; 7.180 ; 7.236 ; 7.504 ; 7.609 ;
; input2[3]  ; sum[4]      ; 6.716 ; 6.695 ; 6.888 ; 6.907 ;
; input2[3]  ; sum[5]      ; 6.388 ; 6.398 ; 6.756 ; 6.726 ;
; input2[3]  ; sum[6]      ; 6.461 ; 6.398 ; 6.633 ; 6.610 ;
; input2[3]  ; sum[7]      ; 6.473 ; 6.461 ; 6.841 ; 6.789 ;
; input2[4]  ; carry_out   ; 7.353 ;       ;       ; 7.639 ;
; input2[4]  ; sum[4]      ; 6.497 ; 6.561 ; 6.930 ; 6.861 ;
; input2[4]  ; sum[5]      ; 6.534 ; 6.544 ; 7.107 ; 7.077 ;
; input2[4]  ; sum[6]      ; 6.607 ; 6.544 ; 6.984 ; 6.961 ;
; input2[4]  ; sum[7]      ; 6.619 ; 6.607 ; 7.192 ; 7.140 ;
; input2[5]  ; carry_out   ; 7.344 ;       ;       ; 7.440 ;
; input2[5]  ; sum[5]      ; 6.234 ; 6.196 ; 6.573 ; 6.584 ;
; input2[5]  ; sum[6]      ; 6.598 ; 6.535 ; 6.785 ; 6.762 ;
; input2[5]  ; sum[7]      ; 6.610 ; 6.598 ; 6.993 ; 6.941 ;
; input2[6]  ; carry_out   ; 7.607 ;       ;       ; 7.890 ;
; input2[6]  ; sum[6]      ; 6.496 ; 6.518 ; 6.926 ; 6.815 ;
; input2[6]  ; sum[7]      ; 6.873 ; 6.861 ; 7.443 ; 7.391 ;
; input2[7]  ; carry_out   ; 7.290 ;       ;       ; 7.365 ;
; input2[7]  ; sum[7]      ; 6.265 ; 6.205 ; 6.583 ; 6.572 ;
+------------+-------------+-------+-------+-------+-------+


+----------------------------------------------------------+
; Minimum Propagation Delay                                ;
+------------+-------------+-------+-------+-------+-------+
; Input Port ; Output Port ; RR    ; RF    ; FR    ; FF    ;
+------------+-------------+-------+-------+-------+-------+
; carry_in   ; carry_out   ; 7.477 ;       ;       ; 7.702 ;
; carry_in   ; sum[0]      ; 6.574 ; 6.550 ; 6.892 ; 6.892 ;
; carry_in   ; sum[1]      ; 6.527 ; 6.514 ; 6.939 ; 6.902 ;
; carry_in   ; sum[2]      ; 6.437 ; 6.412 ; 6.755 ; 6.754 ;
; carry_in   ; sum[3]      ; 7.832 ; 7.931 ; 8.244 ; 8.319 ;
; carry_in   ; sum[4]      ; 7.011 ; 7.001 ; 7.329 ; 7.343 ;
; carry_in   ; sum[5]      ; 6.744 ; 6.749 ; 7.156 ; 7.137 ;
; carry_in   ; sum[6]      ; 6.764 ; 6.712 ; 7.082 ; 7.054 ;
; carry_in   ; sum[7]      ; 6.825 ; 6.809 ; 7.237 ; 7.197 ;
; input1[0]  ; carry_out   ; 6.959 ;       ;       ; 7.174 ;
; input1[0]  ; sum[0]      ; 5.814 ; 5.812 ; 6.175 ; 6.144 ;
; input1[0]  ; sum[1]      ; 6.009 ; 5.996 ; 6.411 ; 6.374 ;
; input1[0]  ; sum[2]      ; 5.919 ; 5.894 ; 6.227 ; 6.226 ;
; input1[0]  ; sum[3]      ; 7.314 ; 7.413 ; 7.716 ; 7.791 ;
; input1[0]  ; sum[4]      ; 6.493 ; 6.483 ; 6.801 ; 6.815 ;
; input1[0]  ; sum[5]      ; 6.226 ; 6.231 ; 6.628 ; 6.609 ;
; input1[0]  ; sum[6]      ; 6.246 ; 6.194 ; 6.554 ; 6.526 ;
; input1[0]  ; sum[7]      ; 6.307 ; 6.291 ; 6.709 ; 6.669 ;
; input1[1]  ; carry_out   ; 7.137 ;       ;       ; 7.345 ;
; input1[1]  ; sum[1]      ; 6.026 ; 6.015 ; 6.368 ; 6.321 ;
; input1[1]  ; sum[2]      ; 6.097 ; 6.072 ; 6.398 ; 6.397 ;
; input1[1]  ; sum[3]      ; 7.492 ; 7.591 ; 7.887 ; 7.962 ;
; input1[1]  ; sum[4]      ; 6.671 ; 6.661 ; 6.972 ; 6.986 ;
; input1[1]  ; sum[5]      ; 6.404 ; 6.409 ; 6.799 ; 6.780 ;
; input1[1]  ; sum[6]      ; 6.424 ; 6.372 ; 6.725 ; 6.697 ;
; input1[1]  ; sum[7]      ; 6.485 ; 6.469 ; 6.880 ; 6.840 ;
; input1[2]  ; carry_out   ; 7.166 ;       ;       ; 7.372 ;
; input1[2]  ; sum[2]      ; 5.884 ; 5.880 ; 6.246 ; 6.214 ;
; input1[2]  ; sum[3]      ; 7.521 ; 7.620 ; 7.914 ; 7.989 ;
; input1[2]  ; sum[4]      ; 6.700 ; 6.690 ; 6.999 ; 7.013 ;
; input1[2]  ; sum[5]      ; 6.433 ; 6.438 ; 6.826 ; 6.807 ;
; input1[2]  ; sum[6]      ; 6.453 ; 6.401 ; 6.752 ; 6.724 ;
; input1[2]  ; sum[7]      ; 6.514 ; 6.498 ; 6.907 ; 6.867 ;
; input1[3]  ; carry_out   ; 7.388 ;       ;       ; 7.588 ;
; input1[3]  ; sum[3]      ; 7.581 ; 7.680 ; 7.920 ; 7.986 ;
; input1[3]  ; sum[4]      ; 6.922 ; 6.912 ; 7.215 ; 7.229 ;
; input1[3]  ; sum[5]      ; 6.655 ; 6.660 ; 7.042 ; 7.023 ;
; input1[3]  ; sum[6]      ; 6.675 ; 6.623 ; 6.968 ; 6.940 ;
; input1[3]  ; sum[7]      ; 6.736 ; 6.720 ; 7.123 ; 7.083 ;
; input1[4]  ; carry_out   ; 7.025 ;       ;       ; 7.235 ;
; input1[4]  ; sum[4]      ; 6.317 ; 6.328 ; 6.683 ; 6.666 ;
; input1[4]  ; sum[5]      ; 6.292 ; 6.297 ; 6.689 ; 6.670 ;
; input1[4]  ; sum[6]      ; 6.312 ; 6.260 ; 6.615 ; 6.587 ;
; input1[4]  ; sum[7]      ; 6.373 ; 6.357 ; 6.770 ; 6.730 ;
; input1[5]  ; carry_out   ; 6.960 ;       ;       ; 7.190 ;
; input1[5]  ; sum[5]      ; 6.065 ; 6.070 ; 6.434 ; 6.406 ;
; input1[5]  ; sum[6]      ; 6.247 ; 6.195 ; 6.570 ; 6.542 ;
; input1[5]  ; sum[7]      ; 6.308 ; 6.292 ; 6.725 ; 6.685 ;
; input1[6]  ; carry_out   ; 6.915 ;       ;       ; 7.140 ;
; input1[6]  ; sum[6]      ; 5.960 ; 5.929 ; 6.341 ; 6.282 ;
; input1[6]  ; sum[7]      ; 6.263 ; 6.247 ; 6.675 ; 6.635 ;
; input1[7]  ; carry_out   ; 7.230 ;       ;       ; 7.457 ;
; input1[7]  ; sum[7]      ; 6.416 ; 6.400 ; 6.782 ; 6.733 ;
; input2[0]  ; carry_out   ; 7.241 ;       ;       ; 7.449 ;
; input2[0]  ; sum[0]      ; 6.096 ; 6.093 ; 6.460 ; 6.429 ;
; input2[0]  ; sum[1]      ; 6.291 ; 6.278 ; 6.686 ; 6.649 ;
; input2[0]  ; sum[2]      ; 6.201 ; 6.176 ; 6.502 ; 6.501 ;
; input2[0]  ; sum[3]      ; 7.596 ; 7.695 ; 7.991 ; 8.066 ;
; input2[0]  ; sum[4]      ; 6.775 ; 6.765 ; 7.076 ; 7.090 ;
; input2[0]  ; sum[5]      ; 6.508 ; 6.513 ; 6.903 ; 6.884 ;
; input2[0]  ; sum[6]      ; 6.528 ; 6.476 ; 6.829 ; 6.801 ;
; input2[0]  ; sum[7]      ; 6.589 ; 6.573 ; 6.984 ; 6.944 ;
; input2[1]  ; carry_out   ; 7.223 ;       ;       ; 7.453 ;
; input2[1]  ; sum[1]      ; 6.111 ; 6.098 ; 6.480 ; 6.434 ;
; input2[1]  ; sum[2]      ; 6.183 ; 6.158 ; 6.506 ; 6.505 ;
; input2[1]  ; sum[3]      ; 7.578 ; 7.677 ; 7.995 ; 8.070 ;
; input2[1]  ; sum[4]      ; 6.757 ; 6.747 ; 7.080 ; 7.094 ;
; input2[1]  ; sum[5]      ; 6.490 ; 6.495 ; 6.907 ; 6.888 ;
; input2[1]  ; sum[6]      ; 6.510 ; 6.458 ; 6.833 ; 6.805 ;
; input2[1]  ; sum[7]      ; 6.571 ; 6.555 ; 6.988 ; 6.948 ;
; input2[2]  ; carry_out   ; 7.804 ;       ;       ; 8.052 ;
; input2[2]  ; sum[2]      ; 6.522 ; 6.519 ; 6.916 ; 6.884 ;
; input2[2]  ; sum[3]      ; 8.159 ; 8.258 ; 8.594 ; 8.669 ;
; input2[2]  ; sum[4]      ; 7.338 ; 7.328 ; 7.679 ; 7.693 ;
; input2[2]  ; sum[5]      ; 7.071 ; 7.076 ; 7.506 ; 7.487 ;
; input2[2]  ; sum[6]      ; 7.091 ; 7.039 ; 7.432 ; 7.404 ;
; input2[2]  ; sum[7]      ; 7.152 ; 7.136 ; 7.587 ; 7.547 ;
; input2[3]  ; carry_out   ; 6.804 ;       ;       ; 7.024 ;
; input2[3]  ; sum[3]      ; 6.998 ; 7.099 ; 7.352 ; 7.417 ;
; input2[3]  ; sum[4]      ; 6.338 ; 6.328 ; 6.651 ; 6.665 ;
; input2[3]  ; sum[5]      ; 6.071 ; 6.076 ; 6.478 ; 6.459 ;
; input2[3]  ; sum[6]      ; 6.091 ; 6.039 ; 6.404 ; 6.376 ;
; input2[3]  ; sum[7]      ; 6.152 ; 6.136 ; 6.559 ; 6.519 ;
; input2[4]  ; carry_out   ; 7.052 ;       ;       ; 7.271 ;
; input2[4]  ; sum[4]      ; 6.344 ; 6.356 ; 6.709 ; 6.692 ;
; input2[4]  ; sum[5]      ; 6.319 ; 6.324 ; 6.725 ; 6.706 ;
; input2[4]  ; sum[6]      ; 6.339 ; 6.287 ; 6.651 ; 6.623 ;
; input2[4]  ; sum[7]      ; 6.400 ; 6.384 ; 6.806 ; 6.766 ;
; input2[5]  ; carry_out   ; 6.935 ;       ;       ; 7.170 ;
; input2[5]  ; sum[5]      ; 6.041 ; 6.048 ; 6.410 ; 6.381 ;
; input2[5]  ; sum[6]      ; 6.222 ; 6.170 ; 6.550 ; 6.522 ;
; input2[5]  ; sum[7]      ; 6.283 ; 6.267 ; 6.705 ; 6.665 ;
; input2[6]  ; carry_out   ; 7.291 ;       ;       ; 7.508 ;
; input2[6]  ; sum[6]      ; 6.336 ; 6.306 ; 6.699 ; 6.640 ;
; input2[6]  ; sum[7]      ; 6.639 ; 6.623 ; 7.043 ; 7.003 ;
; input2[7]  ; carry_out   ; 6.886 ;       ;       ; 7.100 ;
; input2[7]  ; sum[7]      ; 6.073 ; 6.059 ; 6.421 ; 6.371 ;
+------------+-------------+-------+-------+-------+-------+


---------------------------------------------
; Slow 1200mV 0C Model Metastability Report ;
---------------------------------------------
No synchronizer chains to report.


--------------------------------------
; Fast 1200mV 0C Model Setup Summary ;
--------------------------------------
No paths to report.


-------------------------------------
; Fast 1200mV 0C Model Hold Summary ;
-------------------------------------
No paths to report.


-----------------------------------------
; Fast 1200mV 0C Model Recovery Summary ;
-----------------------------------------
No paths to report.


----------------------------------------
; Fast 1200mV 0C Model Removal Summary ;
----------------------------------------
No paths to report.


----------------------------------------------------
; Fast 1200mV 0C Model Minimum Pulse Width Summary ;
----------------------------------------------------
No paths to report.


+----------------------------------------------------------+
; Propagation Delay                                        ;
+------------+-------------+-------+-------+-------+-------+
; Input Port ; Output Port ; RR    ; RF    ; FR    ; FF    ;
+------------+-------------+-------+-------+-------+-------+
; carry_in   ; carry_out   ; 4.996 ;       ;       ; 5.563 ;
; carry_in   ; sum[0]      ; 4.476 ; 4.491 ; 4.954 ; 4.994 ;
; carry_in   ; sum[1]      ; 4.403 ; 4.445 ; 4.991 ; 5.008 ;
; carry_in   ; sum[2]      ; 4.391 ; 4.388 ; 4.869 ; 4.891 ;
; carry_in   ; sum[3]      ; 5.292 ; 5.478 ; 5.880 ; 6.041 ;
; carry_in   ; sum[4]      ; 4.766 ; 4.806 ; 5.244 ; 5.309 ;
; carry_in   ; sum[5]      ; 4.567 ; 4.610 ; 5.155 ; 5.173 ;
; carry_in   ; sum[6]      ; 4.560 ; 4.607 ; 5.038 ; 5.110 ;
; carry_in   ; sum[7]      ; 4.617 ; 4.658 ; 5.205 ; 5.221 ;
; input1[0]  ; carry_out   ; 4.576 ;       ;       ; 5.242 ;
; input1[0]  ; sum[0]      ; 3.838 ; 3.904 ; 4.442 ; 4.420 ;
; input1[0]  ; sum[1]      ; 3.983 ; 4.025 ; 4.670 ; 4.687 ;
; input1[0]  ; sum[2]      ; 3.971 ; 3.968 ; 4.548 ; 4.570 ;
; input1[0]  ; sum[3]      ; 4.872 ; 5.058 ; 5.559 ; 5.720 ;
; input1[0]  ; sum[4]      ; 4.346 ; 4.386 ; 4.923 ; 4.988 ;
; input1[0]  ; sum[5]      ; 4.147 ; 4.190 ; 4.834 ; 4.852 ;
; input1[0]  ; sum[6]      ; 4.140 ; 4.187 ; 4.717 ; 4.789 ;
; input1[0]  ; sum[7]      ; 4.197 ; 4.238 ; 4.884 ; 4.900 ;
; input1[1]  ; carry_out   ; 4.746 ;       ;       ; 5.298 ;
; input1[1]  ; sum[1]      ; 3.969 ; 3.979 ; 4.533 ; 4.565 ;
; input1[1]  ; sum[2]      ; 4.141 ; 4.138 ; 4.604 ; 4.626 ;
; input1[1]  ; sum[3]      ; 5.042 ; 5.228 ; 5.615 ; 5.776 ;
; input1[1]  ; sum[4]      ; 4.516 ; 4.556 ; 4.979 ; 5.044 ;
; input1[1]  ; sum[5]      ; 4.317 ; 4.360 ; 4.890 ; 4.908 ;
; input1[1]  ; sum[6]      ; 4.310 ; 4.357 ; 4.773 ; 4.845 ;
; input1[1]  ; sum[7]      ; 4.367 ; 4.408 ; 4.940 ; 4.956 ;
; input1[2]  ; carry_out   ; 4.719 ;       ;       ; 5.398 ;
; input1[2]  ; sum[2]      ; 3.897 ; 3.944 ; 4.514 ; 4.479 ;
; input1[2]  ; sum[3]      ; 5.015 ; 5.201 ; 5.715 ; 5.876 ;
; input1[2]  ; sum[4]      ; 4.489 ; 4.529 ; 5.079 ; 5.144 ;
; input1[2]  ; sum[5]      ; 4.290 ; 4.333 ; 4.990 ; 5.008 ;
; input1[2]  ; sum[6]      ; 4.283 ; 4.330 ; 4.873 ; 4.945 ;
; input1[2]  ; sum[7]      ; 4.340 ; 4.381 ; 5.040 ; 5.056 ;
; input1[3]  ; carry_out   ; 4.884 ;       ;       ; 5.472 ;
; input1[3]  ; sum[3]      ; 4.996 ; 5.150 ; 5.597 ; 5.768 ;
; input1[3]  ; sum[4]      ; 4.654 ; 4.694 ; 5.153 ; 5.218 ;
; input1[3]  ; sum[5]      ; 4.455 ; 4.498 ; 5.064 ; 5.082 ;
; input1[3]  ; sum[6]      ; 4.448 ; 4.495 ; 4.947 ; 5.019 ;
; input1[3]  ; sum[7]      ; 4.505 ; 4.546 ; 5.114 ; 5.130 ;
; input1[4]  ; carry_out   ; 4.619 ;       ;       ; 5.296 ;
; input1[4]  ; sum[4]      ; 4.172 ; 4.262 ; 4.787 ; 4.795 ;
; input1[4]  ; sum[5]      ; 4.190 ; 4.233 ; 4.888 ; 4.906 ;
; input1[4]  ; sum[6]      ; 4.183 ; 4.230 ; 4.771 ; 4.843 ;
; input1[4]  ; sum[7]      ; 4.240 ; 4.281 ; 4.938 ; 4.954 ;
; input1[5]  ; carry_out   ; 4.656 ;       ;       ; 5.211 ;
; input1[5]  ; sum[5]      ; 4.043 ; 4.054 ; 4.611 ; 4.639 ;
; input1[5]  ; sum[6]      ; 4.220 ; 4.267 ; 4.686 ; 4.758 ;
; input1[5]  ; sum[7]      ; 4.277 ; 4.318 ; 4.853 ; 4.869 ;
; input1[6]  ; carry_out   ; 4.545 ;       ;       ; 5.228 ;
; input1[6]  ; sum[6]      ; 3.892 ; 3.989 ; 4.513 ; 4.528 ;
; input1[6]  ; sum[7]      ; 4.166 ; 4.207 ; 4.870 ; 4.886 ;
; input1[7]  ; carry_out   ; 4.796 ;       ;       ; 5.404 ;
; input1[7]  ; sum[7]      ; 4.233 ; 4.242 ; 4.854 ; 4.880 ;
; input2[0]  ; carry_out   ; 4.762 ;       ;       ; 5.445 ;
; input2[0]  ; sum[0]      ; 4.025 ; 4.090 ; 4.646 ; 4.629 ;
; input2[0]  ; sum[1]      ; 4.169 ; 4.211 ; 4.873 ; 4.890 ;
; input2[0]  ; sum[2]      ; 4.157 ; 4.154 ; 4.751 ; 4.773 ;
; input2[0]  ; sum[3]      ; 5.058 ; 5.244 ; 5.762 ; 5.923 ;
; input2[0]  ; sum[4]      ; 4.532 ; 4.572 ; 5.126 ; 5.191 ;
; input2[0]  ; sum[5]      ; 4.333 ; 4.376 ; 5.037 ; 5.055 ;
; input2[0]  ; sum[6]      ; 4.326 ; 4.373 ; 4.920 ; 4.992 ;
; input2[0]  ; sum[7]      ; 4.383 ; 4.424 ; 5.087 ; 5.103 ;
; input2[1]  ; carry_out   ; 4.824 ;       ;       ; 5.400 ;
; input2[1]  ; sum[1]      ; 4.047 ; 4.057 ; 4.636 ; 4.663 ;
; input2[1]  ; sum[2]      ; 4.219 ; 4.216 ; 4.706 ; 4.728 ;
; input2[1]  ; sum[3]      ; 5.120 ; 5.306 ; 5.717 ; 5.878 ;
; input2[1]  ; sum[4]      ; 4.594 ; 4.634 ; 5.081 ; 5.146 ;
; input2[1]  ; sum[5]      ; 4.395 ; 4.438 ; 4.992 ; 5.010 ;
; input2[1]  ; sum[6]      ; 4.388 ; 4.435 ; 4.875 ; 4.947 ;
; input2[1]  ; sum[7]      ; 4.445 ; 4.486 ; 5.042 ; 5.058 ;
; input2[2]  ; carry_out   ; 5.120 ;       ;       ; 5.896 ;
; input2[2]  ; sum[2]      ; 4.297 ; 4.345 ; 5.011 ; 4.971 ;
; input2[2]  ; sum[3]      ; 5.416 ; 5.602 ; 6.213 ; 6.374 ;
; input2[2]  ; sum[4]      ; 4.890 ; 4.930 ; 5.577 ; 5.642 ;
; input2[2]  ; sum[5]      ; 4.691 ; 4.734 ; 5.488 ; 5.506 ;
; input2[2]  ; sum[6]      ; 4.684 ; 4.731 ; 5.371 ; 5.443 ;
; input2[2]  ; sum[7]      ; 4.741 ; 4.782 ; 5.538 ; 5.554 ;
; input2[3]  ; carry_out   ; 4.533 ;       ;       ; 5.062 ;
; input2[3]  ; sum[3]      ; 4.645 ; 4.799 ; 5.186 ; 5.362 ;
; input2[3]  ; sum[4]      ; 4.303 ; 4.343 ; 4.743 ; 4.808 ;
; input2[3]  ; sum[5]      ; 4.104 ; 4.147 ; 4.654 ; 4.672 ;
; input2[3]  ; sum[6]      ; 4.097 ; 4.144 ; 4.537 ; 4.609 ;
; input2[3]  ; sum[7]      ; 4.154 ; 4.195 ; 4.704 ; 4.720 ;
; input2[4]  ; carry_out   ; 4.637 ;       ;       ; 5.323 ;
; input2[4]  ; sum[4]      ; 4.189 ; 4.280 ; 4.813 ; 4.816 ;
; input2[4]  ; sum[5]      ; 4.208 ; 4.251 ; 4.915 ; 4.933 ;
; input2[4]  ; sum[6]      ; 4.201 ; 4.248 ; 4.798 ; 4.870 ;
; input2[4]  ; sum[7]      ; 4.258 ; 4.299 ; 4.965 ; 4.981 ;
; input2[5]  ; carry_out   ; 4.626 ;       ;       ; 5.172 ;
; input2[5]  ; sum[5]      ; 4.013 ; 4.024 ; 4.571 ; 4.604 ;
; input2[5]  ; sum[6]      ; 4.190 ; 4.237 ; 4.647 ; 4.719 ;
; input2[5]  ; sum[7]      ; 4.247 ; 4.288 ; 4.814 ; 4.830 ;
; input2[6]  ; carry_out   ; 4.775 ;       ;       ; 5.507 ;
; input2[6]  ; sum[6]      ; 4.121 ; 4.219 ; 4.791 ; 4.801 ;
; input2[6]  ; sum[7]      ; 4.396 ; 4.437 ; 5.149 ; 5.165 ;
; input2[7]  ; carry_out   ; 4.588 ;       ;       ; 5.138 ;
; input2[7]  ; sum[7]      ; 4.025 ; 4.034 ; 4.587 ; 4.618 ;
+------------+-------------+-------+-------+-------+-------+


+----------------------------------------------------------+
; Minimum Propagation Delay                                ;
+------------+-------------+-------+-------+-------+-------+
; Input Port ; Output Port ; RR    ; RF    ; FR    ; FF    ;
+------------+-------------+-------+-------+-------+-------+
; carry_in   ; carry_out   ; 4.724 ;       ;       ; 5.369 ;
; carry_in   ; sum[0]      ; 4.229 ; 4.249 ; 4.793 ; 4.828 ;
; carry_in   ; sum[1]      ; 4.181 ; 4.217 ; 4.805 ; 4.826 ;
; carry_in   ; sum[2]      ; 4.149 ; 4.151 ; 4.713 ; 4.730 ;
; carry_in   ; sum[3]      ; 5.067 ; 5.248 ; 5.691 ; 5.857 ;
; carry_in   ; sum[4]      ; 4.507 ; 4.551 ; 5.071 ; 5.130 ;
; carry_in   ; sum[5]      ; 4.339 ; 4.377 ; 4.963 ; 4.986 ;
; carry_in   ; sum[6]      ; 4.306 ; 4.358 ; 4.870 ; 4.937 ;
; carry_in   ; sum[7]      ; 4.389 ; 4.424 ; 5.013 ; 5.033 ;
; input1[0]  ; carry_out   ; 4.391 ;       ;       ; 4.998 ;
; input1[0]  ; sum[0]      ; 3.751 ; 3.779 ; 4.303 ; 4.315 ;
; input1[0]  ; sum[1]      ; 3.848 ; 3.884 ; 4.434 ; 4.455 ;
; input1[0]  ; sum[2]      ; 3.816 ; 3.818 ; 4.342 ; 4.359 ;
; input1[0]  ; sum[3]      ; 4.734 ; 4.915 ; 5.320 ; 5.486 ;
; input1[0]  ; sum[4]      ; 4.174 ; 4.218 ; 4.700 ; 4.759 ;
; input1[0]  ; sum[5]      ; 4.006 ; 4.044 ; 4.592 ; 4.615 ;
; input1[0]  ; sum[6]      ; 3.973 ; 4.025 ; 4.499 ; 4.566 ;
; input1[0]  ; sum[7]      ; 4.056 ; 4.091 ; 4.642 ; 4.662 ;
; input1[1]  ; carry_out   ; 4.483 ;       ;       ; 5.114 ;
; input1[1]  ; sum[1]      ; 3.844 ; 3.874 ; 4.422 ; 4.433 ;
; input1[1]  ; sum[2]      ; 3.908 ; 3.910 ; 4.458 ; 4.475 ;
; input1[1]  ; sum[3]      ; 4.826 ; 5.007 ; 5.436 ; 5.602 ;
; input1[1]  ; sum[4]      ; 4.266 ; 4.310 ; 4.816 ; 4.875 ;
; input1[1]  ; sum[5]      ; 4.098 ; 4.136 ; 4.708 ; 4.731 ;
; input1[1]  ; sum[6]      ; 4.065 ; 4.117 ; 4.615 ; 4.682 ;
; input1[1]  ; sum[7]      ; 4.148 ; 4.183 ; 4.758 ; 4.778 ;
; input1[2]  ; carry_out   ; 4.528 ;       ;       ; 5.148 ;
; input1[2]  ; sum[2]      ; 3.808 ; 3.816 ; 4.383 ; 4.375 ;
; input1[2]  ; sum[3]      ; 4.871 ; 5.052 ; 5.470 ; 5.636 ;
; input1[2]  ; sum[4]      ; 4.311 ; 4.355 ; 4.850 ; 4.909 ;
; input1[2]  ; sum[5]      ; 4.143 ; 4.181 ; 4.742 ; 4.765 ;
; input1[2]  ; sum[6]      ; 4.110 ; 4.162 ; 4.649 ; 4.716 ;
; input1[2]  ; sum[7]      ; 4.193 ; 4.228 ; 4.792 ; 4.812 ;
; input1[3]  ; carry_out   ; 4.616 ;       ;       ; 5.276 ;
; input1[3]  ; sum[3]      ; 4.863 ; 5.038 ; 5.468 ; 5.625 ;
; input1[3]  ; sum[4]      ; 4.399 ; 4.443 ; 4.978 ; 5.037 ;
; input1[3]  ; sum[5]      ; 4.231 ; 4.269 ; 4.870 ; 4.893 ;
; input1[3]  ; sum[6]      ; 4.198 ; 4.250 ; 4.777 ; 4.844 ;
; input1[3]  ; sum[7]      ; 4.281 ; 4.316 ; 4.920 ; 4.940 ;
; input1[4]  ; carry_out   ; 4.431 ;       ;       ; 5.049 ;
; input1[4]  ; sum[4]      ; 4.069 ; 4.119 ; 4.642 ; 4.676 ;
; input1[4]  ; sum[5]      ; 4.046 ; 4.084 ; 4.643 ; 4.666 ;
; input1[4]  ; sum[6]      ; 4.013 ; 4.065 ; 4.550 ; 4.617 ;
; input1[4]  ; sum[7]      ; 4.096 ; 4.131 ; 4.693 ; 4.713 ;
; input1[5]  ; carry_out   ; 4.399 ;       ;       ; 5.027 ;
; input1[5]  ; sum[5]      ; 3.918 ; 3.950 ; 4.491 ; 4.505 ;
; input1[5]  ; sum[6]      ; 3.981 ; 4.033 ; 4.528 ; 4.595 ;
; input1[5]  ; sum[7]      ; 4.064 ; 4.099 ; 4.671 ; 4.691 ;
; input1[6]  ; carry_out   ; 4.359 ;       ;       ; 4.983 ;
; input1[6]  ; sum[6]      ; 3.796 ; 3.854 ; 4.375 ; 4.417 ;
; input1[6]  ; sum[7]      ; 4.024 ; 4.059 ; 4.627 ; 4.647 ;
; input1[7]  ; carry_out   ; 4.532 ;       ;       ; 5.210 ;
; input1[7]  ; sum[7]      ; 4.101 ; 4.130 ; 4.724 ; 4.735 ;
; input2[0]  ; carry_out   ; 4.569 ;       ;       ; 5.193 ;
; input2[0]  ; sum[0]      ; 3.929 ; 3.955 ; 4.508 ; 4.518 ;
; input2[0]  ; sum[1]      ; 4.026 ; 4.062 ; 4.629 ; 4.650 ;
; input2[0]  ; sum[2]      ; 3.994 ; 3.996 ; 4.537 ; 4.554 ;
; input2[0]  ; sum[3]      ; 4.912 ; 5.093 ; 5.515 ; 5.681 ;
; input2[0]  ; sum[4]      ; 4.352 ; 4.396 ; 4.895 ; 4.954 ;
; input2[0]  ; sum[5]      ; 4.184 ; 4.222 ; 4.787 ; 4.810 ;
; input2[0]  ; sum[6]      ; 4.151 ; 4.203 ; 4.694 ; 4.761 ;
; input2[0]  ; sum[7]      ; 4.234 ; 4.269 ; 4.837 ; 4.857 ;
; input2[1]  ; carry_out   ; 4.560 ;       ;       ; 5.207 ;
; input2[1]  ; sum[1]      ; 3.921 ; 3.951 ; 4.513 ; 4.525 ;
; input2[1]  ; sum[2]      ; 3.985 ; 3.987 ; 4.551 ; 4.568 ;
; input2[1]  ; sum[3]      ; 4.903 ; 5.084 ; 5.529 ; 5.695 ;
; input2[1]  ; sum[4]      ; 4.343 ; 4.387 ; 4.909 ; 4.968 ;
; input2[1]  ; sum[5]      ; 4.175 ; 4.213 ; 4.801 ; 4.824 ;
; input2[1]  ; sum[6]      ; 4.142 ; 4.194 ; 4.708 ; 4.775 ;
; input2[1]  ; sum[7]      ; 4.225 ; 4.260 ; 4.851 ; 4.871 ;
; input2[2]  ; carry_out   ; 4.914 ;       ;       ; 5.626 ;
; input2[2]  ; sum[2]      ; 4.194 ; 4.204 ; 4.851 ; 4.845 ;
; input2[2]  ; sum[3]      ; 5.257 ; 5.438 ; 5.948 ; 6.114 ;
; input2[2]  ; sum[4]      ; 4.697 ; 4.741 ; 5.328 ; 5.387 ;
; input2[2]  ; sum[5]      ; 4.529 ; 4.567 ; 5.220 ; 5.243 ;
; input2[2]  ; sum[6]      ; 4.496 ; 4.548 ; 5.127 ; 5.194 ;
; input2[2]  ; sum[7]      ; 4.579 ; 4.614 ; 5.270 ; 5.290 ;
; input2[3]  ; carry_out   ; 4.278 ;       ;       ; 4.887 ;
; input2[3]  ; sum[3]      ; 4.525 ; 4.700 ; 5.081 ; 5.237 ;
; input2[3]  ; sum[4]      ; 4.061 ; 4.105 ; 4.589 ; 4.648 ;
; input2[3]  ; sum[5]      ; 3.893 ; 3.931 ; 4.481 ; 4.504 ;
; input2[3]  ; sum[6]      ; 3.860 ; 3.912 ; 4.388 ; 4.455 ;
; input2[3]  ; sum[7]      ; 3.943 ; 3.978 ; 4.531 ; 4.551 ;
; input2[4]  ; carry_out   ; 4.448 ;       ;       ; 5.076 ;
; input2[4]  ; sum[4]      ; 4.086 ; 4.138 ; 4.659 ; 4.695 ;
; input2[4]  ; sum[5]      ; 4.063 ; 4.101 ; 4.670 ; 4.693 ;
; input2[4]  ; sum[6]      ; 4.030 ; 4.082 ; 4.577 ; 4.644 ;
; input2[4]  ; sum[7]      ; 4.113 ; 4.148 ; 4.720 ; 4.740 ;
; input2[5]  ; carry_out   ; 4.366 ;       ;       ; 4.992 ;
; input2[5]  ; sum[5]      ; 3.885 ; 3.917 ; 4.458 ; 4.471 ;
; input2[5]  ; sum[6]      ; 3.948 ; 4.000 ; 4.493 ; 4.560 ;
; input2[5]  ; sum[7]      ; 4.031 ; 4.066 ; 4.636 ; 4.656 ;
; input2[6]  ; carry_out   ; 4.581 ;       ;       ; 5.250 ;
; input2[6]  ; sum[6]      ; 4.018 ; 4.078 ; 4.632 ; 4.676 ;
; input2[6]  ; sum[7]      ; 4.246 ; 4.281 ; 4.894 ; 4.914 ;
; input2[7]  ; carry_out   ; 4.331 ;       ;       ; 4.960 ;
; input2[7]  ; sum[7]      ; 3.900 ; 3.929 ; 4.476 ; 4.486 ;
+------------+-------------+-------+-------+-------+-------+


---------------------------------------------
; Fast 1200mV 0C Model Metastability Report ;
---------------------------------------------
No synchronizer chains to report.


+----------------------------------------------------------------------------+
; Multicorner Timing Analysis Summary                                        ;
+------------------+-------+------+----------+---------+---------------------+
; Clock            ; Setup ; Hold ; Recovery ; Removal ; Minimum Pulse Width ;
+------------------+-------+------+----------+---------+---------------------+
; Worst-case Slack ; N/A   ; N/A  ; N/A      ; N/A     ; N/A                 ;
; Design-wide TNS  ; 0.0   ; 0.0  ; 0.0      ; 0.0     ; 0.0                 ;
+------------------+-------+------+----------+---------+---------------------+


+----------------------------------------------------------+
; Propagation Delay                                        ;
+------------+-------------+-------+-------+-------+-------+
; Input Port ; Output Port ; RR    ; RF    ; FR    ; FF    ;
+------------+-------------+-------+-------+-------+-------+
; carry_in   ; carry_out   ; 8.588 ;       ;       ; 8.784 ;
; carry_in   ; sum[0]      ; 7.525 ; 7.496 ; 7.765 ; 7.782 ;
; carry_in   ; sum[1]      ; 7.426 ; 7.441 ; 7.884 ; 7.853 ;
; carry_in   ; sum[2]      ; 7.375 ; 7.351 ; 7.615 ; 7.637 ;
; carry_in   ; sum[3]      ; 8.749 ; 8.878 ; 9.207 ; 9.290 ;
; carry_in   ; sum[4]      ; 8.038 ; 8.031 ; 8.278 ; 8.317 ;
; carry_in   ; sum[5]      ; 7.683 ; 7.706 ; 8.141 ; 8.118 ;
; carry_in   ; sum[6]      ; 7.775 ; 7.738 ; 8.015 ; 8.024 ;
; carry_in   ; sum[7]      ; 7.784 ; 7.797 ; 8.242 ; 8.209 ;
; input1[0]  ; carry_out   ; 7.867 ;       ;       ; 8.263 ;
; input1[0]  ; sum[0]      ; 6.393 ; 6.458 ; 6.891 ; 6.804 ;
; input1[0]  ; sum[1]      ; 6.705 ; 6.720 ; 7.363 ; 7.332 ;
; input1[0]  ; sum[2]      ; 6.654 ; 6.630 ; 7.094 ; 7.116 ;
; input1[0]  ; sum[3]      ; 8.028 ; 8.157 ; 8.686 ; 8.769 ;
; input1[0]  ; sum[4]      ; 7.317 ; 7.310 ; 7.757 ; 7.796 ;
; input1[0]  ; sum[5]      ; 6.962 ; 6.985 ; 7.620 ; 7.597 ;
; input1[0]  ; sum[6]      ; 7.054 ; 7.017 ; 7.494 ; 7.503 ;
; input1[0]  ; sum[7]      ; 7.063 ; 7.076 ; 7.721 ; 7.688 ;
; input1[1]  ; carry_out   ; 8.200 ;       ;       ; 8.351 ;
; input1[1]  ; sum[1]      ; 6.699 ; 6.660 ; 7.077 ; 7.089 ;
; input1[1]  ; sum[2]      ; 6.987 ; 6.963 ; 7.182 ; 7.204 ;
; input1[1]  ; sum[3]      ; 8.361 ; 8.490 ; 8.774 ; 8.857 ;
; input1[1]  ; sum[4]      ; 7.650 ; 7.643 ; 7.845 ; 7.884 ;
; input1[1]  ; sum[5]      ; 7.295 ; 7.318 ; 7.708 ; 7.685 ;
; input1[1]  ; sum[6]      ; 7.387 ; 7.350 ; 7.582 ; 7.591 ;
; input1[1]  ; sum[7]      ; 7.396 ; 7.409 ; 7.809 ; 7.776 ;
; input1[2]  ; carry_out   ; 8.095 ;       ;       ; 8.476 ;
; input1[2]  ; sum[2]      ; 6.473 ; 6.540 ; 6.954 ; 6.884 ;
; input1[2]  ; sum[3]      ; 8.256 ; 8.385 ; 8.899 ; 8.982 ;
; input1[2]  ; sum[4]      ; 7.545 ; 7.538 ; 7.970 ; 8.009 ;
; input1[2]  ; sum[5]      ; 7.190 ; 7.213 ; 7.833 ; 7.810 ;
; input1[2]  ; sum[6]      ; 7.282 ; 7.245 ; 7.707 ; 7.716 ;
; input1[2]  ; sum[7]      ; 7.291 ; 7.304 ; 7.934 ; 7.901 ;
; input1[3]  ; carry_out   ; 8.466 ;       ;       ; 8.640 ;
; input1[3]  ; sum[3]      ; 8.284 ; 8.362 ; 8.694 ; 8.811 ;
; input1[3]  ; sum[4]      ; 7.916 ; 7.909 ; 8.134 ; 8.173 ;
; input1[3]  ; sum[5]      ; 7.561 ; 7.584 ; 7.997 ; 7.974 ;
; input1[3]  ; sum[6]      ; 7.653 ; 7.616 ; 7.871 ; 7.880 ;
; input1[3]  ; sum[7]      ; 7.662 ; 7.675 ; 8.098 ; 8.065 ;
; input1[4]  ; carry_out   ; 7.924 ;       ;       ; 8.314 ;
; input1[4]  ; sum[4]      ; 6.965 ; 7.049 ; 7.455 ; 7.402 ;
; input1[4]  ; sum[5]      ; 7.019 ; 7.042 ; 7.671 ; 7.648 ;
; input1[4]  ; sum[6]      ; 7.111 ; 7.074 ; 7.545 ; 7.554 ;
; input1[4]  ; sum[7]      ; 7.120 ; 7.133 ; 7.772 ; 7.739 ;
; input1[5]  ; carry_out   ; 7.976 ;       ;       ; 8.143 ;
; input1[5]  ; sum[5]      ; 6.728 ; 6.700 ; 7.131 ; 7.142 ;
; input1[5]  ; sum[6]      ; 7.163 ; 7.126 ; 7.374 ; 7.383 ;
; input1[5]  ; sum[7]      ; 7.172 ; 7.185 ; 7.601 ; 7.568 ;
; input1[6]  ; carry_out   ; 7.797 ;       ;       ; 8.223 ;
; input1[6]  ; sum[6]      ; 6.575 ; 6.629 ; 7.101 ; 7.018 ;
; input1[6]  ; sum[7]      ; 6.993 ; 7.006 ; 7.681 ; 7.648 ;
; input1[7]  ; carry_out   ; 8.277 ;       ;       ; 8.476 ;
; input1[7]  ; sum[7]      ; 7.130 ; 7.092 ; 7.565 ; 7.566 ;
; input2[0]  ; carry_out   ; 8.184 ;       ;       ; 8.594 ;
; input2[0]  ; sum[0]      ; 6.712 ; 6.774 ; 7.222 ; 7.147 ;
; input2[0]  ; sum[1]      ; 7.022 ; 7.037 ; 7.694 ; 7.663 ;
; input2[0]  ; sum[2]      ; 6.971 ; 6.947 ; 7.425 ; 7.447 ;
; input2[0]  ; sum[3]      ; 8.345 ; 8.474 ; 9.017 ; 9.100 ;
; input2[0]  ; sum[4]      ; 7.634 ; 7.627 ; 8.088 ; 8.127 ;
; input2[0]  ; sum[5]      ; 7.279 ; 7.302 ; 7.951 ; 7.928 ;
; input2[0]  ; sum[6]      ; 7.371 ; 7.334 ; 7.825 ; 7.834 ;
; input2[0]  ; sum[7]      ; 7.380 ; 7.393 ; 8.052 ; 8.019 ;
; input2[1]  ; carry_out   ; 8.298 ;       ;       ; 8.501 ;
; input2[1]  ; sum[1]      ; 6.793 ; 6.757 ; 7.232 ; 7.235 ;
; input2[1]  ; sum[2]      ; 7.085 ; 7.061 ; 7.332 ; 7.354 ;
; input2[1]  ; sum[3]      ; 8.459 ; 8.588 ; 8.924 ; 9.007 ;
; input2[1]  ; sum[4]      ; 7.748 ; 7.741 ; 7.995 ; 8.034 ;
; input2[1]  ; sum[5]      ; 7.393 ; 7.416 ; 7.858 ; 7.835 ;
; input2[1]  ; sum[6]      ; 7.485 ; 7.448 ; 7.732 ; 7.741 ;
; input2[1]  ; sum[7]      ; 7.494 ; 7.507 ; 7.959 ; 7.926 ;
; input2[2]  ; carry_out   ; 8.801 ;       ;       ; 9.290 ;
; input2[2]  ; sum[2]      ; 7.177 ; 7.247 ; 7.768 ; 7.686 ;
; input2[2]  ; sum[3]      ; 8.962 ; 9.091 ; 9.713 ; 9.796 ;
; input2[2]  ; sum[4]      ; 8.251 ; 8.244 ; 8.784 ; 8.823 ;
; input2[2]  ; sum[5]      ; 7.896 ; 7.919 ; 8.647 ; 8.624 ;
; input2[2]  ; sum[6]      ; 7.988 ; 7.951 ; 8.521 ; 8.530 ;
; input2[2]  ; sum[7]      ; 7.997 ; 8.010 ; 8.748 ; 8.715 ;
; input2[3]  ; carry_out   ; 7.811 ;       ;       ; 7.968 ;
; input2[3]  ; sum[3]      ; 7.633 ; 7.708 ; 8.017 ; 8.143 ;
; input2[3]  ; sum[4]      ; 7.261 ; 7.254 ; 7.462 ; 7.501 ;
; input2[3]  ; sum[5]      ; 6.906 ; 6.929 ; 7.325 ; 7.302 ;
; input2[3]  ; sum[6]      ; 6.998 ; 6.961 ; 7.199 ; 7.208 ;
; input2[3]  ; sum[7]      ; 7.007 ; 7.020 ; 7.426 ; 7.393 ;
; input2[4]  ; carry_out   ; 7.958 ;       ;       ; 8.354 ;
; input2[4]  ; sum[4]      ; 6.997 ; 7.084 ; 7.495 ; 7.430 ;
; input2[4]  ; sum[5]      ; 7.053 ; 7.076 ; 7.711 ; 7.688 ;
; input2[4]  ; sum[6]      ; 7.145 ; 7.108 ; 7.585 ; 7.594 ;
; input2[4]  ; sum[7]      ; 7.154 ; 7.167 ; 7.812 ; 7.779 ;
; input2[5]  ; carry_out   ; 7.957 ;       ;       ; 8.142 ;
; input2[5]  ; sum[5]      ; 6.713 ; 6.682 ; 7.125 ; 7.145 ;
; input2[5]  ; sum[6]      ; 7.144 ; 7.107 ; 7.373 ; 7.382 ;
; input2[5]  ; sum[7]      ; 7.153 ; 7.166 ; 7.600 ; 7.567 ;
; input2[6]  ; carry_out   ; 8.224 ;       ;       ; 8.655 ;
; input2[6]  ; sum[6]      ; 7.000 ; 7.057 ; 7.533 ; 7.438 ;
; input2[6]  ; sum[7]      ; 7.420 ; 7.433 ; 8.113 ; 8.080 ;
; input2[7]  ; carry_out   ; 7.885 ;       ;       ; 8.044 ;
; input2[7]  ; sum[7]      ; 6.742 ; 6.701 ; 7.128 ; 7.138 ;
+------------+-------------+-------+-------+-------+-------+


+----------------------------------------------------------+
; Minimum Propagation Delay                                ;
+------------+-------------+-------+-------+-------+-------+
; Input Port ; Output Port ; RR    ; RF    ; FR    ; FF    ;
+------------+-------------+-------+-------+-------+-------+
; carry_in   ; carry_out   ; 4.724 ;       ;       ; 5.369 ;
; carry_in   ; sum[0]      ; 4.229 ; 4.249 ; 4.793 ; 4.828 ;
; carry_in   ; sum[1]      ; 4.181 ; 4.217 ; 4.805 ; 4.826 ;
; carry_in   ; sum[2]      ; 4.149 ; 4.151 ; 4.713 ; 4.730 ;
; carry_in   ; sum[3]      ; 5.067 ; 5.248 ; 5.691 ; 5.857 ;
; carry_in   ; sum[4]      ; 4.507 ; 4.551 ; 5.071 ; 5.130 ;
; carry_in   ; sum[5]      ; 4.339 ; 4.377 ; 4.963 ; 4.986 ;
; carry_in   ; sum[6]      ; 4.306 ; 4.358 ; 4.870 ; 4.937 ;
; carry_in   ; sum[7]      ; 4.389 ; 4.424 ; 5.013 ; 5.033 ;
; input1[0]  ; carry_out   ; 4.391 ;       ;       ; 4.998 ;
; input1[0]  ; sum[0]      ; 3.751 ; 3.779 ; 4.303 ; 4.315 ;
; input1[0]  ; sum[1]      ; 3.848 ; 3.884 ; 4.434 ; 4.455 ;
; input1[0]  ; sum[2]      ; 3.816 ; 3.818 ; 4.342 ; 4.359 ;
; input1[0]  ; sum[3]      ; 4.734 ; 4.915 ; 5.320 ; 5.486 ;
; input1[0]  ; sum[4]      ; 4.174 ; 4.218 ; 4.700 ; 4.759 ;
; input1[0]  ; sum[5]      ; 4.006 ; 4.044 ; 4.592 ; 4.615 ;
; input1[0]  ; sum[6]      ; 3.973 ; 4.025 ; 4.499 ; 4.566 ;
; input1[0]  ; sum[7]      ; 4.056 ; 4.091 ; 4.642 ; 4.662 ;
; input1[1]  ; carry_out   ; 4.483 ;       ;       ; 5.114 ;
; input1[1]  ; sum[1]      ; 3.844 ; 3.874 ; 4.422 ; 4.433 ;
; input1[1]  ; sum[2]      ; 3.908 ; 3.910 ; 4.458 ; 4.475 ;
; input1[1]  ; sum[3]      ; 4.826 ; 5.007 ; 5.436 ; 5.602 ;
; input1[1]  ; sum[4]      ; 4.266 ; 4.310 ; 4.816 ; 4.875 ;
; input1[1]  ; sum[5]      ; 4.098 ; 4.136 ; 4.708 ; 4.731 ;
; input1[1]  ; sum[6]      ; 4.065 ; 4.117 ; 4.615 ; 4.682 ;
; input1[1]  ; sum[7]      ; 4.148 ; 4.183 ; 4.758 ; 4.778 ;
; input1[2]  ; carry_out   ; 4.528 ;       ;       ; 5.148 ;
; input1[2]  ; sum[2]      ; 3.808 ; 3.816 ; 4.383 ; 4.375 ;
; input1[2]  ; sum[3]      ; 4.871 ; 5.052 ; 5.470 ; 5.636 ;
; input1[2]  ; sum[4]      ; 4.311 ; 4.355 ; 4.850 ; 4.909 ;
; input1[2]  ; sum[5]      ; 4.143 ; 4.181 ; 4.742 ; 4.765 ;
; input1[2]  ; sum[6]      ; 4.110 ; 4.162 ; 4.649 ; 4.716 ;
; input1[2]  ; sum[7]      ; 4.193 ; 4.228 ; 4.792 ; 4.812 ;
; input1[3]  ; carry_out   ; 4.616 ;       ;       ; 5.276 ;
; input1[3]  ; sum[3]      ; 4.863 ; 5.038 ; 5.468 ; 5.625 ;
; input1[3]  ; sum[4]      ; 4.399 ; 4.443 ; 4.978 ; 5.037 ;
; input1[3]  ; sum[5]      ; 4.231 ; 4.269 ; 4.870 ; 4.893 ;
; input1[3]  ; sum[6]      ; 4.198 ; 4.250 ; 4.777 ; 4.844 ;
; input1[3]  ; sum[7]      ; 4.281 ; 4.316 ; 4.920 ; 4.940 ;
; input1[4]  ; carry_out   ; 4.431 ;       ;       ; 5.049 ;
; input1[4]  ; sum[4]      ; 4.069 ; 4.119 ; 4.642 ; 4.676 ;
; input1[4]  ; sum[5]      ; 4.046 ; 4.084 ; 4.643 ; 4.666 ;
; input1[4]  ; sum[6]      ; 4.013 ; 4.065 ; 4.550 ; 4.617 ;
; input1[4]  ; sum[7]      ; 4.096 ; 4.131 ; 4.693 ; 4.713 ;
; input1[5]  ; carry_out   ; 4.399 ;       ;       ; 5.027 ;
; input1[5]  ; sum[5]      ; 3.918 ; 3.950 ; 4.491 ; 4.505 ;
; input1[5]  ; sum[6]      ; 3.981 ; 4.033 ; 4.528 ; 4.595 ;
; input1[5]  ; sum[7]      ; 4.064 ; 4.099 ; 4.671 ; 4.691 ;
; input1[6]  ; carry_out   ; 4.359 ;       ;       ; 4.983 ;
; input1[6]  ; sum[6]      ; 3.796 ; 3.854 ; 4.375 ; 4.417 ;
; input1[6]  ; sum[7]      ; 4.024 ; 4.059 ; 4.627 ; 4.647 ;
; input1[7]  ; carry_out   ; 4.532 ;       ;       ; 5.210 ;
; input1[7]  ; sum[7]      ; 4.101 ; 4.130 ; 4.724 ; 4.735 ;
; input2[0]  ; carry_out   ; 4.569 ;       ;       ; 5.193 ;
; input2[0]  ; sum[0]      ; 3.929 ; 3.955 ; 4.508 ; 4.518 ;
; input2[0]  ; sum[1]      ; 4.026 ; 4.062 ; 4.629 ; 4.650 ;
; input2[0]  ; sum[2]      ; 3.994 ; 3.996 ; 4.537 ; 4.554 ;
; input2[0]  ; sum[3]      ; 4.912 ; 5.093 ; 5.515 ; 5.681 ;
; input2[0]  ; sum[4]      ; 4.352 ; 4.396 ; 4.895 ; 4.954 ;
; input2[0]  ; sum[5]      ; 4.184 ; 4.222 ; 4.787 ; 4.810 ;
; input2[0]  ; sum[6]      ; 4.151 ; 4.203 ; 4.694 ; 4.761 ;
; input2[0]  ; sum[7]      ; 4.234 ; 4.269 ; 4.837 ; 4.857 ;
; input2[1]  ; carry_out   ; 4.560 ;       ;       ; 5.207 ;
; input2[1]  ; sum[1]      ; 3.921 ; 3.951 ; 4.513 ; 4.525 ;
; input2[1]  ; sum[2]      ; 3.985 ; 3.987 ; 4.551 ; 4.568 ;
; input2[1]  ; sum[3]      ; 4.903 ; 5.084 ; 5.529 ; 5.695 ;
; input2[1]  ; sum[4]      ; 4.343 ; 4.387 ; 4.909 ; 4.968 ;
; input2[1]  ; sum[5]      ; 4.175 ; 4.213 ; 4.801 ; 4.824 ;
; input2[1]  ; sum[6]      ; 4.142 ; 4.194 ; 4.708 ; 4.775 ;
; input2[1]  ; sum[7]      ; 4.225 ; 4.260 ; 4.851 ; 4.871 ;
; input2[2]  ; carry_out   ; 4.914 ;       ;       ; 5.626 ;
; input2[2]  ; sum[2]      ; 4.194 ; 4.204 ; 4.851 ; 4.845 ;
; input2[2]  ; sum[3]      ; 5.257 ; 5.438 ; 5.948 ; 6.114 ;
; input2[2]  ; sum[4]      ; 4.697 ; 4.741 ; 5.328 ; 5.387 ;
; input2[2]  ; sum[5]      ; 4.529 ; 4.567 ; 5.220 ; 5.243 ;
; input2[2]  ; sum[6]      ; 4.496 ; 4.548 ; 5.127 ; 5.194 ;
; input2[2]  ; sum[7]      ; 4.579 ; 4.614 ; 5.270 ; 5.290 ;
; input2[3]  ; carry_out   ; 4.278 ;       ;       ; 4.887 ;
; input2[3]  ; sum[3]      ; 4.525 ; 4.700 ; 5.081 ; 5.237 ;
; input2[3]  ; sum[4]      ; 4.061 ; 4.105 ; 4.589 ; 4.648 ;
; input2[3]  ; sum[5]      ; 3.893 ; 3.931 ; 4.481 ; 4.504 ;
; input2[3]  ; sum[6]      ; 3.860 ; 3.912 ; 4.388 ; 4.455 ;
; input2[3]  ; sum[7]      ; 3.943 ; 3.978 ; 4.531 ; 4.551 ;
; input2[4]  ; carry_out   ; 4.448 ;       ;       ; 5.076 ;
; input2[4]  ; sum[4]      ; 4.086 ; 4.138 ; 4.659 ; 4.695 ;
; input2[4]  ; sum[5]      ; 4.063 ; 4.101 ; 4.670 ; 4.693 ;
; input2[4]  ; sum[6]      ; 4.030 ; 4.082 ; 4.577 ; 4.644 ;
; input2[4]  ; sum[7]      ; 4.113 ; 4.148 ; 4.720 ; 4.740 ;
; input2[5]  ; carry_out   ; 4.366 ;       ;       ; 4.992 ;
; input2[5]  ; sum[5]      ; 3.885 ; 3.917 ; 4.458 ; 4.471 ;
; input2[5]  ; sum[6]      ; 3.948 ; 4.000 ; 4.493 ; 4.560 ;
; input2[5]  ; sum[7]      ; 4.031 ; 4.066 ; 4.636 ; 4.656 ;
; input2[6]  ; carry_out   ; 4.581 ;       ;       ; 5.250 ;
; input2[6]  ; sum[6]      ; 4.018 ; 4.078 ; 4.632 ; 4.676 ;
; input2[6]  ; sum[7]      ; 4.246 ; 4.281 ; 4.894 ; 4.914 ;
; input2[7]  ; carry_out   ; 4.331 ;       ;       ; 4.960 ;
; input2[7]  ; sum[7]      ; 3.900 ; 3.929 ; 4.476 ; 4.486 ;
+------------+-------------+-------+-------+-------+-------+


+------------------------------------------------------------------------------------------------------------------------------------------------------------------------------------------------------------------------------------------------------------------------------------------------------------------------------------------------------------------------------------------------------------------+
; Board Trace Model Assignments                                                                                                                                                                                                                                                                                                                                                                                    ;
+---------------+--------------+-------------------+-------------------------+-------------------------+---------------+---------------------+----------------+------------------+--------+------------------+------------------------+------------------------+--------------+---------------+-----------------+-------+---------------------+--------------------+---------------+-----------------+-------------+
; Pin           ; I/O Standard ; Near Tline Length ; Near Tline L per Length ; Near Tline C per Length ; Near Series R ; Near Differential R ; Near Pull-up R ; Near Pull-down R ; Near C ; Far Tline Length ; Far Tline L per Length ; Far Tline C per Length ; Far Series R ; Far Pull-up R ; Far Pull-down R ; Far C ; Termination Voltage ; Far Differential R ; EBD File Name ; EBD Signal Name ; EBD Far-end ;
+---------------+--------------+-------------------+-------------------------+-------------------------+---------------+---------------------+----------------+------------------+--------+------------------+------------------------+------------------------+--------------+---------------+-----------------+-------+---------------------+--------------------+---------------+-----------------+-------------+
; sum[0]        ; 2.5 V        ; 0 in              ; 0 H/in                  ; 0 F/in                  ; short         ; -                   ; open           ; open             ; open   ; 0 in             ; 0 H/in                 ; 0 F/in                 ; short        ; open          ; open            ; open  ; 0 V                 ; -                  ; n/a           ; n/a             ; n/a         ;
; sum[1]        ; 2.5 V        ; 0 in              ; 0 H/in                  ; 0 F/in                  ; short         ; -                   ; open           ; open             ; open   ; 0 in             ; 0 H/in                 ; 0 F/in                 ; short        ; open          ; open            ; open  ; 0 V                 ; -                  ; n/a           ; n/a             ; n/a         ;
; sum[2]        ; 2.5 V        ; 0 in              ; 0 H/in                  ; 0 F/in                  ; short         ; -                   ; open           ; open             ; open   ; 0 in             ; 0 H/in                 ; 0 F/in                 ; short        ; open          ; open            ; open  ; 0 V                 ; -                  ; n/a           ; n/a             ; n/a         ;
; sum[3]        ; 2.5 V        ; 0 in              ; 0 H/in                  ; 0 F/in                  ; short         ; -                   ; open           ; open             ; open   ; 0 in             ; 0 H/in                 ; 0 F/in                 ; short        ; open          ; open            ; open  ; 0 V                 ; -                  ; n/a           ; n/a             ; n/a         ;
; sum[4]        ; 2.5 V        ; 0 in              ; 0 H/in                  ; 0 F/in                  ; short         ; -                   ; open           ; open             ; open   ; 0 in             ; 0 H/in                 ; 0 F/in                 ; short        ; open          ; open            ; open  ; 0 V                 ; -                  ; n/a           ; n/a             ; n/a         ;
; sum[5]        ; 2.5 V        ; 0 in              ; 0 H/in                  ; 0 F/in                  ; short         ; -                   ; open           ; open             ; open   ; 0 in             ; 0 H/in                 ; 0 F/in                 ; short        ; open          ; open            ; open  ; 0 V                 ; -                  ; n/a           ; n/a             ; n/a         ;
; sum[6]        ; 2.5 V        ; 0 in              ; 0 H/in                  ; 0 F/in                  ; short         ; -                   ; open           ; open             ; open   ; 0 in             ; 0 H/in                 ; 0 F/in                 ; short        ; open          ; open            ; open  ; 0 V                 ; -                  ; n/a           ; n/a             ; n/a         ;
; sum[7]        ; 2.5 V        ; 0 in              ; 0 H/in                  ; 0 F/in                  ; short         ; -                   ; open           ; open             ; open   ; 0 in             ; 0 H/in                 ; 0 F/in                 ; short        ; open          ; open            ; open  ; 0 V                 ; -                  ; n/a           ; n/a             ; n/a         ;
; carry_out     ; 2.5 V        ; 0 in              ; 0 H/in                  ; 0 F/in                  ; short         ; -                   ; open           ; open             ; open   ; 0 in             ; 0 H/in                 ; 0 F/in                 ; short        ; open          ; open            ; open  ; 0 V                 ; -                  ; n/a           ; n/a             ; n/a         ;
; ~ALTERA_DCLK~ ; 2.5 V        ; 0 in              ; 0 H/in                  ; 0 F/in                  ; short         ; -                   ; open           ; open             ; open   ; 0 in             ; 0 H/in                 ; 0 F/in                 ; short        ; open          ; open            ; open  ; 0 V                 ; -                  ; n/a           ; n/a             ; n/a         ;
; ~ALTERA_nCEO~ ; 2.5 V        ; 0 in              ; 0 H/in                  ; 0 F/in                  ; short         ; -                   ; open           ; open             ; open   ; 0 in             ; 0 H/in                 ; 0 F/in                 ; short        ; open          ; open            ; open  ; 0 V                 ; -                  ; n/a           ; n/a             ; n/a         ;
+---------------+--------------+-------------------+-------------------------+-------------------------+---------------+---------------------+----------------+------------------+--------+------------------+------------------------+------------------------+--------------+---------------+-----------------+-------+---------------------+--------------------+---------------+-----------------+-------------+


+----------------------------------------------------------------------------+
; Input Transition Times                                                     ;
+-------------------------+--------------+-----------------+-----------------+
; Pin                     ; I/O Standard ; 10-90 Rise Time ; 90-10 Fall Time ;
+-------------------------+--------------+-----------------+-----------------+
; input2[0]               ; 2.5 V        ; 2000 ps         ; 2000 ps         ;
; input1[0]               ; 2.5 V        ; 2000 ps         ; 2000 ps         ;
; carry_in                ; 2.5 V        ; 2000 ps         ; 2000 ps         ;
; input2[1]               ; 2.5 V        ; 2000 ps         ; 2000 ps         ;
; input1[1]               ; 2.5 V        ; 2000 ps         ; 2000 ps         ;
; input2[2]               ; 2.5 V        ; 2000 ps         ; 2000 ps         ;
; input1[2]               ; 2.5 V        ; 2000 ps         ; 2000 ps         ;
; input2[3]               ; 2.5 V        ; 2000 ps         ; 2000 ps         ;
; input1[3]               ; 2.5 V        ; 2000 ps         ; 2000 ps         ;
; input2[4]               ; 2.5 V        ; 2000 ps         ; 2000 ps         ;
; input1[4]               ; 2.5 V        ; 2000 ps         ; 2000 ps         ;
; input2[5]               ; 2.5 V        ; 2000 ps         ; 2000 ps         ;
; input1[5]               ; 2.5 V        ; 2000 ps         ; 2000 ps         ;
; input2[6]               ; 2.5 V        ; 2000 ps         ; 2000 ps         ;
; input1[6]               ; 2.5 V        ; 2000 ps         ; 2000 ps         ;
; input2[7]               ; 2.5 V        ; 2000 ps         ; 2000 ps         ;
; input1[7]               ; 2.5 V        ; 2000 ps         ; 2000 ps         ;
; ~ALTERA_ASDO_DATA1~     ; 2.5 V        ; 2000 ps         ; 2000 ps         ;
; ~ALTERA_FLASH_nCE_nCSO~ ; 2.5 V        ; 2000 ps         ; 2000 ps         ;
; ~ALTERA_DATA0~          ; 2.5 V        ; 2000 ps         ; 2000 ps         ;
+-------------------------+--------------+-----------------+-----------------+


+--------------------------------------------------------------------------------------------------------------------------------------------------------------------------------------------------------------------------------------------------------------------------------------------------------------------------------------------------------------------------------------------------------------------------------------------------------------------------------------------------------------------------------------------------------------------------------------------------------------------------------------------------------------------------------------------+
; Slow Corner Signal Integrity Metrics                                                                                                                                                                                                                                                                                                                                                                                                                                                                                                                                                                                                                                                       ;
+---------------+--------------+---------------------+---------------------+------------------------------+------------------------------+---------------------+---------------------+--------------------------------------+--------------------------------------+-----------------------------+-----------------------------+----------------------------+----------------------------+-----------------------------+-----------------------------+--------------------+--------------------+-------------------------------------+-------------------------------------+----------------------------+----------------------------+---------------------------+---------------------------+
; Pin           ; I/O Standard ; Board Delay on Rise ; Board Delay on Fall ; Steady State Voh at FPGA Pin ; Steady State Vol at FPGA Pin ; Voh Max at FPGA Pin ; Vol Min at FPGA Pin ; Ringback Voltage on Rise at FPGA Pin ; Ringback Voltage on Fall at FPGA Pin ; 10-90 Rise Time at FPGA Pin ; 90-10 Fall Time at FPGA Pin ; Monotonic Rise at FPGA Pin ; Monotonic Fall at FPGA Pin ; Steady State Voh at Far-end ; Steady State Vol at Far-end ; Voh Max at Far-end ; Vol Min at Far-end ; Ringback Voltage on Rise at Far-end ; Ringback Voltage on Fall at Far-end ; 10-90 Rise Time at Far-end ; 90-10 Fall Time at Far-end ; Monotonic Rise at Far-end ; Monotonic Fall at Far-end ;
+---------------+--------------+---------------------+---------------------+------------------------------+------------------------------+---------------------+---------------------+--------------------------------------+--------------------------------------+-----------------------------+-----------------------------+----------------------------+----------------------------+-----------------------------+-----------------------------+--------------------+--------------------+-------------------------------------+-------------------------------------+----------------------------+----------------------------+---------------------------+---------------------------+
; sum[0]        ; 2.5 V        ; 0 s                 ; 0 s                 ; 2.32 V                       ; 7.25e-07 V                   ; 2.35 V              ; -0.0111 V           ; 0.113 V                              ; 0.035 V                              ; 7.76e-10 s                  ; 8.04e-10 s                  ; Yes                        ; Yes                        ; 2.32 V                      ; 7.25e-07 V                  ; 2.35 V             ; -0.0111 V          ; 0.113 V                             ; 0.035 V                             ; 7.76e-10 s                 ; 8.04e-10 s                 ; Yes                       ; Yes                       ;
; sum[1]        ; 2.5 V        ; 0 s                 ; 0 s                 ; 2.32 V                       ; 7.25e-07 V                   ; 2.35 V              ; -0.0111 V           ; 0.113 V                              ; 0.035 V                              ; 7.76e-10 s                  ; 8.04e-10 s                  ; Yes                        ; Yes                        ; 2.32 V                      ; 7.25e-07 V                  ; 2.35 V             ; -0.0111 V          ; 0.113 V                             ; 0.035 V                             ; 7.76e-10 s                 ; 8.04e-10 s                 ; Yes                       ; Yes                       ;
; sum[2]        ; 2.5 V        ; 0 s                 ; 0 s                 ; 2.32 V                       ; 7.25e-07 V                   ; 2.35 V              ; -0.0111 V           ; 0.113 V                              ; 0.035 V                              ; 7.76e-10 s                  ; 8.04e-10 s                  ; Yes                        ; Yes                        ; 2.32 V                      ; 7.25e-07 V                  ; 2.35 V             ; -0.0111 V          ; 0.113 V                             ; 0.035 V                             ; 7.76e-10 s                 ; 8.04e-10 s                 ; Yes                       ; Yes                       ;
; sum[3]        ; 2.5 V        ; 0 s                 ; 0 s                 ; 2.32 V                       ; 7.25e-07 V                   ; 2.33 V              ; -0.00317 V          ; 0.162 V                              ; 0.063 V                              ; 3.54e-09 s                  ; 3.41e-09 s                  ; Yes                        ; Yes                        ; 2.32 V                      ; 7.25e-07 V                  ; 2.33 V             ; -0.00317 V         ; 0.162 V                             ; 0.063 V                             ; 3.54e-09 s                 ; 3.41e-09 s                 ; Yes                       ; Yes                       ;
; sum[4]        ; 2.5 V        ; 0 s                 ; 0 s                 ; 2.32 V                       ; 7.25e-07 V                   ; 2.35 V              ; -0.0111 V           ; 0.113 V                              ; 0.035 V                              ; 7.76e-10 s                  ; 8.04e-10 s                  ; Yes                        ; Yes                        ; 2.32 V                      ; 7.25e-07 V                  ; 2.35 V             ; -0.0111 V          ; 0.113 V                             ; 0.035 V                             ; 7.76e-10 s                 ; 8.04e-10 s                 ; Yes                       ; Yes                       ;
; sum[5]        ; 2.5 V        ; 0 s                 ; 0 s                 ; 2.32 V                       ; 7.25e-07 V                   ; 2.35 V              ; -0.0111 V           ; 0.113 V                              ; 0.035 V                              ; 7.76e-10 s                  ; 8.04e-10 s                  ; Yes                        ; Yes                        ; 2.32 V                      ; 7.25e-07 V                  ; 2.35 V             ; -0.0111 V          ; 0.113 V                             ; 0.035 V                             ; 7.76e-10 s                 ; 8.04e-10 s                 ; Yes                       ; Yes                       ;
; sum[6]        ; 2.5 V        ; 0 s                 ; 0 s                 ; 2.32 V                       ; 7.25e-07 V                   ; 2.36 V              ; -0.00946 V          ; 0.111 V                              ; 0.027 V                              ; 6.46e-10 s                  ; 6.2e-10 s                   ; Yes                        ; Yes                        ; 2.32 V                      ; 7.25e-07 V                  ; 2.36 V             ; -0.00946 V         ; 0.111 V                             ; 0.027 V                             ; 6.46e-10 s                 ; 6.2e-10 s                  ; Yes                       ; Yes                       ;
; sum[7]        ; 2.5 V        ; 0 s                 ; 0 s                 ; 2.32 V                       ; 7.25e-07 V                   ; 2.35 V              ; -0.0111 V           ; 0.113 V                              ; 0.035 V                              ; 7.76e-10 s                  ; 8.04e-10 s                  ; Yes                        ; Yes                        ; 2.32 V                      ; 7.25e-07 V                  ; 2.35 V             ; -0.0111 V          ; 0.113 V                             ; 0.035 V                             ; 7.76e-10 s                 ; 8.04e-10 s                 ; Yes                       ; Yes                       ;
; carry_out     ; 2.5 V        ; 0 s                 ; 0 s                 ; 2.32 V                       ; 1.08e-06 V                   ; 2.36 V              ; -0.0113 V           ; 0.122 V                              ; 0.022 V                              ; 4.5e-10 s                   ; 4.45e-10 s                  ; Yes                        ; Yes                        ; 2.32 V                      ; 1.08e-06 V                  ; 2.36 V             ; -0.0113 V          ; 0.122 V                             ; 0.022 V                             ; 4.5e-10 s                  ; 4.45e-10 s                 ; Yes                       ; Yes                       ;
; ~ALTERA_DCLK~ ; 2.5 V        ; 0 s                 ; 0 s                 ; 2.32 V                       ; 5.68e-07 V                   ; 2.35 V              ; -0.0132 V           ; 0.2 V                                ; 0.027 V                              ; 5.26e-10 s                  ; 4.81e-10 s                  ; Yes                        ; Yes                        ; 2.32 V                      ; 5.68e-07 V                  ; 2.35 V             ; -0.0132 V          ; 0.2 V                               ; 0.027 V                             ; 5.26e-10 s                 ; 4.81e-10 s                 ; Yes                       ; Yes                       ;
; ~ALTERA_nCEO~ ; 2.5 V        ; 0 s                 ; 0 s                 ; 2.32 V                       ; 9.36e-07 V                   ; 2.35 V              ; -0.00444 V          ; 0.18 V                               ; 0.019 V                              ; 7.23e-10 s                  ; 9.82e-10 s                  ; Yes                        ; Yes                        ; 2.32 V                      ; 9.36e-07 V                  ; 2.35 V             ; -0.00444 V         ; 0.18 V                              ; 0.019 V                             ; 7.23e-10 s                 ; 9.82e-10 s                 ; Yes                       ; Yes                       ;
+---------------+--------------+---------------------+---------------------+------------------------------+------------------------------+---------------------+---------------------+--------------------------------------+--------------------------------------+-----------------------------+-----------------------------+----------------------------+----------------------------+-----------------------------+-----------------------------+--------------------+--------------------+-------------------------------------+-------------------------------------+----------------------------+----------------------------+---------------------------+---------------------------+


+--------------------------------------------------------------------------------------------------------------------------------------------------------------------------------------------------------------------------------------------------------------------------------------------------------------------------------------------------------------------------------------------------------------------------------------------------------------------------------------------------------------------------------------------------------------------------------------------------------------------------------------------------------------------------------------------+
; Fast Corner Signal Integrity Metrics                                                                                                                                                                                                                                                                                                                                                                                                                                                                                                                                                                                                                                                       ;
+---------------+--------------+---------------------+---------------------+------------------------------+------------------------------+---------------------+---------------------+--------------------------------------+--------------------------------------+-----------------------------+-----------------------------+----------------------------+----------------------------+-----------------------------+-----------------------------+--------------------+--------------------+-------------------------------------+-------------------------------------+----------------------------+----------------------------+---------------------------+---------------------------+
; Pin           ; I/O Standard ; Board Delay on Rise ; Board Delay on Fall ; Steady State Voh at FPGA Pin ; Steady State Vol at FPGA Pin ; Voh Max at FPGA Pin ; Vol Min at FPGA Pin ; Ringback Voltage on Rise at FPGA Pin ; Ringback Voltage on Fall at FPGA Pin ; 10-90 Rise Time at FPGA Pin ; 90-10 Fall Time at FPGA Pin ; Monotonic Rise at FPGA Pin ; Monotonic Fall at FPGA Pin ; Steady State Voh at Far-end ; Steady State Vol at Far-end ; Voh Max at Far-end ; Vol Min at Far-end ; Ringback Voltage on Rise at Far-end ; Ringback Voltage on Fall at Far-end ; 10-90 Rise Time at Far-end ; 90-10 Fall Time at Far-end ; Monotonic Rise at Far-end ; Monotonic Fall at Far-end ;
+---------------+--------------+---------------------+---------------------+------------------------------+------------------------------+---------------------+---------------------+--------------------------------------+--------------------------------------+-----------------------------+-----------------------------+----------------------------+----------------------------+-----------------------------+-----------------------------+--------------------+--------------------+-------------------------------------+-------------------------------------+----------------------------+----------------------------+---------------------------+---------------------------+
; sum[0]        ; 2.5 V        ; 0 s                 ; 0 s                 ; 2.62 V                       ; 2.78e-08 V                   ; 2.71 V              ; -0.0349 V           ; 0.253 V                              ; 0.069 V                              ; 4.96e-10 s                  ; 5.19e-10 s                  ; No                         ; Yes                        ; 2.62 V                      ; 2.78e-08 V                  ; 2.71 V             ; -0.0349 V          ; 0.253 V                             ; 0.069 V                             ; 4.96e-10 s                 ; 5.19e-10 s                 ; No                        ; Yes                       ;
; sum[1]        ; 2.5 V        ; 0 s                 ; 0 s                 ; 2.62 V                       ; 2.78e-08 V                   ; 2.71 V              ; -0.0349 V           ; 0.253 V                              ; 0.069 V                              ; 4.96e-10 s                  ; 5.19e-10 s                  ; No                         ; Yes                        ; 2.62 V                      ; 2.78e-08 V                  ; 2.71 V             ; -0.0349 V          ; 0.253 V                             ; 0.069 V                             ; 4.96e-10 s                 ; 5.19e-10 s                 ; No                        ; Yes                       ;
; sum[2]        ; 2.5 V        ; 0 s                 ; 0 s                 ; 2.62 V                       ; 2.78e-08 V                   ; 2.71 V              ; -0.0349 V           ; 0.253 V                              ; 0.069 V                              ; 4.96e-10 s                  ; 5.19e-10 s                  ; No                         ; Yes                        ; 2.62 V                      ; 2.78e-08 V                  ; 2.71 V             ; -0.0349 V          ; 0.253 V                             ; 0.069 V                             ; 4.96e-10 s                 ; 5.19e-10 s                 ; No                        ; Yes                       ;
; sum[3]        ; 2.5 V        ; 0 s                 ; 0 s                 ; 2.62 V                       ; 2.78e-08 V                   ; 2.64 V              ; -0.0109 V           ; 0.244 V                              ; 0.16 V                               ; 2.42e-09 s                  ; 2.37e-09 s                  ; No                         ; Yes                        ; 2.62 V                      ; 2.78e-08 V                  ; 2.64 V             ; -0.0109 V          ; 0.244 V                             ; 0.16 V                              ; 2.42e-09 s                 ; 2.37e-09 s                 ; No                        ; Yes                       ;
; sum[4]        ; 2.5 V        ; 0 s                 ; 0 s                 ; 2.62 V                       ; 2.78e-08 V                   ; 2.71 V              ; -0.0349 V           ; 0.253 V                              ; 0.069 V                              ; 4.96e-10 s                  ; 5.19e-10 s                  ; No                         ; Yes                        ; 2.62 V                      ; 2.78e-08 V                  ; 2.71 V             ; -0.0349 V          ; 0.253 V                             ; 0.069 V                             ; 4.96e-10 s                 ; 5.19e-10 s                 ; No                        ; Yes                       ;
; sum[5]        ; 2.5 V        ; 0 s                 ; 0 s                 ; 2.62 V                       ; 2.78e-08 V                   ; 2.71 V              ; -0.0349 V           ; 0.253 V                              ; 0.069 V                              ; 4.96e-10 s                  ; 5.19e-10 s                  ; No                         ; Yes                        ; 2.62 V                      ; 2.78e-08 V                  ; 2.71 V             ; -0.0349 V          ; 0.253 V                             ; 0.069 V                             ; 4.96e-10 s                 ; 5.19e-10 s                 ; No                        ; Yes                       ;
; sum[6]        ; 2.5 V        ; 0 s                 ; 0 s                 ; 2.62 V                       ; 2.78e-08 V                   ; 2.72 V              ; -0.0408 V           ; 0.163 V                              ; 0.075 V                              ; 4.51e-10 s                  ; 4.33e-10 s                  ; No                         ; Yes                        ; 2.62 V                      ; 2.78e-08 V                  ; 2.72 V             ; -0.0408 V          ; 0.163 V                             ; 0.075 V                             ; 4.51e-10 s                 ; 4.33e-10 s                 ; No                        ; Yes                       ;
; sum[7]        ; 2.5 V        ; 0 s                 ; 0 s                 ; 2.62 V                       ; 2.78e-08 V                   ; 2.71 V              ; -0.0349 V           ; 0.253 V                              ; 0.069 V                              ; 4.96e-10 s                  ; 5.19e-10 s                  ; No                         ; Yes                        ; 2.62 V                      ; 2.78e-08 V                  ; 2.71 V             ; -0.0349 V          ; 0.253 V                             ; 0.069 V                             ; 4.96e-10 s                 ; 5.19e-10 s                 ; No                        ; Yes                       ;
; carry_out     ; 2.5 V        ; 0 s                 ; 0 s                 ; 2.62 V                       ; 4.11e-08 V                   ; 2.73 V              ; -0.0566 V           ; 0.191 V                              ; 0.12 V                               ; 2.69e-10 s                  ; 2.76e-10 s                  ; Yes                        ; Yes                        ; 2.62 V                      ; 4.11e-08 V                  ; 2.73 V             ; -0.0566 V          ; 0.191 V                             ; 0.12 V                              ; 2.69e-10 s                 ; 2.76e-10 s                 ; Yes                       ; Yes                       ;
; ~ALTERA_DCLK~ ; 2.5 V        ; 0 s                 ; 0 s                 ; 2.62 V                       ; 2.22e-08 V                   ; 2.72 V              ; -0.0747 V           ; 0.28 V                               ; 0.169 V                              ; 3.1e-10 s                   ; 3.01e-10 s                  ; No                         ; Yes                        ; 2.62 V                      ; 2.22e-08 V                  ; 2.72 V             ; -0.0747 V          ; 0.28 V                              ; 0.169 V                             ; 3.1e-10 s                  ; 3.01e-10 s                 ; No                        ; Yes                       ;
; ~ALTERA_nCEO~ ; 2.5 V        ; 0 s                 ; 0 s                 ; 2.62 V                       ; 3.53e-08 V                   ; 2.7 V               ; -0.0212 V           ; 0.204 V                              ; 0.049 V                              ; 4.85e-10 s                  ; 6.73e-10 s                  ; No                         ; Yes                        ; 2.62 V                      ; 3.53e-08 V                  ; 2.7 V              ; -0.0212 V          ; 0.204 V                             ; 0.049 V                             ; 4.85e-10 s                 ; 6.73e-10 s                 ; No                        ; Yes                       ;
+---------------+--------------+---------------------+---------------------+------------------------------+------------------------------+---------------------+---------------------+--------------------------------------+--------------------------------------+-----------------------------+-----------------------------+----------------------------+----------------------------+-----------------------------+-----------------------------+--------------------+--------------------+-------------------------------------+-------------------------------------+----------------------------+----------------------------+---------------------------+---------------------------+


-------------------
; Clock Transfers ;
-------------------
Nothing to report.


---------------
; Report TCCS ;
---------------
No dedicated SERDES Transmitter circuitry present in device or used in design


---------------
; Report RSKM ;
---------------
No non-DPA dedicated SERDES Receiver circuitry present in device or used in design


+------------------------------------------------+
; Unconstrained Paths                            ;
+---------------------------------+-------+------+
; Property                        ; Setup ; Hold ;
+---------------------------------+-------+------+
; Illegal Clocks                  ; 0     ; 0    ;
; Unconstrained Clocks            ; 0     ; 0    ;
; Unconstrained Input Ports       ; 17    ; 17   ;
; Unconstrained Input Port Paths  ; 97    ; 97   ;
; Unconstrained Output Ports      ; 9     ; 9    ;
; Unconstrained Output Port Paths ; 97    ; 97   ;
+---------------------------------+-------+------+


+------------------------------------+
; TimeQuest Timing Analyzer Messages ;
+------------------------------------+
Info: *******************************************************************
Info: Running Quartus II 64-Bit TimeQuest Timing Analyzer
    Info: Version 13.1.0 Build 162 10/23/2013 SJ Web Edition
    Info: Processing started: Mon Sep 29 01:25:27 2014
Info: Command: quartus_sta adder8numeric -c adder8numeric
Info: qsta_default_script.tcl version: #1
Warning (20028): Parallel compilation is not licensed and has been disabled
Info (21077): Core supply voltage is 1.2V
Info (21077): Low junction temperature is 0 degrees C
Info (21077): High junction temperature is 85 degrees C
Critical Warning (332012): Synopsys Design Constraints File file not found: 'adder8numeric.sdc'. A Synopsys Design Constraints File is required by the TimeQuest Timing Analyzer to get proper timing constraints. Without it, the Compiler will not properly optimize the design.
Info (332142): No user constrained base clocks found in the design. Calling "derive_clocks -period 1.0"
Info (332096): The command derive_clocks did not find any clocks to derive.  No clocks were created or changed.
Warning (332068): No clocks defined in design.
Info (332143): No user constrained clock uncertainty found in the design. Calling "derive_clock_uncertainty"
Info (332154): The derive_clock_uncertainty command did not apply clock uncertainty to any clock-to-clock transfers.
Info: Found TIMEQUEST_REPORT_SCRIPT_INCLUDE_DEFAULT_ANALYSIS = ON
Info (332159): No clocks to report
Info: Analyzing Slow 1200mV 85C Model
Info (332140): No fmax paths to report
Info (332140): No Setup paths to report
Info (332140): No Hold paths to report
Info (332140): No Recovery paths to report
Info (332140): No Removal paths to report
Info (332140): No Minimum Pulse Width paths to report
Info: Analyzing Slow 1200mV 0C Model
Info (334003): Started post-fitting delay annotation
Info (334004): Delay annotation completed successfully
Info (332142): No user constrained base clocks found in the design. Calling "derive_clocks -period 1.0"
Info (332096): The command derive_clocks did not find any clocks to derive.  No clocks were created or changed.
Warning (332068): No clocks defined in design.
Info (332154): The derive_clock_uncertainty command did not apply clock uncertainty to any clock-to-clock transfers.
Info (332140): No fmax paths to report
Info (332140): No Setup paths to report
Info (332140): No Hold paths to report
Info (332140): No Recovery paths to report
Info (332140): No Removal paths to report
Info (332140): No Minimum Pulse Width paths to report
Info: Analyzing Fast 1200mV 0C Model
Info (332142): No user constrained base clocks found in the design. Calling "derive_clocks -period 1.0"
Info (332096): The command derive_clocks did not find any clocks to derive.  No clocks were created or changed.
Warning (332068): No clocks defined in design.
Info (332154): The derive_clock_uncertainty command did not apply clock uncertainty to any clock-to-clock transfers.
Info (332140): No Setup paths to report
Info (332140): No Hold paths to report
Info (332140): No Recovery paths to report
Info (332140): No Removal paths to report
Info (332140): No Minimum Pulse Width paths to report
Info (332102): Design is not fully constrained for setup requirements
Info (332102): Design is not fully constrained for hold requirements
Info: Quartus II 64-Bit TimeQuest Timing Analyzer was successful. 0 errors, 5 warnings
    Info: Peak virtual memory: 473 megabytes
    Info: Processing ended: Mon Sep 29 01:25:29 2014
    Info: Elapsed time: 00:00:02
    Info: Total CPU time (on all processors): 00:00:02


